2025-05-23 05:09:39.649  INFO [traceId=, spanId=] 1 --- [main] i.f.s.o.OrderServiceApplication          : Starting OrderServiceApplication v0.0.1-SNAPSHOT using Java 17.0.15 with PID 1 (/app/OrderService.jar started by root in /app)
2025-05-23 05:09:39.863 DEBUG [traceId=, spanId=] 1 --- [main] i.f.s.o.OrderServiceApplication          : Running with Spring Boot v3.4.3, Spring v6.2.3
2025-05-23 05:09:39.885  INFO [traceId=, spanId=] 1 --- [main] i.f.s.o.OrderServiceApplication          : No active profile set, falling back to 1 default profile: "default"
2025-05-23 05:09:40.732  INFO [traceId=, spanId=] 1 --- [main] o.s.c.c.c.ConfigServerConfigDataLoader   : Fetching config from server at : http://configserver:8888
2025-05-23 05:09:40.737  INFO [traceId=, spanId=] 1 --- [main] o.s.c.c.c.ConfigServerConfigDataLoader   : Located environment: name=application, profiles=[default], label=null, version=1acc8d8659fd96ed52844c8881c260bdb5135241, state=
2025-05-23 05:09:40.747  INFO [traceId=, spanId=] 1 --- [main] o.s.c.c.c.ConfigServerConfigDataLoader   : Fetching config from server at : http://configserver:8888
2025-05-23 05:09:40.751  INFO [traceId=, spanId=] 1 --- [main] o.s.c.c.c.ConfigServerConfigDataLoader   : Located environment: name=OrderService, profiles=[default], label=null, version=1acc8d8659fd96ed52844c8881c260bdb5135241, state=
2025-05-23 05:10:01.580  INFO [traceId=, spanId=] 1 --- [main] .s.d.r.c.RepositoryConfigurationDelegate : Multiple Spring Data modules found, entering strict repository configuration mode
2025-05-23 05:10:01.606  INFO [traceId=, spanId=] 1 --- [main] .s.d.r.c.RepositoryConfigurationDelegate : Bootstrapping Spring Data JPA repositories in DEFAULT mode.
2025-05-23 05:10:03.064  INFO [traceId=, spanId=] 1 --- [main] .s.d.r.c.RepositoryConfigurationDelegate : Finished Spring Data repository scanning in 1339 ms. Found 2 JPA repository interfaces.
2025-05-23 05:10:03.213  INFO [traceId=, spanId=] 1 --- [main] .s.d.r.c.RepositoryConfigurationDelegate : Multiple Spring Data modules found, entering strict repository configuration mode
2025-05-23 05:10:03.231  INFO [traceId=, spanId=] 1 --- [main] .s.d.r.c.RepositoryConfigurationDelegate : Bootstrapping Spring Data Redis repositories in DEFAULT mode.
2025-05-23 05:10:03.346  INFO [traceId=, spanId=] 1 --- [main] .RepositoryConfigurationExtensionSupport : Spring Data Redis - Could not safely identify store assignment for repository candidate interface iuh.fit.se.orderservice.repository.OrderDetailRepository; If you want this repository to be a Redis repository, consider annotating your entities with one of these annotations: org.springframework.data.redis.core.RedisHash (preferred), or consider extending one of the following types with your repository: org.springframework.data.keyvalue.repository.KeyValueRepository
2025-05-23 05:10:03.351  INFO [traceId=, spanId=] 1 --- [main] .RepositoryConfigurationExtensionSupport : Spring Data Redis - Could not safely identify store assignment for repository candidate interface iuh.fit.se.orderservice.repository.OrderRepository; If you want this repository to be a Redis repository, consider annotating your entities with one of these annotations: org.springframework.data.redis.core.RedisHash (preferred), or consider extending one of the following types with your repository: org.springframework.data.keyvalue.repository.KeyValueRepository
2025-05-23 05:10:03.355  INFO [traceId=, spanId=] 1 --- [main] .s.d.r.c.RepositoryConfigurationDelegate : Finished Spring Data repository scanning in 54 ms. Found 0 Redis repository interfaces.
2025-05-23 05:10:07.928  INFO [traceId=, spanId=] 1 --- [main] o.s.cloud.context.scope.GenericScope     : BeanFactory id=f9b4fb59-e3a5-3945-a671-7885d95e7545
2025-05-23 05:10:17.149  INFO [traceId=, spanId=] 1 --- [main] o.s.b.w.embedded.tomcat.TomcatWebServer  : Tomcat initialized with port 9003 (http)
2025-05-23 05:10:17.271  INFO [traceId=, spanId=] 1 --- [main] o.apache.catalina.core.StandardService   : Starting service [Tomcat]
2025-05-23 05:10:17.287  INFO [traceId=, spanId=] 1 --- [main] o.apache.catalina.core.StandardEngine    : Starting Servlet engine: [Apache Tomcat/10.1.36]
2025-05-23 05:10:17.526  INFO [traceId=, spanId=] 1 --- [main] o.a.c.c.C.[Tomcat].[localhost].[/]       : Initializing Spring embedded WebApplicationContext
2025-05-23 05:10:17.551  INFO [traceId=, spanId=] 1 --- [main] w.s.c.ServletWebServerApplicationContext : Root WebApplicationContext: initialization completed in 36780 ms
2025-05-23 05:10:23.484  INFO [traceId=, spanId=] 1 --- [main] o.hibernate.jpa.internal.util.LogHelper  : HHH000204: Processing PersistenceUnitInfo [name: default]
2025-05-23 05:10:24.099  INFO [traceId=, spanId=] 1 --- [main] org.hibernate.Version                    : HHH000412: Hibernate ORM core version 6.6.8.Final
2025-05-23 05:10:24.322  INFO [traceId=, spanId=] 1 --- [main] o.h.c.internal.RegionFactoryInitiator    : HHH000026: Second-level cache disabled
2025-05-23 05:10:25.415  INFO [traceId=, spanId=] 1 --- [main] o.s.o.j.p.SpringPersistenceUnitInfo      : No LoadTimeWeaver setup: ignoring JPA class transformer
2025-05-23 05:10:25.522  INFO [traceId=, spanId=] 1 --- [main] com.zaxxer.hikari.HikariDataSource       : HikariPool-1 - Starting...
2025-05-23 05:10:26.010  INFO [traceId=, spanId=] 1 --- [main] com.zaxxer.hikari.pool.HikariPool        : HikariPool-1 - Added connection ConnectionID:1 ClientConnectionId: 796a446e-477b-4436-a384-ae39cbe06092
2025-05-23 05:10:26.019  INFO [traceId=, spanId=] 1 --- [main] com.zaxxer.hikari.HikariDataSource       : HikariPool-1 - Start completed.
2025-05-23 05:10:26.277  WARN [traceId=, spanId=] 1 --- [main] org.hibernate.orm.deprecation            : HHH90000025: SQLServerDialect does not need to be specified explicitly using 'hibernate.dialect' (remove the property setting and it will be selected by default)
2025-05-23 05:10:26.387  INFO [traceId=, spanId=] 1 --- [main] org.hibernate.orm.connections.pooling    : HHH10001005: Database info:
	Database JDBC URL [Connecting through datasource 'HikariDataSource (HikariPool-1)']
	Database driver: undefined/unknown
	Database version: 16.0
	Autocommit mode: undefined/unknown
	Isolation level: undefined/unknown
	Minimum pool size: undefined/unknown
	Maximum pool size: undefined/unknown
2025-05-23 05:10:29.878  INFO [traceId=, spanId=] 1 --- [main] o.h.e.t.j.p.i.JtaPlatformInitiator       : HHH000489: No JTA platform available (set 'hibernate.transaction.jta.platform' to enable JTA platform integration)
2025-05-23 05:10:30.964  INFO [traceId=, spanId=] 1 --- [main] j.LocalContainerEntityManagerFactoryBean : Initialized JPA EntityManagerFactory for persistence unit 'default'
2025-05-23 05:10:34.840  WARN [traceId=, spanId=] 1 --- [main] JpaBaseConfiguration$JpaWebConfiguration : spring.jpa.open-in-view is enabled by default. Therefore, database queries may be performed during view rendering. Explicitly configure spring.jpa.open-in-view to disable this warning
2025-05-23 05:10:36.357  INFO [traceId=, spanId=] 1 --- [main] o.s.c.openfeign.FeignClientFactoryBean   : For 'InventoryService' URL not provided. Will try picking an instance via load-balancing.
2025-05-23 05:10:38.795  INFO [traceId=, spanId=] 1 --- [main] o.s.c.openfeign.FeignClientFactoryBean   : For 'UserService' URL not provided. Will try picking an instance via load-balancing.
2025-05-23 05:10:57.157  INFO [traceId=, spanId=] 1 --- [main] c.r.stream.impl.StreamEnvironment        : Connecting to localhost with guest user, assuming development environment
2025-05-23 05:10:57.184  INFO [traceId=, spanId=] 1 --- [main] c.r.stream.impl.StreamEnvironment        : Using address resolver to always connect to localhost
2025-05-23 05:11:02.785  INFO [traceId=, spanId=] 1 --- [main] DiscoveryClientOptionalArgsConfiguration : Eureka HTTP Client uses RestTemplate.
2025-05-23 05:11:03.248  WARN [traceId=, spanId=] 1 --- [main] iguration$LoadBalancerCaffeineWarnLogger : Spring Cloud LoadBalancer is currently working with the default cache. While this cache implementation is useful for development and tests, it's recommended to use Caffeine cache in production.You can switch to using Caffeine cache, by adding it and org.springframework.cache.caffeine.CaffeineCacheManager to the classpath.
2025-05-23 05:11:03.366  INFO [traceId=, spanId=] 1 --- [main] o.s.b.a.e.web.EndpointLinksResolver      : Exposing 2 endpoints beneath base path '/actuator'
2025-05-23 05:11:03.784  INFO [traceId=, spanId=] 1 --- [main] o.s.c.n.eureka.InstanceInfoFactory       : Setting initial instance status as: STARTING
2025-05-23 05:11:03.865  INFO [traceId=, spanId=] 1 --- [main] com.netflix.discovery.DiscoveryClient    : Initializing Eureka in region us-east-1
2025-05-23 05:11:03.879  INFO [traceId=, spanId=] 1 --- [main] c.n.d.s.r.aws.ConfigClusterResolver      : Resolving eureka endpoints via configuration
2025-05-23 05:11:03.909  INFO [traceId=, spanId=] 1 --- [main] com.netflix.discovery.DiscoveryClient    : Disable delta property : false
2025-05-23 05:11:03.911  INFO [traceId=, spanId=] 1 --- [main] com.netflix.discovery.DiscoveryClient    : Single vip registry refresh property : null
2025-05-23 05:11:03.913  INFO [traceId=, spanId=] 1 --- [main] com.netflix.discovery.DiscoveryClient    : Force full registry fetch : false
2025-05-23 05:11:03.915  INFO [traceId=, spanId=] 1 --- [main] com.netflix.discovery.DiscoveryClient    : Application is null : false
2025-05-23 05:11:03.917  INFO [traceId=, spanId=] 1 --- [main] com.netflix.discovery.DiscoveryClient    : Registered Applications size is zero : true
2025-05-23 05:11:03.919  INFO [traceId=, spanId=] 1 --- [main] com.netflix.discovery.DiscoveryClient    : Application version is -1: true
2025-05-23 05:11:03.921  INFO [traceId=, spanId=] 1 --- [main] com.netflix.discovery.DiscoveryClient    : Getting all instance registry info from the eureka server
2025-05-23 05:11:04.481  INFO [traceId=, spanId=] 1 --- [main] com.netflix.discovery.DiscoveryClient    : The response status is 200
2025-05-23 05:11:04.487  INFO [traceId=, spanId=] 1 --- [main] com.netflix.discovery.DiscoveryClient    : Starting heartbeat executor: renew interval is: 30
2025-05-23 05:11:04.496  INFO [traceId=, spanId=] 1 --- [main] c.n.discovery.InstanceInfoReplicator     : InstanceInfoReplicator onDemand update allowed rate per min is 4
2025-05-23 05:11:04.502  INFO [traceId=, spanId=] 1 --- [main] com.netflix.discovery.DiscoveryClient    : Discovery Client initialized at timestamp 1747977064501 with initial instances count: 4
2025-05-23 05:11:04.525  INFO [traceId=, spanId=] 1 --- [main] o.s.c.n.e.s.EurekaServiceRegistry        : Registering application ORDERSERVICE with eureka with status UP
2025-05-23 05:11:04.530  INFO [traceId=, spanId=] 1 --- [main] com.netflix.discovery.DiscoveryClient    : Saw local status change event StatusChangeEvent [timestamp=1747977064529, current=UP, previous=STARTING]
2025-05-23 05:11:04.538  INFO [traceId=, spanId=] 1 --- [DiscoveryClient-InstanceInfoReplicator-%d] com.netflix.discovery.DiscoveryClient    : DiscoveryClient_ORDERSERVICE/c47d4ed57af1:OrderService:9003: registering service...
2025-05-23 05:11:04.619  INFO [traceId=, spanId=] 1 --- [main] o.s.b.w.embedded.tomcat.TomcatWebServer  : Tomcat started on port 9003 (http) with context path '/'
2025-05-23 05:11:04.624  INFO [traceId=, spanId=] 1 --- [main] .s.c.n.e.s.EurekaAutoServiceRegistration : Updating port to 9003
2025-05-23 05:11:04.642  INFO [traceId=, spanId=] 1 --- [main] o.s.a.r.c.CachingConnectionFactory       : Attempting to connect to: [rabbitmq:5672]
2025-05-23 05:11:04.716  INFO [traceId=, spanId=] 1 --- [DiscoveryClient-InstanceInfoReplicator-%d] com.netflix.discovery.DiscoveryClient    : DiscoveryClient_ORDERSERVICE/c47d4ed57af1:OrderService:9003 - registration status: 204
2025-05-23 05:11:04.900  INFO [traceId=, spanId=] 1 --- [main] o.s.a.r.c.CachingConnectionFactory       : Created new connection: rabbitConnectionFactory#404ea1e4:0/SimpleConnection@128d0580 [delegate=amqp://guest@172.19.0.5:5672/, localPort=47528]
2025-05-23 05:11:05.186  INFO [traceId=, spanId=] 1 --- [main] i.f.s.o.OrderServiceApplication          : Started OrderServiceApplication in 105.969 seconds (process running for 110.826)
2025-05-23 05:11:05.506  WARN [traceId=, spanId=] 1 --- [AsyncReporter{ZipkinRestTemplateSender{http://localhost:9411/api/v2/spans}}] z.r.i.AsyncReporter$BoundedAsyncReporter : Spans were dropped due to exceptions. All subsequent errors will be logged at FINE level.
2025-05-23 05:11:05.512  WARN [traceId=, spanId=] 1 --- [AsyncReporter{ZipkinRestTemplateSender{http://localhost:9411/api/v2/spans}}] z.r.i.AsyncReporter$BoundedAsyncReporter : Dropped 2 spans due to ResourceAccessException(I/O error on POST request for "http://localhost:9411/api/v2/spans": Connect to http://localhost:9411 [localhost/127.0.0.1, localhost/0:0:0:0:0:0:0:1] failed: Connection refused)

org.springframework.web.client.ResourceAccessException: I/O error on POST request for "http://localhost:9411/api/v2/spans": Connect to http://localhost:9411 [localhost/127.0.0.1, localhost/0:0:0:0:0:0:0:1] failed: Connection refused
	at org.springframework.web.client.RestTemplate.createResourceAccessException(RestTemplate.java:925)
	at org.springframework.web.client.RestTemplate.doExecute(RestTemplate.java:905)
	at org.springframework.web.client.RestTemplate.execute(RestTemplate.java:840)
	at org.springframework.web.client.RestTemplate.exchange(RestTemplate.java:701)
	at org.springframework.boot.actuate.autoconfigure.tracing.zipkin.ZipkinRestTemplateSender.postSpans(ZipkinRestTemplateSender.java:50)
	at org.springframework.boot.actuate.autoconfigure.tracing.zipkin.HttpSender.postSpans(HttpSender.java:69)
	at org.springframework.boot.actuate.autoconfigure.tracing.zipkin.HttpSender.postSpans(HttpSender.java:41)
	at zipkin2.reporter.BaseHttpSender.send(BaseHttpSender.java:123)
	at zipkin2.reporter.internal.AsyncReporter$BoundedAsyncReporter.flush(AsyncReporter.java:266)
	at zipkin2.reporter.internal.AsyncReporter$Flusher.run(AsyncReporter.java:352)
	at java.base/java.lang.Thread.run(Thread.java:840)
Caused by: org.apache.hc.client5.http.HttpHostConnectException: Connect to http://localhost:9411 [localhost/127.0.0.1, localhost/0:0:0:0:0:0:0:1] failed: Connection refused
	at java.base/sun.nio.ch.Net.pollConnect(Native Method)
	at java.base/sun.nio.ch.Net.pollConnectNow(Net.java:672)
	at java.base/sun.nio.ch.NioSocketImpl.timedFinishConnect(NioSocketImpl.java:547)
	at java.base/sun.nio.ch.NioSocketImpl.connect(NioSocketImpl.java:602)
	at java.base/java.net.SocksSocketImpl.connect(SocksSocketImpl.java:327)
	at java.base/java.net.Socket.connect(Socket.java:633)
	at org.apache.hc.client5.http.impl.io.DefaultHttpClientConnectionOperator.connect(DefaultHttpClientConnectionOperator.java:216)
	at org.apache.hc.client5.http.impl.io.PoolingHttpClientConnectionManager.connect(PoolingHttpClientConnectionManager.java:490)
	at org.apache.hc.client5.http.impl.classic.InternalExecRuntime.connectEndpoint(InternalExecRuntime.java:164)
	at org.apache.hc.client5.http.impl.classic.InternalExecRuntime.connectEndpoint(InternalExecRuntime.java:174)
	at org.apache.hc.client5.http.impl.classic.ConnectExec.execute(ConnectExec.java:144)
	at org.apache.hc.client5.http.impl.classic.ExecChainElement.execute(ExecChainElement.java:51)
	at org.apache.hc.client5.http.impl.classic.ProtocolExec.execute(ProtocolExec.java:192)
	at org.apache.hc.client5.http.impl.classic.ExecChainElement.execute(ExecChainElement.java:51)
	at org.apache.hc.client5.http.impl.classic.ContentCompressionExec.execute(ContentCompressionExec.java:150)
	at org.apache.hc.client5.http.impl.classic.ExecChainElement.execute(ExecChainElement.java:51)
	at org.apache.hc.client5.http.impl.classic.HttpRequestRetryExec.execute(HttpRequestRetryExec.java:113)
	at org.apache.hc.client5.http.impl.classic.ExecChainElement.execute(ExecChainElement.java:51)
	at org.apache.hc.client5.http.impl.classic.RedirectExec.execute(RedirectExec.java:110)
	at org.apache.hc.client5.http.impl.classic.ExecChainElement.execute(ExecChainElement.java:51)
	at org.apache.hc.client5.http.impl.classic.InternalHttpClient.doExecute(InternalHttpClient.java:174)
	at org.apache.hc.client5.http.impl.classic.CloseableHttpClient.execute(CloseableHttpClient.java:87)
	at org.apache.hc.client5.http.impl.classic.CloseableHttpClient.execute(CloseableHttpClient.java:55)
	at org.apache.hc.client5.http.classic.HttpClient.executeOpen(HttpClient.java:183)
	at org.springframework.http.client.HttpComponentsClientHttpRequest.executeInternal(HttpComponentsClientHttpRequest.java:99)
	at org.springframework.http.client.AbstractStreamingClientHttpRequest.executeInternal(AbstractStreamingClientHttpRequest.java:71)
	at org.springframework.http.client.AbstractClientHttpRequest.execute(AbstractClientHttpRequest.java:81)
	at org.springframework.web.client.RestTemplate.doExecute(RestTemplate.java:899)
	... 9 common frames omitted

2025-05-23 05:11:14.900  INFO [traceId=, spanId=] 1 --- [http-nio-9003-exec-1] o.a.c.c.C.[Tomcat].[localhost].[/]       : Initializing Spring DispatcherServlet 'dispatcherServlet'
2025-05-23 05:11:14.902  INFO [traceId=, spanId=] 1 --- [http-nio-9003-exec-1] o.s.web.servlet.DispatcherServlet        : Initializing Servlet 'dispatcherServlet'
2025-05-23 05:11:14.908  INFO [traceId=, spanId=] 1 --- [http-nio-9003-exec-1] o.s.web.servlet.DispatcherServlet        : Completed initialization in 5 ms
2025-05-23 05:16:03.920  INFO [traceId=, spanId=] 1 --- [AsyncResolver-bootstrap-executor-%d] c.n.d.s.r.aws.ConfigClusterResolver      : Resolving eureka endpoints via configuration
2025-05-23 05:21:03.925  INFO [traceId=, spanId=] 1 --- [AsyncResolver-bootstrap-executor-%d] c.n.d.s.r.aws.ConfigClusterResolver      : Resolving eureka endpoints via configuration
2025-05-23 05:23:21.530  INFO [traceId=, spanId=] 1 --- [SpringApplicationShutdownHook] o.s.c.n.e.s.EurekaServiceRegistry        : Unregistering application ORDERSERVICE with eureka with status DOWN
2025-05-23 05:23:21.562  INFO [traceId=, spanId=] 1 --- [SpringApplicationShutdownHook] com.netflix.discovery.DiscoveryClient    : Saw local status change event StatusChangeEvent [timestamp=1747977801561, current=DOWN, previous=UP]
2025-05-23 05:23:21.592  INFO [traceId=, spanId=] 1 --- [DiscoveryClient-InstanceInfoReplicator-%d] com.netflix.discovery.DiscoveryClient    : DiscoveryClient_ORDERSERVICE/c47d4ed57af1:OrderService:9003: registering service...
2025-05-23 05:23:21.934  INFO [traceId=, spanId=] 1 --- [DiscoveryClient-InstanceInfoReplicator-%d] com.netflix.discovery.DiscoveryClient    : DiscoveryClient_ORDERSERVICE/c47d4ed57af1:OrderService:9003 - registration status: 204
2025-05-23 05:23:23.137  INFO [traceId=, spanId=] 1 --- [org.springframework.amqp.rabbit.RabbitListenerEndpointContainer#0-2] o.s.a.r.l.SimpleMessageListenerContainer : Waiting for workers to finish.
2025-05-23 05:23:23.144  INFO [traceId=, spanId=] 1 --- [org.springframework.amqp.rabbit.RabbitListenerEndpointContainer#1-2] o.s.a.r.l.SimpleMessageListenerContainer : Waiting for workers to finish.
2025-05-23 05:23:23.260  INFO [traceId=, spanId=] 1 --- [org.springframework.amqp.rabbit.RabbitListenerEndpointContainer#0-2] o.s.a.r.l.SimpleMessageListenerContainer : Successfully waited for workers to finish.
2025-05-23 05:23:23.300  INFO [traceId=, spanId=] 1 --- [org.springframework.amqp.rabbit.RabbitListenerEndpointContainer#1-2] o.s.a.r.l.SimpleMessageListenerContainer : Successfully waited for workers to finish.
2025-05-23 05:23:23.504  INFO [traceId=, spanId=] 1 --- [SpringApplicationShutdownHook] o.s.b.w.e.tomcat.GracefulShutdown        : Commencing graceful shutdown. Waiting for active requests to complete
2025-05-23 05:23:23.575  INFO [traceId=, spanId=] 1 --- [tomcat-shutdown] o.s.b.w.e.tomcat.GracefulShutdown        : Graceful shutdown complete
2025-05-23 05:23:26.254  INFO [traceId=, spanId=] 1 --- [SpringApplicationShutdownHook] j.LocalContainerEntityManagerFactoryBean : Closing JPA EntityManagerFactory for persistence unit 'default'
2025-05-23 05:23:26.459  INFO [traceId=, spanId=] 1 --- [SpringApplicationShutdownHook] com.zaxxer.hikari.HikariDataSource       : HikariPool-1 - Shutdown initiated...
2025-05-23 05:23:26.519  INFO [traceId=, spanId=] 1 --- [SpringApplicationShutdownHook] com.zaxxer.hikari.HikariDataSource       : HikariPool-1 - Shutdown completed.
2025-05-23 05:23:27.054  INFO [traceId=, spanId=] 1 --- [SpringApplicationShutdownHook] com.netflix.discovery.DiscoveryClient    : Shutting down DiscoveryClient ...
2025-05-23 05:23:30.068  INFO [traceId=, spanId=] 1 --- [SpringApplicationShutdownHook] com.netflix.discovery.DiscoveryClient    : Unregistering ...
2025-05-23 05:23:30.233  INFO [traceId=, spanId=] 1 --- [SpringApplicationShutdownHook] com.netflix.discovery.DiscoveryClient    : DiscoveryClient_ORDERSERVICE/c47d4ed57af1:OrderService:9003 - deregister  status: 200
2025-05-23 05:23:30.245  INFO [traceId=, spanId=] 1 --- [SpringApplicationShutdownHook] com.netflix.discovery.DiscoveryClient    : Completed shut down of DiscoveryClient
2025-05-23 08:47:48.156  INFO [traceId=, spanId=] 1 --- [main] i.f.s.o.OrderServiceApplication          : Starting OrderServiceApplication v0.0.1-SNAPSHOT using Java 17.0.15 with PID 1 (/app/OrderService.jar started by root in /app)
2025-05-23 08:47:48.372 DEBUG [traceId=, spanId=] 1 --- [main] i.f.s.o.OrderServiceApplication          : Running with Spring Boot v3.4.3, Spring v6.2.3
2025-05-23 08:47:48.393  INFO [traceId=, spanId=] 1 --- [main] i.f.s.o.OrderServiceApplication          : No active profile set, falling back to 1 default profile: "default"
2025-05-23 08:47:48.981  INFO [traceId=, spanId=] 1 --- [main] o.s.c.c.c.ConfigServerConfigDataLoader   : Fetching config from server at : http://configserver:8888
2025-05-23 08:47:48.992  INFO [traceId=, spanId=] 1 --- [main] o.s.c.c.c.ConfigServerConfigDataLoader   : Located environment: name=application, profiles=[default], label=null, version=1acc8d8659fd96ed52844c8881c260bdb5135241, state=
2025-05-23 08:47:48.995  INFO [traceId=, spanId=] 1 --- [main] o.s.c.c.c.ConfigServerConfigDataLoader   : Fetching config from server at : http://configserver:8888
2025-05-23 08:47:49.006  INFO [traceId=, spanId=] 1 --- [main] o.s.c.c.c.ConfigServerConfigDataLoader   : Located environment: name=OrderService, profiles=[default], label=null, version=1acc8d8659fd96ed52844c8881c260bdb5135241, state=
2025-05-23 08:48:07.025  INFO [traceId=, spanId=] 1 --- [main] .s.d.r.c.RepositoryConfigurationDelegate : Multiple Spring Data modules found, entering strict repository configuration mode
2025-05-23 08:48:07.091  INFO [traceId=, spanId=] 1 --- [main] .s.d.r.c.RepositoryConfigurationDelegate : Bootstrapping Spring Data JPA repositories in DEFAULT mode.
2025-05-23 08:48:09.146  INFO [traceId=, spanId=] 1 --- [main] .s.d.r.c.RepositoryConfigurationDelegate : Finished Spring Data repository scanning in 1880 ms. Found 2 JPA repository interfaces.
2025-05-23 08:48:09.366  INFO [traceId=, spanId=] 1 --- [main] .s.d.r.c.RepositoryConfigurationDelegate : Multiple Spring Data modules found, entering strict repository configuration mode
2025-05-23 08:48:09.569  INFO [traceId=, spanId=] 1 --- [main] .s.d.r.c.RepositoryConfigurationDelegate : Bootstrapping Spring Data Redis repositories in DEFAULT mode.
2025-05-23 08:48:09.781  INFO [traceId=, spanId=] 1 --- [main] .RepositoryConfigurationExtensionSupport : Spring Data Redis - Could not safely identify store assignment for repository candidate interface iuh.fit.se.orderservice.repository.OrderDetailRepository; If you want this repository to be a Redis repository, consider annotating your entities with one of these annotations: org.springframework.data.redis.core.RedisHash (preferred), or consider extending one of the following types with your repository: org.springframework.data.keyvalue.repository.KeyValueRepository
2025-05-23 08:48:09.809  INFO [traceId=, spanId=] 1 --- [main] .RepositoryConfigurationExtensionSupport : Spring Data Redis - Could not safely identify store assignment for repository candidate interface iuh.fit.se.orderservice.repository.OrderRepository; If you want this repository to be a Redis repository, consider annotating your entities with one of these annotations: org.springframework.data.redis.core.RedisHash (preferred), or consider extending one of the following types with your repository: org.springframework.data.keyvalue.repository.KeyValueRepository
2025-05-23 08:48:09.814  INFO [traceId=, spanId=] 1 --- [main] .s.d.r.c.RepositoryConfigurationDelegate : Finished Spring Data repository scanning in 87 ms. Found 0 Redis repository interfaces.
2025-05-23 08:48:16.216  INFO [traceId=, spanId=] 1 --- [main] o.s.cloud.context.scope.GenericScope     : BeanFactory id=f9b4fb59-e3a5-3945-a671-7885d95e7545
2025-05-23 08:48:31.605  INFO [traceId=, spanId=] 1 --- [main] o.s.b.w.embedded.tomcat.TomcatWebServer  : Tomcat initialized with port 9003 (http)
2025-05-23 08:48:31.834  INFO [traceId=, spanId=] 1 --- [main] o.apache.catalina.core.StandardService   : Starting service [Tomcat]
2025-05-23 08:48:31.838  INFO [traceId=, spanId=] 1 --- [main] o.apache.catalina.core.StandardEngine    : Starting Servlet engine: [Apache Tomcat/10.1.36]
2025-05-23 08:48:32.529  INFO [traceId=, spanId=] 1 --- [main] o.a.c.c.C.[Tomcat].[localhost].[/]       : Initializing Spring embedded WebApplicationContext
2025-05-23 08:48:32.560  INFO [traceId=, spanId=] 1 --- [main] w.s.c.ServletWebServerApplicationContext : Root WebApplicationContext: initialization completed in 43536 ms
2025-05-23 08:48:41.653  INFO [traceId=, spanId=] 1 --- [main] o.hibernate.jpa.internal.util.LogHelper  : HHH000204: Processing PersistenceUnitInfo [name: default]
2025-05-23 08:48:42.711  INFO [traceId=, spanId=] 1 --- [main] org.hibernate.Version                    : HHH000412: Hibernate ORM core version 6.6.8.Final
2025-05-23 08:48:43.060  INFO [traceId=, spanId=] 1 --- [main] o.h.c.internal.RegionFactoryInitiator    : HHH000026: Second-level cache disabled
2025-05-23 08:48:45.604  INFO [traceId=, spanId=] 1 --- [main] o.s.o.j.p.SpringPersistenceUnitInfo      : No LoadTimeWeaver setup: ignoring JPA class transformer
2025-05-23 08:48:45.861  INFO [traceId=, spanId=] 1 --- [main] com.zaxxer.hikari.HikariDataSource       : HikariPool-1 - Starting...
2025-05-23 08:48:47.351  INFO [traceId=, spanId=] 1 --- [main] com.zaxxer.hikari.pool.HikariPool        : HikariPool-1 - Added connection ConnectionID:1 ClientConnectionId: 6d83c43d-f5bc-479c-adff-da0f1d5bf1c8
2025-05-23 08:48:47.391  INFO [traceId=, spanId=] 1 --- [main] com.zaxxer.hikari.HikariDataSource       : HikariPool-1 - Start completed.
2025-05-23 08:48:47.994  WARN [traceId=, spanId=] 1 --- [main] org.hibernate.orm.deprecation            : HHH90000025: SQLServerDialect does not need to be specified explicitly using 'hibernate.dialect' (remove the property setting and it will be selected by default)
2025-05-23 08:48:48.384  INFO [traceId=, spanId=] 1 --- [main] org.hibernate.orm.connections.pooling    : HHH10001005: Database info:
	Database JDBC URL [Connecting through datasource 'HikariDataSource (HikariPool-1)']
	Database driver: undefined/unknown
	Database version: 16.0
	Autocommit mode: undefined/unknown
	Isolation level: undefined/unknown
	Minimum pool size: undefined/unknown
	Maximum pool size: undefined/unknown
2025-05-23 08:48:56.557  INFO [traceId=, spanId=] 1 --- [main] o.h.e.t.j.p.i.JtaPlatformInitiator       : HHH000489: No JTA platform available (set 'hibernate.transaction.jta.platform' to enable JTA platform integration)
2025-05-23 08:48:58.438  INFO [traceId=, spanId=] 1 --- [main] j.LocalContainerEntityManagerFactoryBean : Initialized JPA EntityManagerFactory for persistence unit 'default'
2025-05-23 08:49:05.157  WARN [traceId=, spanId=] 1 --- [main] JpaBaseConfiguration$JpaWebConfiguration : spring.jpa.open-in-view is enabled by default. Therefore, database queries may be performed during view rendering. Explicitly configure spring.jpa.open-in-view to disable this warning
2025-05-23 08:49:06.700  INFO [traceId=, spanId=] 1 --- [main] o.s.c.openfeign.FeignClientFactoryBean   : For 'InventoryService' URL not provided. Will try picking an instance via load-balancing.
2025-05-23 08:49:07.863  INFO [traceId=, spanId=] 1 --- [main] o.s.c.openfeign.FeignClientFactoryBean   : For 'UserService' URL not provided. Will try picking an instance via load-balancing.
2025-05-23 08:49:18.886  INFO [traceId=, spanId=] 1 --- [main] c.r.stream.impl.StreamEnvironment        : Connecting to localhost with guest user, assuming development environment
2025-05-23 08:49:18.890  INFO [traceId=, spanId=] 1 --- [main] c.r.stream.impl.StreamEnvironment        : Using address resolver to always connect to localhost
2025-05-23 08:49:23.627  INFO [traceId=, spanId=] 1 --- [main] DiscoveryClientOptionalArgsConfiguration : Eureka HTTP Client uses RestTemplate.
2025-05-23 08:49:24.364  WARN [traceId=, spanId=] 1 --- [main] iguration$LoadBalancerCaffeineWarnLogger : Spring Cloud LoadBalancer is currently working with the default cache. While this cache implementation is useful for development and tests, it's recommended to use Caffeine cache in production.You can switch to using Caffeine cache, by adding it and org.springframework.cache.caffeine.CaffeineCacheManager to the classpath.
2025-05-23 08:49:24.663  INFO [traceId=, spanId=] 1 --- [main] o.s.b.a.e.web.EndpointLinksResolver      : Exposing 2 endpoints beneath base path '/actuator'
2025-05-23 08:49:25.526  INFO [traceId=, spanId=] 1 --- [main] o.s.c.n.eureka.InstanceInfoFactory       : Setting initial instance status as: STARTING
2025-05-23 08:49:25.732  INFO [traceId=, spanId=] 1 --- [main] com.netflix.discovery.DiscoveryClient    : Initializing Eureka in region us-east-1
2025-05-23 08:49:25.778  INFO [traceId=, spanId=] 1 --- [main] c.n.d.s.r.aws.ConfigClusterResolver      : Resolving eureka endpoints via configuration
2025-05-23 08:49:25.873  INFO [traceId=, spanId=] 1 --- [main] com.netflix.discovery.DiscoveryClient    : Disable delta property : false
2025-05-23 08:49:25.879  INFO [traceId=, spanId=] 1 --- [main] com.netflix.discovery.DiscoveryClient    : Single vip registry refresh property : null
2025-05-23 08:49:25.883  INFO [traceId=, spanId=] 1 --- [main] com.netflix.discovery.DiscoveryClient    : Force full registry fetch : false
2025-05-23 08:49:25.885  INFO [traceId=, spanId=] 1 --- [main] com.netflix.discovery.DiscoveryClient    : Application is null : false
2025-05-23 08:49:25.889  INFO [traceId=, spanId=] 1 --- [main] com.netflix.discovery.DiscoveryClient    : Registered Applications size is zero : true
2025-05-23 08:49:25.895  INFO [traceId=, spanId=] 1 --- [main] com.netflix.discovery.DiscoveryClient    : Application version is -1: true
2025-05-23 08:49:25.902  INFO [traceId=, spanId=] 1 --- [main] com.netflix.discovery.DiscoveryClient    : Getting all instance registry info from the eureka server
2025-05-23 08:49:26.818  INFO [traceId=, spanId=] 1 --- [main] com.netflix.discovery.DiscoveryClient    : The response status is 200
2025-05-23 08:49:26.829  INFO [traceId=, spanId=] 1 --- [main] com.netflix.discovery.DiscoveryClient    : Starting heartbeat executor: renew interval is: 30
2025-05-23 08:49:26.860  INFO [traceId=, spanId=] 1 --- [main] c.n.discovery.InstanceInfoReplicator     : InstanceInfoReplicator onDemand update allowed rate per min is 4
2025-05-23 08:49:26.869  INFO [traceId=, spanId=] 1 --- [main] com.netflix.discovery.DiscoveryClient    : Discovery Client initialized at timestamp 1747990166868 with initial instances count: 3
2025-05-23 08:49:26.917  INFO [traceId=, spanId=] 1 --- [main] o.s.c.n.e.s.EurekaServiceRegistry        : Registering application ORDERSERVICE with eureka with status UP
2025-05-23 08:49:26.921  INFO [traceId=, spanId=] 1 --- [main] com.netflix.discovery.DiscoveryClient    : Saw local status change event StatusChangeEvent [timestamp=1747990166921, current=UP, previous=STARTING]
2025-05-23 08:49:26.961  INFO [traceId=, spanId=] 1 --- [DiscoveryClient-InstanceInfoReplicator-%d] com.netflix.discovery.DiscoveryClient    : DiscoveryClient_ORDERSERVICE/c47d4ed57af1:OrderService:9003: registering service...
2025-05-23 08:49:27.020  INFO [traceId=, spanId=] 1 --- [main] o.s.b.w.embedded.tomcat.TomcatWebServer  : Tomcat started on port 9003 (http) with context path '/'
2025-05-23 08:49:27.024  INFO [traceId=, spanId=] 1 --- [main] .s.c.n.e.s.EurekaAutoServiceRegistration : Updating port to 9003
2025-05-23 08:49:27.044  INFO [traceId=, spanId=] 1 --- [main] o.s.a.r.c.CachingConnectionFactory       : Attempting to connect to: [rabbitmq:5672]
2025-05-23 08:49:27.172  INFO [traceId=, spanId=] 1 --- [DiscoveryClient-InstanceInfoReplicator-%d] com.netflix.discovery.DiscoveryClient    : DiscoveryClient_ORDERSERVICE/c47d4ed57af1:OrderService:9003 - registration status: 204
2025-05-23 08:49:27.451  INFO [traceId=, spanId=] 1 --- [main] o.s.a.r.c.CachingConnectionFactory       : Created new connection: rabbitConnectionFactory#7bf67f81:0/SimpleConnection@51cabf8d [delegate=amqp://guest@172.19.0.4:5672/, localPort=58976]
2025-05-23 08:49:27.801  INFO [traceId=, spanId=] 1 --- [main] i.f.s.o.OrderServiceApplication          : Started OrderServiceApplication in 114.354 seconds (process running for 120.314)
2025-05-23 08:49:27.840  WARN [traceId=, spanId=] 1 --- [AsyncReporter{ZipkinRestTemplateSender{http://localhost:9411/api/v2/spans}}] z.r.i.AsyncReporter$BoundedAsyncReporter : Spans were dropped due to exceptions. All subsequent errors will be logged at FINE level.
2025-05-23 08:49:27.848  WARN [traceId=, spanId=] 1 --- [AsyncReporter{ZipkinRestTemplateSender{http://localhost:9411/api/v2/spans}}] z.r.i.AsyncReporter$BoundedAsyncReporter : Dropped 2 spans due to ResourceAccessException(I/O error on POST request for "http://localhost:9411/api/v2/spans": Connect to http://localhost:9411 [localhost/127.0.0.1, localhost/0:0:0:0:0:0:0:1] failed: Connection refused)

org.springframework.web.client.ResourceAccessException: I/O error on POST request for "http://localhost:9411/api/v2/spans": Connect to http://localhost:9411 [localhost/127.0.0.1, localhost/0:0:0:0:0:0:0:1] failed: Connection refused
	at org.springframework.web.client.RestTemplate.createResourceAccessException(RestTemplate.java:925)
	at org.springframework.web.client.RestTemplate.doExecute(RestTemplate.java:905)
	at org.springframework.web.client.RestTemplate.execute(RestTemplate.java:840)
	at org.springframework.web.client.RestTemplate.exchange(RestTemplate.java:701)
	at org.springframework.boot.actuate.autoconfigure.tracing.zipkin.ZipkinRestTemplateSender.postSpans(ZipkinRestTemplateSender.java:50)
	at org.springframework.boot.actuate.autoconfigure.tracing.zipkin.HttpSender.postSpans(HttpSender.java:69)
	at org.springframework.boot.actuate.autoconfigure.tracing.zipkin.HttpSender.postSpans(HttpSender.java:41)
	at zipkin2.reporter.BaseHttpSender.send(BaseHttpSender.java:123)
	at zipkin2.reporter.internal.AsyncReporter$BoundedAsyncReporter.flush(AsyncReporter.java:266)
	at zipkin2.reporter.internal.AsyncReporter$Flusher.run(AsyncReporter.java:352)
	at java.base/java.lang.Thread.run(Thread.java:840)
Caused by: org.apache.hc.client5.http.HttpHostConnectException: Connect to http://localhost:9411 [localhost/127.0.0.1, localhost/0:0:0:0:0:0:0:1] failed: Connection refused
	at java.base/sun.nio.ch.Net.pollConnect(Native Method)
	at java.base/sun.nio.ch.Net.pollConnectNow(Net.java:672)
	at java.base/sun.nio.ch.NioSocketImpl.timedFinishConnect(NioSocketImpl.java:547)
	at java.base/sun.nio.ch.NioSocketImpl.connect(NioSocketImpl.java:602)
	at java.base/java.net.SocksSocketImpl.connect(SocksSocketImpl.java:327)
	at java.base/java.net.Socket.connect(Socket.java:633)
	at org.apache.hc.client5.http.impl.io.DefaultHttpClientConnectionOperator.connect(DefaultHttpClientConnectionOperator.java:216)
	at org.apache.hc.client5.http.impl.io.PoolingHttpClientConnectionManager.connect(PoolingHttpClientConnectionManager.java:490)
	at org.apache.hc.client5.http.impl.classic.InternalExecRuntime.connectEndpoint(InternalExecRuntime.java:164)
	at org.apache.hc.client5.http.impl.classic.InternalExecRuntime.connectEndpoint(InternalExecRuntime.java:174)
	at org.apache.hc.client5.http.impl.classic.ConnectExec.execute(ConnectExec.java:144)
	at org.apache.hc.client5.http.impl.classic.ExecChainElement.execute(ExecChainElement.java:51)
	at org.apache.hc.client5.http.impl.classic.ProtocolExec.execute(ProtocolExec.java:192)
	at org.apache.hc.client5.http.impl.classic.ExecChainElement.execute(ExecChainElement.java:51)
	at org.apache.hc.client5.http.impl.classic.ContentCompressionExec.execute(ContentCompressionExec.java:150)
	at org.apache.hc.client5.http.impl.classic.ExecChainElement.execute(ExecChainElement.java:51)
	at org.apache.hc.client5.http.impl.classic.HttpRequestRetryExec.execute(HttpRequestRetryExec.java:113)
	at org.apache.hc.client5.http.impl.classic.ExecChainElement.execute(ExecChainElement.java:51)
	at org.apache.hc.client5.http.impl.classic.RedirectExec.execute(RedirectExec.java:110)
	at org.apache.hc.client5.http.impl.classic.ExecChainElement.execute(ExecChainElement.java:51)
	at org.apache.hc.client5.http.impl.classic.InternalHttpClient.doExecute(InternalHttpClient.java:174)
	at org.apache.hc.client5.http.impl.classic.CloseableHttpClient.execute(CloseableHttpClient.java:87)
	at org.apache.hc.client5.http.impl.classic.CloseableHttpClient.execute(CloseableHttpClient.java:55)
	at org.apache.hc.client5.http.classic.HttpClient.executeOpen(HttpClient.java:183)
	at org.springframework.http.client.HttpComponentsClientHttpRequest.executeInternal(HttpComponentsClientHttpRequest.java:99)
	at org.springframework.http.client.AbstractStreamingClientHttpRequest.executeInternal(AbstractStreamingClientHttpRequest.java:71)
	at org.springframework.http.client.AbstractClientHttpRequest.execute(AbstractClientHttpRequest.java:81)
	at org.springframework.web.client.RestTemplate.doExecute(RestTemplate.java:899)
	... 9 common frames omitted

2025-05-23 08:49:28.667  INFO [traceId=, spanId=] 1 --- [http-nio-9003-exec-1] o.a.c.c.C.[Tomcat].[localhost].[/]       : Initializing Spring DispatcherServlet 'dispatcherServlet'
2025-05-23 08:49:28.672  INFO [traceId=, spanId=] 1 --- [http-nio-9003-exec-1] o.s.web.servlet.DispatcherServlet        : Initializing Servlet 'dispatcherServlet'
2025-05-23 08:49:28.700  INFO [traceId=, spanId=] 1 --- [http-nio-9003-exec-1] o.s.web.servlet.DispatcherServlet        : Completed initialization in 16 ms
2025-05-23 08:54:25.888  INFO [traceId=, spanId=] 1 --- [AsyncResolver-bootstrap-executor-%d] c.n.d.s.r.aws.ConfigClusterResolver      : Resolving eureka endpoints via configuration
2025-05-23 08:59:25.865  INFO [traceId=, spanId=] 1 --- [AsyncResolver-bootstrap-executor-%d] c.n.d.s.r.aws.ConfigClusterResolver      : Resolving eureka endpoints via configuration
2025-05-23 09:04:25.834  INFO [traceId=, spanId=] 1 --- [AsyncResolver-bootstrap-executor-%d] c.n.d.s.r.aws.ConfigClusterResolver      : Resolving eureka endpoints via configuration
2025-05-23 09:09:25.810  INFO [traceId=, spanId=] 1 --- [AsyncResolver-bootstrap-executor-%d] c.n.d.s.r.aws.ConfigClusterResolver      : Resolving eureka endpoints via configuration
2025-05-23 09:10:54.045  INFO [traceId=, spanId=] 1 --- [SpringApplicationShutdownHook] o.s.c.n.e.s.EurekaServiceRegistry        : Unregistering application ORDERSERVICE with eureka with status DOWN
2025-05-23 09:10:54.051  INFO [traceId=, spanId=] 1 --- [SpringApplicationShutdownHook] com.netflix.discovery.DiscoveryClient    : Saw local status change event StatusChangeEvent [timestamp=1747991454051, current=DOWN, previous=UP]
2025-05-23 09:10:54.060  INFO [traceId=, spanId=] 1 --- [DiscoveryClient-InstanceInfoReplicator-%d] com.netflix.discovery.DiscoveryClient    : DiscoveryClient_ORDERSERVICE/c47d4ed57af1:OrderService:9003: registering service...
2025-05-23 09:10:54.113  INFO [traceId=, spanId=] 1 --- [DiscoveryClient-InstanceInfoReplicator-%d] com.netflix.discovery.DiscoveryClient    : DiscoveryClient_ORDERSERVICE/c47d4ed57af1:OrderService:9003 - registration status: 204
2025-05-23 09:10:54.300  INFO [traceId=, spanId=] 1 --- [org.springframework.amqp.rabbit.RabbitListenerEndpointContainer#0-2] o.s.a.r.l.SimpleMessageListenerContainer : Waiting for workers to finish.
2025-05-23 09:10:54.304  INFO [traceId=, spanId=] 1 --- [org.springframework.amqp.rabbit.RabbitListenerEndpointContainer#1-2] o.s.a.r.l.SimpleMessageListenerContainer : Waiting for workers to finish.
2025-05-23 09:10:54.868  INFO [traceId=, spanId=] 1 --- [org.springframework.amqp.rabbit.RabbitListenerEndpointContainer#0-2] o.s.a.r.l.SimpleMessageListenerContainer : Successfully waited for workers to finish.
2025-05-23 09:10:54.900  INFO [traceId=, spanId=] 1 --- [org.springframework.amqp.rabbit.RabbitListenerEndpointContainer#1-2] o.s.a.r.l.SimpleMessageListenerContainer : Successfully waited for workers to finish.
2025-05-23 09:10:54.916  INFO [traceId=, spanId=] 1 --- [SpringApplicationShutdownHook] o.s.b.w.e.tomcat.GracefulShutdown        : Commencing graceful shutdown. Waiting for active requests to complete
2025-05-23 09:10:54.932  INFO [traceId=, spanId=] 1 --- [tomcat-shutdown] o.s.b.w.e.tomcat.GracefulShutdown        : Graceful shutdown complete
2025-05-23 09:10:56.206  INFO [traceId=, spanId=] 1 --- [SpringApplicationShutdownHook] j.LocalContainerEntityManagerFactoryBean : Closing JPA EntityManagerFactory for persistence unit 'default'
2025-05-23 09:10:56.240  INFO [traceId=, spanId=] 1 --- [SpringApplicationShutdownHook] com.zaxxer.hikari.HikariDataSource       : HikariPool-1 - Shutdown initiated...
2025-05-23 09:10:56.251  INFO [traceId=, spanId=] 1 --- [SpringApplicationShutdownHook] com.zaxxer.hikari.HikariDataSource       : HikariPool-1 - Shutdown completed.
2025-05-23 09:10:56.327  INFO [traceId=, spanId=] 1 --- [SpringApplicationShutdownHook] com.netflix.discovery.DiscoveryClient    : Shutting down DiscoveryClient ...
2025-05-23 09:10:59.332  INFO [traceId=, spanId=] 1 --- [SpringApplicationShutdownHook] com.netflix.discovery.DiscoveryClient    : Unregistering ...
2025-05-23 09:10:59.333  WARN [traceId=, spanId=] 1 --- [DiscoveryClient-%d] c.netflix.discovery.TimedSupervisorTask  : task supervisor shutting down, can't accept the task
2025-05-23 09:10:59.359  INFO [traceId=, spanId=] 1 --- [SpringApplicationShutdownHook] com.netflix.discovery.DiscoveryClient    : DiscoveryClient_ORDERSERVICE/c47d4ed57af1:OrderService:9003 - deregister  status: 200
2025-05-23 09:10:59.364  INFO [traceId=, spanId=] 1 --- [SpringApplicationShutdownHook] com.netflix.discovery.DiscoveryClient    : Completed shut down of DiscoveryClient
2025-05-23 09:46:27.708  INFO [traceId=, spanId=] 1 --- [main] i.f.s.o.OrderServiceApplication          : Starting OrderServiceApplication v0.0.1-SNAPSHOT using Java 17.0.15 with PID 1 (/app/OrderService.jar started by root in /app)
2025-05-23 09:46:27.889 DEBUG [traceId=, spanId=] 1 --- [main] i.f.s.o.OrderServiceApplication          : Running with Spring Boot v3.4.3, Spring v6.2.3
2025-05-23 09:46:27.926  INFO [traceId=, spanId=] 1 --- [main] i.f.s.o.OrderServiceApplication          : No active profile set, falling back to 1 default profile: "default"
2025-05-23 09:46:28.813  INFO [traceId=, spanId=] 1 --- [main] o.s.c.c.c.ConfigServerConfigDataLoader   : Fetching config from server at : http://configserver:8888
2025-05-23 09:46:28.817  INFO [traceId=, spanId=] 1 --- [main] o.s.c.c.c.ConfigServerConfigDataLoader   : Located environment: name=application, profiles=[default], label=null, version=1acc8d8659fd96ed52844c8881c260bdb5135241, state=
2025-05-23 09:46:28.821  INFO [traceId=, spanId=] 1 --- [main] o.s.c.c.c.ConfigServerConfigDataLoader   : Fetching config from server at : http://configserver:8888
2025-05-23 09:46:28.824  INFO [traceId=, spanId=] 1 --- [main] o.s.c.c.c.ConfigServerConfigDataLoader   : Located environment: name=OrderService, profiles=[default], label=null, version=1acc8d8659fd96ed52844c8881c260bdb5135241, state=
2025-05-23 09:46:52.445  INFO [traceId=, spanId=] 1 --- [main] .s.d.r.c.RepositoryConfigurationDelegate : Multiple Spring Data modules found, entering strict repository configuration mode
2025-05-23 09:46:52.497  INFO [traceId=, spanId=] 1 --- [main] .s.d.r.c.RepositoryConfigurationDelegate : Bootstrapping Spring Data JPA repositories in DEFAULT mode.
2025-05-23 09:46:54.013  INFO [traceId=, spanId=] 1 --- [main] .s.d.r.c.RepositoryConfigurationDelegate : Finished Spring Data repository scanning in 1419 ms. Found 2 JPA repository interfaces.
2025-05-23 09:46:54.231  INFO [traceId=, spanId=] 1 --- [main] .s.d.r.c.RepositoryConfigurationDelegate : Multiple Spring Data modules found, entering strict repository configuration mode
2025-05-23 09:46:54.248  INFO [traceId=, spanId=] 1 --- [main] .s.d.r.c.RepositoryConfigurationDelegate : Bootstrapping Spring Data Redis repositories in DEFAULT mode.
2025-05-23 09:46:54.350  INFO [traceId=, spanId=] 1 --- [main] .RepositoryConfigurationExtensionSupport : Spring Data Redis - Could not safely identify store assignment for repository candidate interface iuh.fit.se.orderservice.repository.OrderDetailRepository; If you want this repository to be a Redis repository, consider annotating your entities with one of these annotations: org.springframework.data.redis.core.RedisHash (preferred), or consider extending one of the following types with your repository: org.springframework.data.keyvalue.repository.KeyValueRepository
2025-05-23 09:46:54.382  INFO [traceId=, spanId=] 1 --- [main] .RepositoryConfigurationExtensionSupport : Spring Data Redis - Could not safely identify store assignment for repository candidate interface iuh.fit.se.orderservice.repository.OrderRepository; If you want this repository to be a Redis repository, consider annotating your entities with one of these annotations: org.springframework.data.redis.core.RedisHash (preferred), or consider extending one of the following types with your repository: org.springframework.data.keyvalue.repository.KeyValueRepository
2025-05-23 09:46:54.385  INFO [traceId=, spanId=] 1 --- [main] .s.d.r.c.RepositoryConfigurationDelegate : Finished Spring Data repository scanning in 54 ms. Found 0 Redis repository interfaces.
2025-05-23 09:46:57.928  INFO [traceId=, spanId=] 1 --- [main] o.s.cloud.context.scope.GenericScope     : BeanFactory id=f9b4fb59-e3a5-3945-a671-7885d95e7545
2025-05-23 09:47:06.521  INFO [traceId=, spanId=] 1 --- [main] o.s.b.w.embedded.tomcat.TomcatWebServer  : Tomcat initialized with port 9003 (http)
2025-05-23 09:47:06.625  INFO [traceId=, spanId=] 1 --- [main] o.apache.catalina.core.StandardService   : Starting service [Tomcat]
2025-05-23 09:47:06.650  INFO [traceId=, spanId=] 1 --- [main] o.apache.catalina.core.StandardEngine    : Starting Servlet engine: [Apache Tomcat/10.1.36]
2025-05-23 09:47:06.919  INFO [traceId=, spanId=] 1 --- [main] o.a.c.c.C.[Tomcat].[localhost].[/]       : Initializing Spring embedded WebApplicationContext
2025-05-23 09:47:06.925  INFO [traceId=, spanId=] 1 --- [main] w.s.c.ServletWebServerApplicationContext : Root WebApplicationContext: initialization completed in 38073 ms
2025-05-23 09:47:11.872  INFO [traceId=, spanId=] 1 --- [main] o.hibernate.jpa.internal.util.LogHelper  : HHH000204: Processing PersistenceUnitInfo [name: default]
2025-05-23 09:47:12.132  INFO [traceId=, spanId=] 1 --- [main] org.hibernate.Version                    : HHH000412: Hibernate ORM core version 6.6.8.Final
2025-05-23 09:47:12.301  INFO [traceId=, spanId=] 1 --- [main] o.h.c.internal.RegionFactoryInitiator    : HHH000026: Second-level cache disabled
2025-05-23 09:47:13.974  INFO [traceId=, spanId=] 1 --- [main] o.s.o.j.p.SpringPersistenceUnitInfo      : No LoadTimeWeaver setup: ignoring JPA class transformer
2025-05-23 09:47:14.108  INFO [traceId=, spanId=] 1 --- [main] com.zaxxer.hikari.HikariDataSource       : HikariPool-1 - Starting...
2025-05-23 09:47:14.778  INFO [traceId=, spanId=] 1 --- [main] com.zaxxer.hikari.pool.HikariPool        : HikariPool-1 - Added connection ConnectionID:1 ClientConnectionId: 6ac52be7-c0cf-42ca-9e33-ec20f7fc1029
2025-05-23 09:47:14.786  INFO [traceId=, spanId=] 1 --- [main] com.zaxxer.hikari.HikariDataSource       : HikariPool-1 - Start completed.
2025-05-23 09:47:14.996  WARN [traceId=, spanId=] 1 --- [main] org.hibernate.orm.deprecation            : HHH90000025: SQLServerDialect does not need to be specified explicitly using 'hibernate.dialect' (remove the property setting and it will be selected by default)
2025-05-23 09:47:15.102  INFO [traceId=, spanId=] 1 --- [main] org.hibernate.orm.connections.pooling    : HHH10001005: Database info:
	Database JDBC URL [Connecting through datasource 'HikariDataSource (HikariPool-1)']
	Database driver: undefined/unknown
	Database version: 16.0
	Autocommit mode: undefined/unknown
	Isolation level: undefined/unknown
	Minimum pool size: undefined/unknown
	Maximum pool size: undefined/unknown
2025-05-23 09:47:18.461  INFO [traceId=, spanId=] 1 --- [main] o.h.e.t.j.p.i.JtaPlatformInitiator       : HHH000489: No JTA platform available (set 'hibernate.transaction.jta.platform' to enable JTA platform integration)
2025-05-23 09:47:20.477  INFO [traceId=, spanId=] 1 --- [main] j.LocalContainerEntityManagerFactoryBean : Initialized JPA EntityManagerFactory for persistence unit 'default'
2025-05-23 09:47:24.795  WARN [traceId=, spanId=] 1 --- [main] JpaBaseConfiguration$JpaWebConfiguration : spring.jpa.open-in-view is enabled by default. Therefore, database queries may be performed during view rendering. Explicitly configure spring.jpa.open-in-view to disable this warning
2025-05-23 09:47:26.324  INFO [traceId=, spanId=] 1 --- [main] o.s.c.openfeign.FeignClientFactoryBean   : For 'InventoryService' URL not provided. Will try picking an instance via load-balancing.
2025-05-23 09:47:28.356  INFO [traceId=, spanId=] 1 --- [main] o.s.c.openfeign.FeignClientFactoryBean   : For 'UserService' URL not provided. Will try picking an instance via load-balancing.
2025-05-23 09:47:40.216  INFO [traceId=, spanId=] 1 --- [main] c.r.stream.impl.StreamEnvironment        : Connecting to localhost with guest user, assuming development environment
2025-05-23 09:47:40.219  INFO [traceId=, spanId=] 1 --- [main] c.r.stream.impl.StreamEnvironment        : Using address resolver to always connect to localhost
2025-05-23 09:47:42.696  INFO [traceId=, spanId=] 1 --- [main] DiscoveryClientOptionalArgsConfiguration : Eureka HTTP Client uses RestTemplate.
2025-05-23 09:47:42.920  WARN [traceId=, spanId=] 1 --- [main] iguration$LoadBalancerCaffeineWarnLogger : Spring Cloud LoadBalancer is currently working with the default cache. While this cache implementation is useful for development and tests, it's recommended to use Caffeine cache in production.You can switch to using Caffeine cache, by adding it and org.springframework.cache.caffeine.CaffeineCacheManager to the classpath.
2025-05-23 09:47:42.982  INFO [traceId=, spanId=] 1 --- [main] o.s.b.a.e.web.EndpointLinksResolver      : Exposing 2 endpoints beneath base path '/actuator'
2025-05-23 09:47:43.298  INFO [traceId=, spanId=] 1 --- [main] o.s.c.n.eureka.InstanceInfoFactory       : Setting initial instance status as: STARTING
2025-05-23 09:47:43.377  INFO [traceId=, spanId=] 1 --- [main] com.netflix.discovery.DiscoveryClient    : Initializing Eureka in region us-east-1
2025-05-23 09:47:43.396  INFO [traceId=, spanId=] 1 --- [main] c.n.d.s.r.aws.ConfigClusterResolver      : Resolving eureka endpoints via configuration
2025-05-23 09:47:43.438  INFO [traceId=, spanId=] 1 --- [main] com.netflix.discovery.DiscoveryClient    : Disable delta property : false
2025-05-23 09:47:43.441  INFO [traceId=, spanId=] 1 --- [main] com.netflix.discovery.DiscoveryClient    : Single vip registry refresh property : null
2025-05-23 09:47:43.444  INFO [traceId=, spanId=] 1 --- [main] com.netflix.discovery.DiscoveryClient    : Force full registry fetch : false
2025-05-23 09:47:43.446  INFO [traceId=, spanId=] 1 --- [main] com.netflix.discovery.DiscoveryClient    : Application is null : false
2025-05-23 09:47:43.449  INFO [traceId=, spanId=] 1 --- [main] com.netflix.discovery.DiscoveryClient    : Registered Applications size is zero : true
2025-05-23 09:47:43.452  INFO [traceId=, spanId=] 1 --- [main] com.netflix.discovery.DiscoveryClient    : Application version is -1: true
2025-05-23 09:47:43.454  INFO [traceId=, spanId=] 1 --- [main] com.netflix.discovery.DiscoveryClient    : Getting all instance registry info from the eureka server
2025-05-23 09:47:43.968  INFO [traceId=, spanId=] 1 --- [main] com.netflix.discovery.DiscoveryClient    : The response status is 200
2025-05-23 09:47:43.973  INFO [traceId=, spanId=] 1 --- [main] com.netflix.discovery.DiscoveryClient    : Starting heartbeat executor: renew interval is: 30
2025-05-23 09:47:43.979  INFO [traceId=, spanId=] 1 --- [main] c.n.discovery.InstanceInfoReplicator     : InstanceInfoReplicator onDemand update allowed rate per min is 4
2025-05-23 09:47:43.984  INFO [traceId=, spanId=] 1 --- [main] com.netflix.discovery.DiscoveryClient    : Discovery Client initialized at timestamp 1747993663983 with initial instances count: 3
2025-05-23 09:47:44.009  INFO [traceId=, spanId=] 1 --- [main] o.s.c.n.e.s.EurekaServiceRegistry        : Registering application ORDERSERVICE with eureka with status UP
2025-05-23 09:47:44.012  INFO [traceId=, spanId=] 1 --- [main] com.netflix.discovery.DiscoveryClient    : Saw local status change event StatusChangeEvent [timestamp=1747993664012, current=UP, previous=STARTING]
2025-05-23 09:47:44.017  INFO [traceId=, spanId=] 1 --- [DiscoveryClient-InstanceInfoReplicator-%d] com.netflix.discovery.DiscoveryClient    : DiscoveryClient_ORDERSERVICE/c47d4ed57af1:OrderService:9003: registering service...
2025-05-23 09:47:44.073  INFO [traceId=, spanId=] 1 --- [main] o.s.b.w.embedded.tomcat.TomcatWebServer  : Tomcat started on port 9003 (http) with context path '/'
2025-05-23 09:47:44.076  INFO [traceId=, spanId=] 1 --- [main] .s.c.n.e.s.EurekaAutoServiceRegistration : Updating port to 9003
2025-05-23 09:47:44.085  INFO [traceId=, spanId=] 1 --- [main] o.s.a.r.c.CachingConnectionFactory       : Attempting to connect to: [rabbitmq:5672]
2025-05-23 09:47:44.130  INFO [traceId=, spanId=] 1 --- [DiscoveryClient-InstanceInfoReplicator-%d] com.netflix.discovery.DiscoveryClient    : DiscoveryClient_ORDERSERVICE/c47d4ed57af1:OrderService:9003 - registration status: 204
2025-05-23 09:47:44.215  INFO [traceId=, spanId=] 1 --- [main] o.s.a.r.c.CachingConnectionFactory       : Created new connection: rabbitConnectionFactory#1818c0a0:0/SimpleConnection@71e393a2 [delegate=amqp://guest@172.19.0.4:5672/, localPort=50132]
2025-05-23 09:47:44.402  INFO [traceId=, spanId=] 1 --- [main] i.f.s.o.OrderServiceApplication          : Started OrderServiceApplication in 99.987 seconds (process running for 104.913)
2025-05-23 09:47:44.974  WARN [traceId=, spanId=] 1 --- [AsyncReporter{ZipkinRestTemplateSender{http://localhost:9411/api/v2/spans}}] z.r.i.AsyncReporter$BoundedAsyncReporter : Spans were dropped due to exceptions. All subsequent errors will be logged at FINE level.
2025-05-23 09:47:44.976  WARN [traceId=, spanId=] 1 --- [AsyncReporter{ZipkinRestTemplateSender{http://localhost:9411/api/v2/spans}}] z.r.i.AsyncReporter$BoundedAsyncReporter : Dropped 2 spans due to ResourceAccessException(I/O error on POST request for "http://localhost:9411/api/v2/spans": Connect to http://localhost:9411 [localhost/127.0.0.1, localhost/0:0:0:0:0:0:0:1] failed: Connection refused)

org.springframework.web.client.ResourceAccessException: I/O error on POST request for "http://localhost:9411/api/v2/spans": Connect to http://localhost:9411 [localhost/127.0.0.1, localhost/0:0:0:0:0:0:0:1] failed: Connection refused
	at org.springframework.web.client.RestTemplate.createResourceAccessException(RestTemplate.java:925)
	at org.springframework.web.client.RestTemplate.doExecute(RestTemplate.java:905)
	at org.springframework.web.client.RestTemplate.execute(RestTemplate.java:840)
	at org.springframework.web.client.RestTemplate.exchange(RestTemplate.java:701)
	at org.springframework.boot.actuate.autoconfigure.tracing.zipkin.ZipkinRestTemplateSender.postSpans(ZipkinRestTemplateSender.java:50)
	at org.springframework.boot.actuate.autoconfigure.tracing.zipkin.HttpSender.postSpans(HttpSender.java:69)
	at org.springframework.boot.actuate.autoconfigure.tracing.zipkin.HttpSender.postSpans(HttpSender.java:41)
	at zipkin2.reporter.BaseHttpSender.send(BaseHttpSender.java:123)
	at zipkin2.reporter.internal.AsyncReporter$BoundedAsyncReporter.flush(AsyncReporter.java:266)
	at zipkin2.reporter.internal.AsyncReporter$Flusher.run(AsyncReporter.java:352)
	at java.base/java.lang.Thread.run(Thread.java:840)
Caused by: org.apache.hc.client5.http.HttpHostConnectException: Connect to http://localhost:9411 [localhost/127.0.0.1, localhost/0:0:0:0:0:0:0:1] failed: Connection refused
	at java.base/sun.nio.ch.Net.pollConnect(Native Method)
	at java.base/sun.nio.ch.Net.pollConnectNow(Net.java:672)
	at java.base/sun.nio.ch.NioSocketImpl.timedFinishConnect(NioSocketImpl.java:547)
	at java.base/sun.nio.ch.NioSocketImpl.connect(NioSocketImpl.java:602)
	at java.base/java.net.SocksSocketImpl.connect(SocksSocketImpl.java:327)
	at java.base/java.net.Socket.connect(Socket.java:633)
	at org.apache.hc.client5.http.impl.io.DefaultHttpClientConnectionOperator.connect(DefaultHttpClientConnectionOperator.java:216)
	at org.apache.hc.client5.http.impl.io.PoolingHttpClientConnectionManager.connect(PoolingHttpClientConnectionManager.java:490)
	at org.apache.hc.client5.http.impl.classic.InternalExecRuntime.connectEndpoint(InternalExecRuntime.java:164)
	at org.apache.hc.client5.http.impl.classic.InternalExecRuntime.connectEndpoint(InternalExecRuntime.java:174)
	at org.apache.hc.client5.http.impl.classic.ConnectExec.execute(ConnectExec.java:144)
	at org.apache.hc.client5.http.impl.classic.ExecChainElement.execute(ExecChainElement.java:51)
	at org.apache.hc.client5.http.impl.classic.ProtocolExec.execute(ProtocolExec.java:192)
	at org.apache.hc.client5.http.impl.classic.ExecChainElement.execute(ExecChainElement.java:51)
	at org.apache.hc.client5.http.impl.classic.ContentCompressionExec.execute(ContentCompressionExec.java:150)
	at org.apache.hc.client5.http.impl.classic.ExecChainElement.execute(ExecChainElement.java:51)
	at org.apache.hc.client5.http.impl.classic.HttpRequestRetryExec.execute(HttpRequestRetryExec.java:113)
	at org.apache.hc.client5.http.impl.classic.ExecChainElement.execute(ExecChainElement.java:51)
	at org.apache.hc.client5.http.impl.classic.RedirectExec.execute(RedirectExec.java:110)
	at org.apache.hc.client5.http.impl.classic.ExecChainElement.execute(ExecChainElement.java:51)
	at org.apache.hc.client5.http.impl.classic.InternalHttpClient.doExecute(InternalHttpClient.java:174)
	at org.apache.hc.client5.http.impl.classic.CloseableHttpClient.execute(CloseableHttpClient.java:87)
	at org.apache.hc.client5.http.impl.classic.CloseableHttpClient.execute(CloseableHttpClient.java:55)
	at org.apache.hc.client5.http.classic.HttpClient.executeOpen(HttpClient.java:183)
	at org.springframework.http.client.HttpComponentsClientHttpRequest.executeInternal(HttpComponentsClientHttpRequest.java:99)
	at org.springframework.http.client.AbstractStreamingClientHttpRequest.executeInternal(AbstractStreamingClientHttpRequest.java:71)
	at org.springframework.http.client.AbstractClientHttpRequest.execute(AbstractClientHttpRequest.java:81)
	at org.springframework.web.client.RestTemplate.doExecute(RestTemplate.java:899)
	... 9 common frames omitted

2025-05-23 09:48:00.117  INFO [traceId=, spanId=] 1 --- [http-nio-9003-exec-1] o.a.c.c.C.[Tomcat].[localhost].[/]       : Initializing Spring DispatcherServlet 'dispatcherServlet'
2025-05-23 09:48:00.120  INFO [traceId=, spanId=] 1 --- [http-nio-9003-exec-1] o.s.web.servlet.DispatcherServlet        : Initializing Servlet 'dispatcherServlet'
2025-05-23 09:48:00.128  INFO [traceId=, spanId=] 1 --- [http-nio-9003-exec-1] o.s.web.servlet.DispatcherServlet        : Completed initialization in 6 ms
2025-05-23 09:52:43.438  INFO [traceId=, spanId=] 1 --- [AsyncResolver-bootstrap-executor-%d] c.n.d.s.r.aws.ConfigClusterResolver      : Resolving eureka endpoints via configuration
2025-05-23 09:57:43.433  INFO [traceId=, spanId=] 1 --- [AsyncResolver-bootstrap-executor-%d] c.n.d.s.r.aws.ConfigClusterResolver      : Resolving eureka endpoints via configuration
2025-05-23 10:02:43.418  INFO [traceId=, spanId=] 1 --- [AsyncResolver-bootstrap-executor-%d] c.n.d.s.r.aws.ConfigClusterResolver      : Resolving eureka endpoints via configuration
2025-05-23 10:07:43.401  INFO [traceId=, spanId=] 1 --- [AsyncResolver-bootstrap-executor-%d] c.n.d.s.r.aws.ConfigClusterResolver      : Resolving eureka endpoints via configuration
2025-05-23 10:13:26.005  INFO [traceId=, spanId=] 1 --- [AsyncResolver-bootstrap-executor-%d] c.n.d.s.r.aws.ConfigClusterResolver      : Resolving eureka endpoints via configuration
2025-05-23 10:18:25.992  INFO [traceId=, spanId=] 1 --- [AsyncResolver-bootstrap-executor-%d] c.n.d.s.r.aws.ConfigClusterResolver      : Resolving eureka endpoints via configuration
2025-05-23 10:23:25.982  INFO [traceId=, spanId=] 1 --- [AsyncResolver-bootstrap-executor-%d] c.n.d.s.r.aws.ConfigClusterResolver      : Resolving eureka endpoints via configuration
2025-05-23 10:28:25.970  INFO [traceId=, spanId=] 1 --- [AsyncResolver-bootstrap-executor-%d] c.n.d.s.r.aws.ConfigClusterResolver      : Resolving eureka endpoints via configuration
2025-05-23 10:33:25.958  INFO [traceId=, spanId=] 1 --- [AsyncResolver-bootstrap-executor-%d] c.n.d.s.r.aws.ConfigClusterResolver      : Resolving eureka endpoints via configuration
2025-05-23 10:38:25.945  INFO [traceId=, spanId=] 1 --- [AsyncResolver-bootstrap-executor-%d] c.n.d.s.r.aws.ConfigClusterResolver      : Resolving eureka endpoints via configuration
2025-05-23 10:43:25.933  INFO [traceId=, spanId=] 1 --- [AsyncResolver-bootstrap-executor-%d] c.n.d.s.r.aws.ConfigClusterResolver      : Resolving eureka endpoints via configuration
2025-05-23 10:48:25.921  INFO [traceId=, spanId=] 1 --- [AsyncResolver-bootstrap-executor-%d] c.n.d.s.r.aws.ConfigClusterResolver      : Resolving eureka endpoints via configuration
2025-05-23 10:53:25.907  INFO [traceId=, spanId=] 1 --- [AsyncResolver-bootstrap-executor-%d] c.n.d.s.r.aws.ConfigClusterResolver      : Resolving eureka endpoints via configuration
2025-05-23 10:58:25.890  INFO [traceId=, spanId=] 1 --- [AsyncResolver-bootstrap-executor-%d] c.n.d.s.r.aws.ConfigClusterResolver      : Resolving eureka endpoints via configuration
2025-05-23 11:03:25.874  INFO [traceId=, spanId=] 1 --- [AsyncResolver-bootstrap-executor-%d] c.n.d.s.r.aws.ConfigClusterResolver      : Resolving eureka endpoints via configuration
2025-05-23 11:08:25.855  INFO [traceId=, spanId=] 1 --- [AsyncResolver-bootstrap-executor-%d] c.n.d.s.r.aws.ConfigClusterResolver      : Resolving eureka endpoints via configuration
2025-05-23 11:13:25.839  INFO [traceId=, spanId=] 1 --- [AsyncResolver-bootstrap-executor-%d] c.n.d.s.r.aws.ConfigClusterResolver      : Resolving eureka endpoints via configuration
2025-05-23 11:18:25.824  INFO [traceId=, spanId=] 1 --- [AsyncResolver-bootstrap-executor-%d] c.n.d.s.r.aws.ConfigClusterResolver      : Resolving eureka endpoints via configuration
2025-05-23 11:23:26.682  INFO [traceId=, spanId=] 1 --- [AsyncResolver-bootstrap-executor-%d] c.n.d.s.r.aws.ConfigClusterResolver      : Resolving eureka endpoints via configuration
