{"@timestamp":"2025-04-26T01:45:44.430115895Z","@version":"1","message":"Starting DiscoveryServerApplication v0.0.1-SNAPSHOT using Java 17.0.15 with PID 1 (/app/DiscoveryServer.jar started by root in /app)","logger_name":"iuh.fit.se.discoveryserver.DiscoveryServerApplication","thread_name":"main","level":"INFO","level_value":20000}
{"@timestamp":"2025-04-26T01:45:44.806870804Z","@version":"1","message":"Running with Spring Boot v3.4.1, Spring v6.2.1","logger_name":"iuh.fit.se.discoveryserver.DiscoveryServerApplication","thread_name":"main","level":"DEBUG","level_value":10000}
{"@timestamp":"2025-04-26T01:45:44.838148947Z","@version":"1","message":"No active profile set, falling back to 1 default profile: \"default\"","logger_name":"iuh.fit.se.discoveryserver.DiscoveryServerApplication","thread_name":"main","level":"INFO","level_value":20000}
{"@timestamp":"2025-04-26T01:45:56.932222572Z","@version":"1","message":"BeanFactory id=139eb455-9e46-3a3c-8029-ef9c3bf3f1d4","logger_name":"org.springframework.cloud.context.scope.GenericScope","thread_name":"main","level":"INFO","level_value":20000}
{"@timestamp":"2025-04-26T01:45:59.535488325Z","@version":"1","message":"Tomcat initialized with port 8761 (http)","logger_name":"org.springframework.boot.web.embedded.tomcat.TomcatWebServer","thread_name":"main","level":"INFO","level_value":20000}
{"@timestamp":"2025-04-26T01:45:59.631655933Z","@version":"1","message":"Starting service [Tomcat]","logger_name":"org.apache.catalina.core.StandardService","thread_name":"main","level":"INFO","level_value":20000}
{"@timestamp":"2025-04-26T01:45:59.636997752Z","@version":"1","message":"Starting Servlet engine: [Apache Tomcat/10.1.34]","logger_name":"org.apache.catalina.core.StandardEngine","thread_name":"main","level":"INFO","level_value":20000}
{"@timestamp":"2025-04-26T01:45:59.923020876Z","@version":"1","message":"Initializing Spring embedded WebApplicationContext","logger_name":"org.apache.catalina.core.ContainerBase.[Tomcat].[localhost].[/]","thread_name":"main","level":"INFO","level_value":20000}
{"@timestamp":"2025-04-26T01:45:59.927850333Z","@version":"1","message":"Root WebApplicationContext: initialization completed in 14272 ms","logger_name":"org.springframework.boot.web.servlet.context.ServletWebServerApplicationContext","thread_name":"main","level":"INFO","level_value":20000}
{"@timestamp":"2025-04-26T01:46:12.883687737Z","@version":"1","message":"Failed to set up a Bean Validation provider: jakarta.validation.NoProviderFoundException: Unable to create a Configuration, because no Jakarta Bean Validation provider could be found. Add a provider like Hibernate Validator (RI) to your classpath.","logger_name":"org.springframework.validation.beanvalidation.OptionalValidatorFactoryBean","thread_name":"main","level":"INFO","level_value":20000}
{"@timestamp":"2025-04-26T01:46:20.573970946Z","@version":"1","message":"Spring Cloud LoadBalancer is currently working with the default cache. While this cache implementation is useful for development and tests, it's recommended to use Caffeine cache in production.You can switch to using Caffeine cache, by adding it and org.springframework.cache.caffeine.CaffeineCacheManager to the classpath.","logger_name":"org.springframework.cloud.loadbalancer.config.LoadBalancerCacheAutoConfiguration$LoadBalancerCaffeineWarnLogger","thread_name":"main","level":"WARN","level_value":30000}
{"@timestamp":"2025-04-26T01:46:20.853510818Z","@version":"1","message":"Setting initial instance status as: STARTING","logger_name":"org.springframework.cloud.netflix.eureka.InstanceInfoFactory","thread_name":"main","level":"INFO","level_value":20000}
{"@timestamp":"2025-04-26T01:46:24.367325924Z","@version":"1","message":"Exposing 17 endpoints beneath base path '/actuator'","logger_name":"org.springframework.boot.actuate.endpoint.web.EndpointLinksResolver","thread_name":"main","level":"INFO","level_value":20000}
{"@timestamp":"2025-04-26T01:46:25.280099609Z","@version":"1","message":"Registering application DISCOVERYSERVER with eureka with status UP","logger_name":"org.springframework.cloud.netflix.eureka.serviceregistry.EurekaServiceRegistry","thread_name":"main","level":"INFO","level_value":20000}
{"@timestamp":"2025-04-26T01:46:25.431209897Z","@version":"1","message":"isAws returned false","logger_name":"org.springframework.cloud.netflix.eureka.server.EurekaServerBootstrap","thread_name":"Thread-9","level":"INFO","level_value":20000}
{"@timestamp":"2025-04-26T01:46:25.478419571Z","@version":"1","message":"Initialized server context","logger_name":"org.springframework.cloud.netflix.eureka.server.EurekaServerBootstrap","thread_name":"Thread-9","level":"INFO","level_value":20000}
{"@timestamp":"2025-04-26T01:46:25.503126678Z","@version":"1","message":"Started Eureka Server","logger_name":"org.springframework.cloud.netflix.eureka.server.EurekaServerInitializerConfiguration","thread_name":"Thread-9","level":"INFO","level_value":20000}
{"@timestamp":"2025-04-26T01:46:25.564983723Z","@version":"1","message":"Tomcat started on port 8761 (http) with context path '/'","logger_name":"org.springframework.boot.web.embedded.tomcat.TomcatWebServer","thread_name":"main","level":"INFO","level_value":20000}
{"@timestamp":"2025-04-26T01:46:25.578926762Z","@version":"1","message":"Updating port to 8761","logger_name":"org.springframework.cloud.netflix.eureka.serviceregistry.EurekaAutoServiceRegistration","thread_name":"main","level":"INFO","level_value":20000}
{"@timestamp":"2025-04-26T01:46:25.650818993Z","@version":"1","message":"Started DiscoveryServerApplication in 51.058 seconds (process running for 59.64)","logger_name":"iuh.fit.se.discoveryserver.DiscoveryServerApplication","thread_name":"main","level":"INFO","level_value":20000}
{"@timestamp":"2025-04-26T01:46:27.27050278Z","@version":"1","message":"Initializing Spring DispatcherServlet 'dispatcherServlet'","logger_name":"org.apache.catalina.core.ContainerBase.[Tomcat].[localhost].[/]","thread_name":"http-nio-8761-exec-1","level":"INFO","level_value":20000}
{"@timestamp":"2025-04-26T01:46:27.290911341Z","@version":"1","message":"Initializing Servlet 'dispatcherServlet'","logger_name":"org.springframework.web.servlet.DispatcherServlet","thread_name":"http-nio-8761-exec-1","level":"INFO","level_value":20000}
{"@timestamp":"2025-04-26T01:46:27.303804495Z","@version":"1","message":"Completed initialization in 9 ms","logger_name":"org.springframework.web.servlet.DispatcherServlet","thread_name":"http-nio-8761-exec-1","level":"INFO","level_value":20000}
{"@timestamp":"2025-04-26T02:14:44.897446674Z","@version":"1","message":"Unregistering application DISCOVERYSERVER with eureka with status DOWN","logger_name":"org.springframework.cloud.netflix.eureka.serviceregistry.EurekaServiceRegistry","thread_name":"SpringApplicationShutdownHook","level":"INFO","level_value":20000}
{"@timestamp":"2025-04-26T02:14:44.939143777Z","@version":"1","message":"Commencing graceful shutdown. Waiting for active requests to complete","logger_name":"org.springframework.boot.web.embedded.tomcat.GracefulShutdown","thread_name":"SpringApplicationShutdownHook","level":"INFO","level_value":20000}
{"@timestamp":"2025-04-26T02:14:44.946487343Z","@version":"1","message":"Graceful shutdown complete","logger_name":"org.springframework.boot.web.embedded.tomcat.GracefulShutdown","thread_name":"tomcat-shutdown","level":"INFO","level_value":20000}
{"@timestamp":"2025-04-26T02:14:44.952673299Z","@version":"1","message":"Shutting down Eureka Server..","logger_name":"org.springframework.cloud.netflix.eureka.server.EurekaServerBootstrap","thread_name":"SpringApplicationShutdownHook","level":"INFO","level_value":20000}
{"@timestamp":"2025-04-26T02:14:44.965622036Z","@version":"1","message":"Eureka Service is now shutdown...","logger_name":"org.springframework.cloud.netflix.eureka.server.EurekaServerBootstrap","thread_name":"SpringApplicationShutdownHook","level":"INFO","level_value":20000}
{"@timestamp":"2025-04-26T05:11:05.541699662Z","@version":"1","message":"Starting DiscoveryServerApplication v0.0.1-SNAPSHOT using Java 17.0.15 with PID 1 (/app/DiscoveryServer.jar started by root in /app)","logger_name":"iuh.fit.se.discoveryserver.DiscoveryServerApplication","thread_name":"main","level":"INFO","level_value":20000}
{"@timestamp":"2025-04-26T05:11:05.587915336Z","@version":"1","message":"Running with Spring Boot v3.4.1, Spring v6.2.1","logger_name":"iuh.fit.se.discoveryserver.DiscoveryServerApplication","thread_name":"main","level":"DEBUG","level_value":10000}
{"@timestamp":"2025-04-26T05:11:05.591406768Z","@version":"1","message":"No active profile set, falling back to 1 default profile: \"default\"","logger_name":"iuh.fit.se.discoveryserver.DiscoveryServerApplication","thread_name":"main","level":"INFO","level_value":20000}
{"@timestamp":"2025-04-26T05:11:09.463182056Z","@version":"1","message":"BeanFactory id=139eb455-9e46-3a3c-8029-ef9c3bf3f1d4","logger_name":"org.springframework.cloud.context.scope.GenericScope","thread_name":"main","level":"INFO","level_value":20000}
{"@timestamp":"2025-04-26T05:11:10.235815801Z","@version":"1","message":"Tomcat initialized with port 8761 (http)","logger_name":"org.springframework.boot.web.embedded.tomcat.TomcatWebServer","thread_name":"main","level":"INFO","level_value":20000}
{"@timestamp":"2025-04-26T05:11:10.26310661Z","@version":"1","message":"Starting service [Tomcat]","logger_name":"org.apache.catalina.core.StandardService","thread_name":"main","level":"INFO","level_value":20000}
{"@timestamp":"2025-04-26T05:11:10.264567162Z","@version":"1","message":"Starting Servlet engine: [Apache Tomcat/10.1.34]","logger_name":"org.apache.catalina.core.StandardEngine","thread_name":"main","level":"INFO","level_value":20000}
{"@timestamp":"2025-04-26T05:11:10.347709971Z","@version":"1","message":"Initializing Spring embedded WebApplicationContext","logger_name":"org.apache.catalina.core.ContainerBase.[Tomcat].[localhost].[/]","thread_name":"main","level":"INFO","level_value":20000}
{"@timestamp":"2025-04-26T05:11:10.350191051Z","@version":"1","message":"Root WebApplicationContext: initialization completed in 4572 ms","logger_name":"org.springframework.boot.web.servlet.context.ServletWebServerApplicationContext","thread_name":"main","level":"INFO","level_value":20000}
{"@timestamp":"2025-04-26T05:11:15.218666267Z","@version":"1","message":"Failed to set up a Bean Validation provider: jakarta.validation.NoProviderFoundException: Unable to create a Configuration, because no Jakarta Bean Validation provider could be found. Add a provider like Hibernate Validator (RI) to your classpath.","logger_name":"org.springframework.validation.beanvalidation.OptionalValidatorFactoryBean","thread_name":"main","level":"INFO","level_value":20000}
{"@timestamp":"2025-04-26T05:11:17.437583119Z","@version":"1","message":"Spring Cloud LoadBalancer is currently working with the default cache. While this cache implementation is useful for development and tests, it's recommended to use Caffeine cache in production.You can switch to using Caffeine cache, by adding it and org.springframework.cache.caffeine.CaffeineCacheManager to the classpath.","logger_name":"org.springframework.cloud.loadbalancer.config.LoadBalancerCacheAutoConfiguration$LoadBalancerCaffeineWarnLogger","thread_name":"main","level":"WARN","level_value":30000}
{"@timestamp":"2025-04-26T05:11:17.49131154Z","@version":"1","message":"Setting initial instance status as: STARTING","logger_name":"org.springframework.cloud.netflix.eureka.InstanceInfoFactory","thread_name":"main","level":"INFO","level_value":20000}
{"@timestamp":"2025-04-26T05:11:18.371422726Z","@version":"1","message":"Exposing 17 endpoints beneath base path '/actuator'","logger_name":"org.springframework.boot.actuate.endpoint.web.EndpointLinksResolver","thread_name":"main","level":"INFO","level_value":20000}
{"@timestamp":"2025-04-26T05:11:18.512532685Z","@version":"1","message":"Registering application DISCOVERYSERVER with eureka with status UP","logger_name":"org.springframework.cloud.netflix.eureka.serviceregistry.EurekaServiceRegistry","thread_name":"main","level":"INFO","level_value":20000}
{"@timestamp":"2025-04-26T05:11:18.541202303Z","@version":"1","message":"isAws returned false","logger_name":"org.springframework.cloud.netflix.eureka.server.EurekaServerBootstrap","thread_name":"Thread-9","level":"INFO","level_value":20000}
{"@timestamp":"2025-04-26T05:11:18.54504037Z","@version":"1","message":"Initialized server context","logger_name":"org.springframework.cloud.netflix.eureka.server.EurekaServerBootstrap","thread_name":"Thread-9","level":"INFO","level_value":20000}
{"@timestamp":"2025-04-26T05:11:18.553803545Z","@version":"1","message":"Started Eureka Server","logger_name":"org.springframework.cloud.netflix.eureka.server.EurekaServerInitializerConfiguration","thread_name":"Thread-9","level":"INFO","level_value":20000}
{"@timestamp":"2025-04-26T05:11:18.571089808Z","@version":"1","message":"Tomcat started on port 8761 (http) with context path '/'","logger_name":"org.springframework.boot.web.embedded.tomcat.TomcatWebServer","thread_name":"main","level":"INFO","level_value":20000}
{"@timestamp":"2025-04-26T05:11:18.573908853Z","@version":"1","message":"Updating port to 8761","logger_name":"org.springframework.cloud.netflix.eureka.serviceregistry.EurekaAutoServiceRegistration","thread_name":"main","level":"INFO","level_value":20000}
{"@timestamp":"2025-04-26T05:11:18.599355485Z","@version":"1","message":"Started DiscoveryServerApplication in 17.991 seconds (process running for 20.115)","logger_name":"iuh.fit.se.discoveryserver.DiscoveryServerApplication","thread_name":"main","level":"INFO","level_value":20000}
{"@timestamp":"2025-04-26T05:11:28.595618163Z","@version":"1","message":"Initializing Spring DispatcherServlet 'dispatcherServlet'","logger_name":"org.apache.catalina.core.ContainerBase.[Tomcat].[localhost].[/]","thread_name":"http-nio-8761-exec-1","level":"INFO","level_value":20000}
{"@timestamp":"2025-04-26T05:11:28.598797767Z","@version":"1","message":"Initializing Servlet 'dispatcherServlet'","logger_name":"org.springframework.web.servlet.DispatcherServlet","thread_name":"http-nio-8761-exec-1","level":"INFO","level_value":20000}
{"@timestamp":"2025-04-26T05:11:28.603519115Z","@version":"1","message":"Completed initialization in 3 ms","logger_name":"org.springframework.web.servlet.DispatcherServlet","thread_name":"http-nio-8761-exec-1","level":"INFO","level_value":20000}
{"@timestamp":"2025-04-26T05:20:45.07065467Z","@version":"1","message":"Unregistering application DISCOVERYSERVER with eureka with status DOWN","logger_name":"org.springframework.cloud.netflix.eureka.serviceregistry.EurekaServiceRegistry","thread_name":"SpringApplicationShutdownHook","level":"INFO","level_value":20000}
{"@timestamp":"2025-04-26T05:20:45.140606575Z","@version":"1","message":"Commencing graceful shutdown. Waiting for active requests to complete","logger_name":"org.springframework.boot.web.embedded.tomcat.GracefulShutdown","thread_name":"SpringApplicationShutdownHook","level":"INFO","level_value":20000}
{"@timestamp":"2025-04-26T05:20:45.152818287Z","@version":"1","message":"Graceful shutdown complete","logger_name":"org.springframework.boot.web.embedded.tomcat.GracefulShutdown","thread_name":"tomcat-shutdown","level":"INFO","level_value":20000}
{"@timestamp":"2025-04-26T05:20:45.16530579Z","@version":"1","message":"Shutting down Eureka Server..","logger_name":"org.springframework.cloud.netflix.eureka.server.EurekaServerBootstrap","thread_name":"SpringApplicationShutdownHook","level":"INFO","level_value":20000}
{"@timestamp":"2025-04-26T05:20:45.190459022Z","@version":"1","message":"Eureka Service is now shutdown...","logger_name":"org.springframework.cloud.netflix.eureka.server.EurekaServerBootstrap","thread_name":"SpringApplicationShutdownHook","level":"INFO","level_value":20000}
{"@timestamp":"2025-04-26T05:21:53.674770518Z","@version":"1","message":"Starting DiscoveryServerApplication v0.0.1-SNAPSHOT using Java 17.0.15 with PID 1 (/app/DiscoveryServer.jar started by root in /app)","logger_name":"iuh.fit.se.discoveryserver.DiscoveryServerApplication","thread_name":"main","level":"INFO","level_value":20000}
{"@timestamp":"2025-04-26T05:21:53.718538076Z","@version":"1","message":"Running with Spring Boot v3.4.1, Spring v6.2.1","logger_name":"iuh.fit.se.discoveryserver.DiscoveryServerApplication","thread_name":"main","level":"DEBUG","level_value":10000}
{"@timestamp":"2025-04-26T05:21:53.723678533Z","@version":"1","message":"No active profile set, falling back to 1 default profile: \"default\"","logger_name":"iuh.fit.se.discoveryserver.DiscoveryServerApplication","thread_name":"main","level":"INFO","level_value":20000}
{"@timestamp":"2025-04-26T05:21:57.017199418Z","@version":"1","message":"BeanFactory id=139eb455-9e46-3a3c-8029-ef9c3bf3f1d4","logger_name":"org.springframework.cloud.context.scope.GenericScope","thread_name":"main","level":"INFO","level_value":20000}
{"@timestamp":"2025-04-26T05:21:57.709115693Z","@version":"1","message":"Tomcat initialized with port 8761 (http)","logger_name":"org.springframework.boot.web.embedded.tomcat.TomcatWebServer","thread_name":"main","level":"INFO","level_value":20000}
{"@timestamp":"2025-04-26T05:21:57.746511482Z","@version":"1","message":"Starting service [Tomcat]","logger_name":"org.apache.catalina.core.StandardService","thread_name":"main","level":"INFO","level_value":20000}
{"@timestamp":"2025-04-26T05:21:57.749401546Z","@version":"1","message":"Starting Servlet engine: [Apache Tomcat/10.1.34]","logger_name":"org.apache.catalina.core.StandardEngine","thread_name":"main","level":"INFO","level_value":20000}
{"@timestamp":"2025-04-26T05:21:57.895873292Z","@version":"1","message":"Initializing Spring embedded WebApplicationContext","logger_name":"org.apache.catalina.core.ContainerBase.[Tomcat].[localhost].[/]","thread_name":"main","level":"INFO","level_value":20000}
{"@timestamp":"2025-04-26T05:21:57.898631047Z","@version":"1","message":"Root WebApplicationContext: initialization completed in 3992 ms","logger_name":"org.springframework.boot.web.servlet.context.ServletWebServerApplicationContext","thread_name":"main","level":"INFO","level_value":20000}
{"@timestamp":"2025-04-26T05:22:01.228699921Z","@version":"1","message":"Failed to set up a Bean Validation provider: jakarta.validation.NoProviderFoundException: Unable to create a Configuration, because no Jakarta Bean Validation provider could be found. Add a provider like Hibernate Validator (RI) to your classpath.","logger_name":"org.springframework.validation.beanvalidation.OptionalValidatorFactoryBean","thread_name":"main","level":"INFO","level_value":20000}
{"@timestamp":"2025-04-26T05:22:03.39747589Z","@version":"1","message":"Spring Cloud LoadBalancer is currently working with the default cache. While this cache implementation is useful for development and tests, it's recommended to use Caffeine cache in production.You can switch to using Caffeine cache, by adding it and org.springframework.cache.caffeine.CaffeineCacheManager to the classpath.","logger_name":"org.springframework.cloud.loadbalancer.config.LoadBalancerCacheAutoConfiguration$LoadBalancerCaffeineWarnLogger","thread_name":"main","level":"WARN","level_value":30000}
{"@timestamp":"2025-04-26T05:22:03.464114285Z","@version":"1","message":"Setting initial instance status as: STARTING","logger_name":"org.springframework.cloud.netflix.eureka.InstanceInfoFactory","thread_name":"main","level":"INFO","level_value":20000}
{"@timestamp":"2025-04-26T05:22:04.234880399Z","@version":"1","message":"Exposing 17 endpoints beneath base path '/actuator'","logger_name":"org.springframework.boot.actuate.endpoint.web.EndpointLinksResolver","thread_name":"main","level":"INFO","level_value":20000}
{"@timestamp":"2025-04-26T05:22:04.480851633Z","@version":"1","message":"Registering application DISCOVERYSERVER with eureka with status UP","logger_name":"org.springframework.cloud.netflix.eureka.serviceregistry.EurekaServiceRegistry","thread_name":"main","level":"INFO","level_value":20000}
{"@timestamp":"2025-04-26T05:22:04.526653633Z","@version":"1","message":"isAws returned false","logger_name":"org.springframework.cloud.netflix.eureka.server.EurekaServerBootstrap","thread_name":"Thread-9","level":"INFO","level_value":20000}
{"@timestamp":"2025-04-26T05:22:04.530398807Z","@version":"1","message":"Initialized server context","logger_name":"org.springframework.cloud.netflix.eureka.server.EurekaServerBootstrap","thread_name":"Thread-9","level":"INFO","level_value":20000}
{"@timestamp":"2025-04-26T05:22:04.538011819Z","@version":"1","message":"Started Eureka Server","logger_name":"org.springframework.cloud.netflix.eureka.server.EurekaServerInitializerConfiguration","thread_name":"Thread-9","level":"INFO","level_value":20000}
{"@timestamp":"2025-04-26T05:22:04.554301288Z","@version":"1","message":"Tomcat started on port 8761 (http) with context path '/'","logger_name":"org.springframework.boot.web.embedded.tomcat.TomcatWebServer","thread_name":"main","level":"INFO","level_value":20000}
{"@timestamp":"2025-04-26T05:22:04.558990237Z","@version":"1","message":"Updating port to 8761","logger_name":"org.springframework.cloud.netflix.eureka.serviceregistry.EurekaAutoServiceRegistration","thread_name":"main","level":"INFO","level_value":20000}
{"@timestamp":"2025-04-26T05:22:04.608927525Z","@version":"1","message":"Started DiscoveryServerApplication in 14.48 seconds (process running for 16.556)","logger_name":"iuh.fit.se.discoveryserver.DiscoveryServerApplication","thread_name":"main","level":"INFO","level_value":20000}
{"@timestamp":"2025-04-26T05:22:18.206430328Z","@version":"1","message":"Initializing Spring DispatcherServlet 'dispatcherServlet'","logger_name":"org.apache.catalina.core.ContainerBase.[Tomcat].[localhost].[/]","thread_name":"http-nio-8761-exec-1","level":"INFO","level_value":20000}
{"@timestamp":"2025-04-26T05:22:18.209996593Z","@version":"1","message":"Initializing Servlet 'dispatcherServlet'","logger_name":"org.springframework.web.servlet.DispatcherServlet","thread_name":"http-nio-8761-exec-1","level":"INFO","level_value":20000}
{"@timestamp":"2025-04-26T05:22:18.218305041Z","@version":"1","message":"Completed initialization in 6 ms","logger_name":"org.springframework.web.servlet.DispatcherServlet","thread_name":"http-nio-8761-exec-1","level":"INFO","level_value":20000}
{"@timestamp":"2025-04-26T05:27:26.258956169Z","@version":"1","message":"Unregistering application DISCOVERYSERVER with eureka with status DOWN","logger_name":"org.springframework.cloud.netflix.eureka.serviceregistry.EurekaServiceRegistry","thread_name":"SpringApplicationShutdownHook","level":"INFO","level_value":20000}
{"@timestamp":"2025-04-26T05:27:26.290348827Z","@version":"1","message":"Commencing graceful shutdown. Waiting for active requests to complete","logger_name":"org.springframework.boot.web.embedded.tomcat.GracefulShutdown","thread_name":"SpringApplicationShutdownHook","level":"INFO","level_value":20000}
{"@timestamp":"2025-04-26T05:27:26.298934096Z","@version":"1","message":"Graceful shutdown complete","logger_name":"org.springframework.boot.web.embedded.tomcat.GracefulShutdown","thread_name":"tomcat-shutdown","level":"INFO","level_value":20000}
{"@timestamp":"2025-04-26T05:27:26.305840914Z","@version":"1","message":"Shutting down Eureka Server..","logger_name":"org.springframework.cloud.netflix.eureka.server.EurekaServerBootstrap","thread_name":"SpringApplicationShutdownHook","level":"INFO","level_value":20000}
{"@timestamp":"2025-04-26T05:27:26.322059817Z","@version":"1","message":"Eureka Service is now shutdown...","logger_name":"org.springframework.cloud.netflix.eureka.server.EurekaServerBootstrap","thread_name":"SpringApplicationShutdownHook","level":"INFO","level_value":20000}
{"@timestamp":"2025-04-26T05:46:15.178822268Z","@version":"1","message":"Starting DiscoveryServerApplication v0.0.1-SNAPSHOT using Java 17.0.15 with PID 1 (/app/DiscoveryServer.jar started by root in /app)","logger_name":"iuh.fit.se.discoveryserver.DiscoveryServerApplication","thread_name":"main","level":"INFO","level_value":20000}
{"@timestamp":"2025-04-26T05:46:15.211921407Z","@version":"1","message":"Running with Spring Boot v3.4.1, Spring v6.2.1","logger_name":"iuh.fit.se.discoveryserver.DiscoveryServerApplication","thread_name":"main","level":"DEBUG","level_value":10000}
{"@timestamp":"2025-04-26T05:46:15.216899317Z","@version":"1","message":"No active profile set, falling back to 1 default profile: \"default\"","logger_name":"iuh.fit.se.discoveryserver.DiscoveryServerApplication","thread_name":"main","level":"INFO","level_value":20000}
{"@timestamp":"2025-04-26T05:46:18.691034196Z","@version":"1","message":"BeanFactory id=139eb455-9e46-3a3c-8029-ef9c3bf3f1d4","logger_name":"org.springframework.cloud.context.scope.GenericScope","thread_name":"main","level":"INFO","level_value":20000}
{"@timestamp":"2025-04-26T05:46:19.508831283Z","@version":"1","message":"Tomcat initialized with port 8761 (http)","logger_name":"org.springframework.boot.web.embedded.tomcat.TomcatWebServer","thread_name":"main","level":"INFO","level_value":20000}
{"@timestamp":"2025-04-26T05:46:19.542186601Z","@version":"1","message":"Starting service [Tomcat]","logger_name":"org.apache.catalina.core.StandardService","thread_name":"main","level":"INFO","level_value":20000}
{"@timestamp":"2025-04-26T05:46:19.544305411Z","@version":"1","message":"Starting Servlet engine: [Apache Tomcat/10.1.34]","logger_name":"org.apache.catalina.core.StandardEngine","thread_name":"main","level":"INFO","level_value":20000}
{"@timestamp":"2025-04-26T05:46:19.678913512Z","@version":"1","message":"Initializing Spring embedded WebApplicationContext","logger_name":"org.apache.catalina.core.ContainerBase.[Tomcat].[localhost].[/]","thread_name":"main","level":"INFO","level_value":20000}
{"@timestamp":"2025-04-26T05:46:19.682915734Z","@version":"1","message":"Root WebApplicationContext: initialization completed in 4347 ms","logger_name":"org.springframework.boot.web.servlet.context.ServletWebServerApplicationContext","thread_name":"main","level":"INFO","level_value":20000}
{"@timestamp":"2025-04-26T05:46:23.553423168Z","@version":"1","message":"Failed to set up a Bean Validation provider: jakarta.validation.NoProviderFoundException: Unable to create a Configuration, because no Jakarta Bean Validation provider could be found. Add a provider like Hibernate Validator (RI) to your classpath.","logger_name":"org.springframework.validation.beanvalidation.OptionalValidatorFactoryBean","thread_name":"main","level":"INFO","level_value":20000}
{"@timestamp":"2025-04-26T05:46:26.493933925Z","@version":"1","message":"Spring Cloud LoadBalancer is currently working with the default cache. While this cache implementation is useful for development and tests, it's recommended to use Caffeine cache in production.You can switch to using Caffeine cache, by adding it and org.springframework.cache.caffeine.CaffeineCacheManager to the classpath.","logger_name":"org.springframework.cloud.loadbalancer.config.LoadBalancerCacheAutoConfiguration$LoadBalancerCaffeineWarnLogger","thread_name":"main","level":"WARN","level_value":30000}
{"@timestamp":"2025-04-26T05:46:26.530482827Z","@version":"1","message":"Setting initial instance status as: STARTING","logger_name":"org.springframework.cloud.netflix.eureka.InstanceInfoFactory","thread_name":"main","level":"INFO","level_value":20000}
{"@timestamp":"2025-04-26T05:46:27.078868226Z","@version":"1","message":"Exposing 17 endpoints beneath base path '/actuator'","logger_name":"org.springframework.boot.actuate.endpoint.web.EndpointLinksResolver","thread_name":"main","level":"INFO","level_value":20000}
{"@timestamp":"2025-04-26T05:46:27.224848309Z","@version":"1","message":"Registering application DISCOVERYSERVER with eureka with status UP","logger_name":"org.springframework.cloud.netflix.eureka.serviceregistry.EurekaServiceRegistry","thread_name":"main","level":"INFO","level_value":20000}
{"@timestamp":"2025-04-26T05:46:27.257503664Z","@version":"1","message":"isAws returned false","logger_name":"org.springframework.cloud.netflix.eureka.server.EurekaServerBootstrap","thread_name":"Thread-9","level":"INFO","level_value":20000}
{"@timestamp":"2025-04-26T05:46:27.261737322Z","@version":"1","message":"Initialized server context","logger_name":"org.springframework.cloud.netflix.eureka.server.EurekaServerBootstrap","thread_name":"Thread-9","level":"INFO","level_value":20000}
{"@timestamp":"2025-04-26T05:46:27.269639983Z","@version":"1","message":"Started Eureka Server","logger_name":"org.springframework.cloud.netflix.eureka.server.EurekaServerInitializerConfiguration","thread_name":"Thread-9","level":"INFO","level_value":20000}
{"@timestamp":"2025-04-26T05:46:27.283350382Z","@version":"1","message":"Tomcat started on port 8761 (http) with context path '/'","logger_name":"org.springframework.boot.web.embedded.tomcat.TomcatWebServer","thread_name":"main","level":"INFO","level_value":20000}
{"@timestamp":"2025-04-26T05:46:27.287172013Z","@version":"1","message":"Updating port to 8761","logger_name":"org.springframework.cloud.netflix.eureka.serviceregistry.EurekaAutoServiceRegistration","thread_name":"main","level":"INFO","level_value":20000}
{"@timestamp":"2025-04-26T05:46:27.327100311Z","@version":"1","message":"Started DiscoveryServerApplication in 15.844 seconds (process running for 18.25)","logger_name":"iuh.fit.se.discoveryserver.DiscoveryServerApplication","thread_name":"main","level":"INFO","level_value":20000}
{"@timestamp":"2025-04-26T05:46:39.247474191Z","@version":"1","message":"Initializing Spring DispatcherServlet 'dispatcherServlet'","logger_name":"org.apache.catalina.core.ContainerBase.[Tomcat].[localhost].[/]","thread_name":"http-nio-8761-exec-1","level":"INFO","level_value":20000}
{"@timestamp":"2025-04-26T05:46:39.249997809Z","@version":"1","message":"Initializing Servlet 'dispatcherServlet'","logger_name":"org.springframework.web.servlet.DispatcherServlet","thread_name":"http-nio-8761-exec-1","level":"INFO","level_value":20000}
{"@timestamp":"2025-04-26T05:46:39.253100036Z","@version":"1","message":"Completed initialization in 1 ms","logger_name":"org.springframework.web.servlet.DispatcherServlet","thread_name":"http-nio-8761-exec-1","level":"INFO","level_value":20000}
{"@timestamp":"2025-04-26T05:52:27.366672044Z","@version":"1","message":"Unregistering application DISCOVERYSERVER with eureka with status DOWN","logger_name":"org.springframework.cloud.netflix.eureka.serviceregistry.EurekaServiceRegistry","thread_name":"SpringApplicationShutdownHook","level":"INFO","level_value":20000}
{"@timestamp":"2025-04-26T05:52:27.414139952Z","@version":"1","message":"Commencing graceful shutdown. Waiting for active requests to complete","logger_name":"org.springframework.boot.web.embedded.tomcat.GracefulShutdown","thread_name":"SpringApplicationShutdownHook","level":"INFO","level_value":20000}
{"@timestamp":"2025-04-26T05:52:27.424698101Z","@version":"1","message":"Graceful shutdown complete","logger_name":"org.springframework.boot.web.embedded.tomcat.GracefulShutdown","thread_name":"tomcat-shutdown","level":"INFO","level_value":20000}
{"@timestamp":"2025-04-26T05:52:27.43409428Z","@version":"1","message":"Shutting down Eureka Server..","logger_name":"org.springframework.cloud.netflix.eureka.server.EurekaServerBootstrap","thread_name":"SpringApplicationShutdownHook","level":"INFO","level_value":20000}
{"@timestamp":"2025-04-26T05:52:27.456869907Z","@version":"1","message":"Eureka Service is now shutdown...","logger_name":"org.springframework.cloud.netflix.eureka.server.EurekaServerBootstrap","thread_name":"SpringApplicationShutdownHook","level":"INFO","level_value":20000}
{"@timestamp":"2025-04-26T11:58:31.681736474Z","@version":"1","message":"Starting DiscoveryServerApplication v0.0.1-SNAPSHOT using Java 17.0.15 with PID 1 (/app/DiscoveryServer.jar started by root in /app)","logger_name":"iuh.fit.se.discoveryserver.DiscoveryServerApplication","thread_name":"main","level":"INFO","level_value":20000}
{"@timestamp":"2025-04-26T11:58:31.736178502Z","@version":"1","message":"Running with Spring Boot v3.4.1, Spring v6.2.1","logger_name":"iuh.fit.se.discoveryserver.DiscoveryServerApplication","thread_name":"main","level":"DEBUG","level_value":10000}
{"@timestamp":"2025-04-26T11:58:31.743957976Z","@version":"1","message":"No active profile set, falling back to 1 default profile: \"default\"","logger_name":"iuh.fit.se.discoveryserver.DiscoveryServerApplication","thread_name":"main","level":"INFO","level_value":20000}
{"@timestamp":"2025-04-26T11:58:38.209566468Z","@version":"1","message":"BeanFactory id=139eb455-9e46-3a3c-8029-ef9c3bf3f1d4","logger_name":"org.springframework.cloud.context.scope.GenericScope","thread_name":"main","level":"INFO","level_value":20000}
{"@timestamp":"2025-04-26T11:58:40.211203668Z","@version":"1","message":"Tomcat initialized with port 8761 (http)","logger_name":"org.springframework.boot.web.embedded.tomcat.TomcatWebServer","thread_name":"main","level":"INFO","level_value":20000}
{"@timestamp":"2025-04-26T11:58:40.305969821Z","@version":"1","message":"Starting service [Tomcat]","logger_name":"org.apache.catalina.core.StandardService","thread_name":"main","level":"INFO","level_value":20000}
{"@timestamp":"2025-04-26T11:58:40.317416071Z","@version":"1","message":"Starting Servlet engine: [Apache Tomcat/10.1.34]","logger_name":"org.apache.catalina.core.StandardEngine","thread_name":"main","level":"INFO","level_value":20000}
{"@timestamp":"2025-04-26T11:58:40.560125126Z","@version":"1","message":"Initializing Spring embedded WebApplicationContext","logger_name":"org.apache.catalina.core.ContainerBase.[Tomcat].[localhost].[/]","thread_name":"main","level":"INFO","level_value":20000}
{"@timestamp":"2025-04-26T11:58:40.568125633Z","@version":"1","message":"Root WebApplicationContext: initialization completed in 8662 ms","logger_name":"org.springframework.boot.web.servlet.context.ServletWebServerApplicationContext","thread_name":"main","level":"INFO","level_value":20000}
{"@timestamp":"2025-04-26T11:58:47.815009474Z","@version":"1","message":"Failed to set up a Bean Validation provider: jakarta.validation.NoProviderFoundException: Unable to create a Configuration, because no Jakarta Bean Validation provider could be found. Add a provider like Hibernate Validator (RI) to your classpath.","logger_name":"org.springframework.validation.beanvalidation.OptionalValidatorFactoryBean","thread_name":"main","level":"INFO","level_value":20000}
{"@timestamp":"2025-04-26T11:58:50.562196951Z","@version":"1","message":"Spring Cloud LoadBalancer is currently working with the default cache. While this cache implementation is useful for development and tests, it's recommended to use Caffeine cache in production.You can switch to using Caffeine cache, by adding it and org.springframework.cache.caffeine.CaffeineCacheManager to the classpath.","logger_name":"org.springframework.cloud.loadbalancer.config.LoadBalancerCacheAutoConfiguration$LoadBalancerCaffeineWarnLogger","thread_name":"main","level":"WARN","level_value":30000}
{"@timestamp":"2025-04-26T11:58:50.636578117Z","@version":"1","message":"Setting initial instance status as: STARTING","logger_name":"org.springframework.cloud.netflix.eureka.InstanceInfoFactory","thread_name":"main","level":"INFO","level_value":20000}
{"@timestamp":"2025-04-26T11:58:51.661639999Z","@version":"1","message":"Exposing 17 endpoints beneath base path '/actuator'","logger_name":"org.springframework.boot.actuate.endpoint.web.EndpointLinksResolver","thread_name":"main","level":"INFO","level_value":20000}
{"@timestamp":"2025-04-26T11:58:51.872989065Z","@version":"1","message":"Registering application DISCOVERYSERVER with eureka with status UP","logger_name":"org.springframework.cloud.netflix.eureka.serviceregistry.EurekaServiceRegistry","thread_name":"main","level":"INFO","level_value":20000}
{"@timestamp":"2025-04-26T11:58:51.908313456Z","@version":"1","message":"isAws returned false","logger_name":"org.springframework.cloud.netflix.eureka.server.EurekaServerBootstrap","thread_name":"Thread-9","level":"INFO","level_value":20000}
{"@timestamp":"2025-04-26T11:58:51.914771235Z","@version":"1","message":"Initialized server context","logger_name":"org.springframework.cloud.netflix.eureka.server.EurekaServerBootstrap","thread_name":"Thread-9","level":"INFO","level_value":20000}
{"@timestamp":"2025-04-26T11:58:51.924721486Z","@version":"1","message":"Started Eureka Server","logger_name":"org.springframework.cloud.netflix.eureka.server.EurekaServerInitializerConfiguration","thread_name":"Thread-9","level":"INFO","level_value":20000}
{"@timestamp":"2025-04-26T11:58:51.955366313Z","@version":"1","message":"Tomcat started on port 8761 (http) with context path '/'","logger_name":"org.springframework.boot.web.embedded.tomcat.TomcatWebServer","thread_name":"main","level":"INFO","level_value":20000}
{"@timestamp":"2025-04-26T11:58:51.961398006Z","@version":"1","message":"Updating port to 8761","logger_name":"org.springframework.cloud.netflix.eureka.serviceregistry.EurekaAutoServiceRegistration","thread_name":"main","level":"INFO","level_value":20000}
{"@timestamp":"2025-04-26T11:58:52.025853552Z","@version":"1","message":"Started DiscoveryServerApplication in 24.12 seconds (process running for 27.593)","logger_name":"iuh.fit.se.discoveryserver.DiscoveryServerApplication","thread_name":"main","level":"INFO","level_value":20000}
{"@timestamp":"2025-04-26T11:58:54.563833206Z","@version":"1","message":"Initializing Spring DispatcherServlet 'dispatcherServlet'","logger_name":"org.apache.catalina.core.ContainerBase.[Tomcat].[localhost].[/]","thread_name":"http-nio-8761-exec-1","level":"INFO","level_value":20000}
{"@timestamp":"2025-04-26T11:58:54.566277665Z","@version":"1","message":"Initializing Servlet 'dispatcherServlet'","logger_name":"org.springframework.web.servlet.DispatcherServlet","thread_name":"http-nio-8761-exec-1","level":"INFO","level_value":20000}
{"@timestamp":"2025-04-26T11:58:54.571408432Z","@version":"1","message":"Completed initialization in 2 ms","logger_name":"org.springframework.web.servlet.DispatcherServlet","thread_name":"http-nio-8761-exec-1","level":"INFO","level_value":20000}
