2025-05-23 05:08:16.064  INFO 1 --- [main] i.f.s.d.DiscoveryServerApplication       : Starting DiscoveryServerApplication v0.0.1-SNAPSHOT using Java 17.0.15 with PID 1 (/app/DiscoveryServer.jar started by root in /app)
2025-05-23 05:08:16.138 DEBUG 1 --- [main] i.f.s.d.DiscoveryServerApplication       : Running with Spring Boot v3.4.1, Spring v6.2.1
2025-05-23 05:08:16.145  INFO 1 --- [main] i.f.s.d.DiscoveryServerApplication       : No active profile set, falling back to 1 default profile: "default"
2025-05-23 05:08:19.116  INFO 1 --- [main] o.s.cloud.context.scope.GenericScope     : BeanFactory id=139eb455-9e46-3a3c-8029-ef9c3bf3f1d4
2025-05-23 05:08:19.701  INFO 1 --- [main] o.s.b.w.embedded.tomcat.TomcatWebServer  : Tomcat initialized with port 8761 (http)
2025-05-23 05:08:19.726  INFO 1 --- [main] o.apache.catalina.core.StandardService   : Starting service [Tomcat]
2025-05-23 05:08:19.727  INFO 1 --- [main] o.apache.catalina.core.StandardEngine    : Starting Servlet engine: [Apache Tomcat/10.1.34]
2025-05-23 05:08:19.799  INFO 1 --- [main] o.a.c.c.C.[Tomcat].[localhost].[/]       : Initializing Spring embedded WebApplicationContext
2025-05-23 05:08:19.801  INFO 1 --- [main] w.s.c.ServletWebServerApplicationContext : Root WebApplicationContext: initialization completed in 3480 ms
2025-05-23 05:08:22.986  INFO 1 --- [main] o.s.v.b.OptionalValidatorFactoryBean     : Failed to set up a Bean Validation provider: jakarta.validation.NoProviderFoundException: Unable to create a Configuration, because no Jakarta Bean Validation provider could be found. Add a provider like Hibernate Validator (RI) to your classpath.
2025-05-23 05:08:24.639  WARN 1 --- [main] iguration$LoadBalancerCaffeineWarnLogger : Spring Cloud LoadBalancer is currently working with the default cache. While this cache implementation is useful for development and tests, it's recommended to use Caffeine cache in production.You can switch to using Caffeine cache, by adding it and org.springframework.cache.caffeine.CaffeineCacheManager to the classpath.
2025-05-23 05:08:24.684  INFO 1 --- [main] o.s.c.n.eureka.InstanceInfoFactory       : Setting initial instance status as: STARTING
2025-05-23 05:08:25.201  INFO 1 --- [main] o.s.b.a.e.web.EndpointLinksResolver      : Exposing 17 endpoints beneath base path '/actuator'
2025-05-23 05:08:25.332  INFO 1 --- [main] o.s.c.n.e.s.EurekaServiceRegistry        : Registering application DISCOVERYSERVER with eureka with status UP
2025-05-23 05:08:25.356  INFO 1 --- [Thread-9] o.s.c.n.e.server.EurekaServerBootstrap   : isAws returned false
2025-05-23 05:08:25.358  INFO 1 --- [Thread-9] o.s.c.n.e.server.EurekaServerBootstrap   : Initialized server context
2025-05-23 05:08:25.366  INFO 1 --- [Thread-9] e.s.EurekaServerInitializerConfiguration : Started Eureka Server
2025-05-23 05:08:25.385  INFO 1 --- [main] o.s.b.w.embedded.tomcat.TomcatWebServer  : Tomcat started on port 8761 (http) with context path '/'
2025-05-23 05:08:25.389  INFO 1 --- [main] .s.c.n.e.s.EurekaAutoServiceRegistration : Updating port to 8761
2025-05-23 05:08:25.424  INFO 1 --- [main] i.f.s.d.DiscoveryServerApplication       : Started DiscoveryServerApplication in 12.024 seconds (process running for 13.634)
2025-05-23 05:08:41.900  INFO 1 --- [http-nio-8761-exec-1] o.a.c.c.C.[Tomcat].[localhost].[/]       : Initializing Spring DispatcherServlet 'dispatcherServlet'
2025-05-23 05:08:41.902  INFO 1 --- [http-nio-8761-exec-1] o.s.web.servlet.DispatcherServlet        : Initializing Servlet 'dispatcherServlet'
2025-05-23 05:08:41.908  INFO 1 --- [http-nio-8761-exec-1] o.s.web.servlet.DispatcherServlet        : Completed initialization in 4 ms
2025-05-23 05:23:36.549  INFO 1 --- [SpringApplicationShutdownHook] o.s.c.n.e.s.EurekaServiceRegistry        : Unregistering application DISCOVERYSERVER with eureka with status DOWN
2025-05-23 05:23:36.812  INFO 1 --- [SpringApplicationShutdownHook] o.s.b.w.e.tomcat.GracefulShutdown        : Commencing graceful shutdown. Waiting for active requests to complete
2025-05-23 05:23:36.868  INFO 1 --- [tomcat-shutdown] o.s.b.w.e.tomcat.GracefulShutdown        : Graceful shutdown complete
2025-05-23 05:23:36.895  INFO 1 --- [SpringApplicationShutdownHook] o.s.c.n.e.server.EurekaServerBootstrap   : Shutting down Eureka Server..
2025-05-23 05:23:36.978  INFO 1 --- [SpringApplicationShutdownHook] o.s.c.n.e.server.EurekaServerBootstrap   : Eureka Service is now shutdown...
2025-05-23 08:46:29.852  INFO 1 --- [main] i.f.s.d.DiscoveryServerApplication       : Starting DiscoveryServerApplication v0.0.1-SNAPSHOT using Java 17.0.15 with PID 1 (/app/DiscoveryServer.jar started by root in /app)
2025-05-23 08:46:29.888 DEBUG 1 --- [main] i.f.s.d.DiscoveryServerApplication       : Running with Spring Boot v3.4.1, Spring v6.2.1
2025-05-23 08:46:29.893  INFO 1 --- [main] i.f.s.d.DiscoveryServerApplication       : No active profile set, falling back to 1 default profile: "default"
2025-05-23 08:46:34.239  INFO 1 --- [main] o.s.cloud.context.scope.GenericScope     : BeanFactory id=139eb455-9e46-3a3c-8029-ef9c3bf3f1d4
2025-05-23 08:46:35.422  INFO 1 --- [main] o.s.b.w.embedded.tomcat.TomcatWebServer  : Tomcat initialized with port 8761 (http)
2025-05-23 08:46:35.464  INFO 1 --- [main] o.apache.catalina.core.StandardService   : Starting service [Tomcat]
2025-05-23 08:46:35.467  INFO 1 --- [main] o.apache.catalina.core.StandardEngine    : Starting Servlet engine: [Apache Tomcat/10.1.34]
2025-05-23 08:46:35.606  INFO 1 --- [main] o.a.c.c.C.[Tomcat].[localhost].[/]       : Initializing Spring embedded WebApplicationContext
2025-05-23 08:46:35.609  INFO 1 --- [main] w.s.c.ServletWebServerApplicationContext : Root WebApplicationContext: initialization completed in 5551 ms
2025-05-23 08:46:42.593  INFO 1 --- [main] o.s.v.b.OptionalValidatorFactoryBean     : Failed to set up a Bean Validation provider: jakarta.validation.NoProviderFoundException: Unable to create a Configuration, because no Jakarta Bean Validation provider could be found. Add a provider like Hibernate Validator (RI) to your classpath.
2025-05-23 08:46:45.670  WARN 1 --- [main] iguration$LoadBalancerCaffeineWarnLogger : Spring Cloud LoadBalancer is currently working with the default cache. While this cache implementation is useful for development and tests, it's recommended to use Caffeine cache in production.You can switch to using Caffeine cache, by adding it and org.springframework.cache.caffeine.CaffeineCacheManager to the classpath.
2025-05-23 08:46:45.759  INFO 1 --- [main] o.s.c.n.eureka.InstanceInfoFactory       : Setting initial instance status as: STARTING
2025-05-23 08:46:46.959  INFO 1 --- [main] o.s.b.a.e.web.EndpointLinksResolver      : Exposing 17 endpoints beneath base path '/actuator'
2025-05-23 08:46:47.227  INFO 1 --- [main] o.s.c.n.e.s.EurekaServiceRegistry        : Registering application DISCOVERYSERVER with eureka with status UP
2025-05-23 08:46:47.274  INFO 1 --- [Thread-9] o.s.c.n.e.server.EurekaServerBootstrap   : isAws returned false
2025-05-23 08:46:47.280  INFO 1 --- [Thread-9] o.s.c.n.e.server.EurekaServerBootstrap   : Initialized server context
2025-05-23 08:46:47.289  INFO 1 --- [Thread-9] e.s.EurekaServerInitializerConfiguration : Started Eureka Server
2025-05-23 08:46:47.323  INFO 1 --- [main] o.s.b.w.embedded.tomcat.TomcatWebServer  : Tomcat started on port 8761 (http) with context path '/'
2025-05-23 08:46:47.328  INFO 1 --- [main] .s.c.n.e.s.EurekaAutoServiceRegistration : Updating port to 8761
2025-05-23 08:46:47.371  INFO 1 --- [main] i.f.s.d.DiscoveryServerApplication       : Started DiscoveryServerApplication in 20.358 seconds (process running for 23.134)
2025-05-23 08:46:54.275  INFO 1 --- [http-nio-8761-exec-1] o.a.c.c.C.[Tomcat].[localhost].[/]       : Initializing Spring DispatcherServlet 'dispatcherServlet'
2025-05-23 08:46:54.277  INFO 1 --- [http-nio-8761-exec-1] o.s.web.servlet.DispatcherServlet        : Initializing Servlet 'dispatcherServlet'
2025-05-23 08:46:54.281  INFO 1 --- [http-nio-8761-exec-1] o.s.web.servlet.DispatcherServlet        : Completed initialization in 1 ms
2025-05-23 09:11:05.260  INFO 1 --- [SpringApplicationShutdownHook] o.s.c.n.e.s.EurekaServiceRegistry        : Unregistering application DISCOVERYSERVER with eureka with status DOWN
2025-05-23 09:11:05.328  INFO 1 --- [SpringApplicationShutdownHook] o.s.b.w.e.tomcat.GracefulShutdown        : Commencing graceful shutdown. Waiting for active requests to complete
2025-05-23 09:11:05.339  INFO 1 --- [tomcat-shutdown] o.s.b.w.e.tomcat.GracefulShutdown        : Graceful shutdown complete
2025-05-23 09:11:05.349  INFO 1 --- [SpringApplicationShutdownHook] o.s.c.n.e.server.EurekaServerBootstrap   : Shutting down Eureka Server..
2025-05-23 09:11:05.373  INFO 1 --- [SpringApplicationShutdownHook] o.s.c.n.e.server.EurekaServerBootstrap   : Eureka Service is now shutdown...
2025-05-23 09:45:01.659  INFO 1 --- [main] i.f.s.d.DiscoveryServerApplication       : Starting DiscoveryServerApplication v0.0.1-SNAPSHOT using Java 17.0.15 with PID 1 (/app/DiscoveryServer.jar started by root in /app)
2025-05-23 09:45:01.685 DEBUG 1 --- [main] i.f.s.d.DiscoveryServerApplication       : Running with Spring Boot v3.4.1, Spring v6.2.1
2025-05-23 09:45:01.689  INFO 1 --- [main] i.f.s.d.DiscoveryServerApplication       : No active profile set, falling back to 1 default profile: "default"
2025-05-23 09:45:04.661  INFO 1 --- [main] o.s.cloud.context.scope.GenericScope     : BeanFactory id=139eb455-9e46-3a3c-8029-ef9c3bf3f1d4
2025-05-23 09:45:05.216  INFO 1 --- [main] o.s.b.w.embedded.tomcat.TomcatWebServer  : Tomcat initialized with port 8761 (http)
2025-05-23 09:45:05.245  INFO 1 --- [main] o.apache.catalina.core.StandardService   : Starting service [Tomcat]
2025-05-23 09:45:05.246  INFO 1 --- [main] o.apache.catalina.core.StandardEngine    : Starting Servlet engine: [Apache Tomcat/10.1.34]
2025-05-23 09:45:05.316  INFO 1 --- [main] o.a.c.c.C.[Tomcat].[localhost].[/]       : Initializing Spring embedded WebApplicationContext
2025-05-23 09:45:05.318  INFO 1 --- [main] w.s.c.ServletWebServerApplicationContext : Root WebApplicationContext: initialization completed in 3522 ms
2025-05-23 09:45:08.495  INFO 1 --- [main] o.s.v.b.OptionalValidatorFactoryBean     : Failed to set up a Bean Validation provider: jakarta.validation.NoProviderFoundException: Unable to create a Configuration, because no Jakarta Bean Validation provider could be found. Add a provider like Hibernate Validator (RI) to your classpath.
2025-05-23 09:45:10.222  WARN 1 --- [main] iguration$LoadBalancerCaffeineWarnLogger : Spring Cloud LoadBalancer is currently working with the default cache. While this cache implementation is useful for development and tests, it's recommended to use Caffeine cache in production.You can switch to using Caffeine cache, by adding it and org.springframework.cache.caffeine.CaffeineCacheManager to the classpath.
2025-05-23 09:45:10.272  INFO 1 --- [main] o.s.c.n.eureka.InstanceInfoFactory       : Setting initial instance status as: STARTING
2025-05-23 09:45:10.722  INFO 1 --- [main] o.s.b.a.e.web.EndpointLinksResolver      : Exposing 17 endpoints beneath base path '/actuator'
2025-05-23 09:45:10.829  INFO 1 --- [main] o.s.c.n.e.s.EurekaServiceRegistry        : Registering application DISCOVERYSERVER with eureka with status UP
2025-05-23 09:45:10.853  INFO 1 --- [Thread-9] o.s.c.n.e.server.EurekaServerBootstrap   : isAws returned false
2025-05-23 09:45:10.856  INFO 1 --- [Thread-9] o.s.c.n.e.server.EurekaServerBootstrap   : Initialized server context
2025-05-23 09:45:10.863  INFO 1 --- [Thread-9] e.s.EurekaServerInitializerConfiguration : Started Eureka Server
2025-05-23 09:45:10.877  INFO 1 --- [main] o.s.b.w.embedded.tomcat.TomcatWebServer  : Tomcat started on port 8761 (http) with context path '/'
2025-05-23 09:45:10.881  INFO 1 --- [main] .s.c.n.e.s.EurekaAutoServiceRegistration : Updating port to 8761
2025-05-23 09:45:10.909  INFO 1 --- [main] i.f.s.d.DiscoveryServerApplication       : Started DiscoveryServerApplication in 11.963 seconds (process running for 13.852)
2025-05-23 09:45:27.150  INFO 1 --- [http-nio-8761-exec-1] o.a.c.c.C.[Tomcat].[localhost].[/]       : Initializing Spring DispatcherServlet 'dispatcherServlet'
2025-05-23 09:45:27.152  INFO 1 --- [http-nio-8761-exec-1] o.s.web.servlet.DispatcherServlet        : Initializing Servlet 'dispatcherServlet'
2025-05-23 09:45:27.155  INFO 1 --- [http-nio-8761-exec-1] o.s.web.servlet.DispatcherServlet        : Completed initialization in 1 ms
