2025-04-25 05:28:39.842  INFO 1 --- [main] i.f.s.n.NotificationServiceApplication   : Starting NotificationServiceApplication v0.0.1-SNAPSHOT using Java 17.0.2 with PID 1 (/app/NotificationService.war started by root in /app)
2025-04-25 05:28:40.299 DEBUG 1 --- [main] i.f.s.n.NotificationServiceApplication   : Running with Spring Boot v3.4.3, Spring v6.2.3
2025-04-25 05:28:40.317  INFO 1 --- [main] i.f.s.n.NotificationServiceApplication   : No active profile set, falling back to 1 default profile: "default"
2025-04-25 05:28:40.634  INFO 1 --- [main] o.s.c.c.c.ConfigServerConfigDataLoader   : Fetching config from server at : http://configserver:8888
2025-04-25 05:28:40.637  INFO 1 --- [main] o.s.c.c.c.ConfigServerConfigDataLoader   : Located environment: name=application, profiles=[default], label=null, version=1acc8d8659fd96ed52844c8881c260bdb5135241, state=
2025-04-25 05:28:40.641  INFO 1 --- [main] o.s.c.c.c.ConfigServerConfigDataLoader   : Fetching config from server at : http://localhost:8888
2025-04-25 05:28:40.651  INFO 1 --- [main] o.s.c.c.c.ConfigServerConfigDataLoader   : Exception on Url - http://localhost:8888:org.springframework.web.client.ResourceAccessException: I/O error on GET request for "http://localhost:8888/NotificationService/default": Connection refused. Will be trying the next url if available
2025-04-25 05:28:40.658  WARN 1 --- [main] o.s.c.c.c.ConfigServerConfigDataLoader   : Could not locate PropertySource ([ConfigServerConfigDataResource@c1fca1e uris = array<String>['http://localhost:8888'], optional = true, profiles = 'default']): I/O error on GET request for "http://localhost:8888/NotificationService/default": Connection refused
2025-04-25 05:28:40.664  INFO 1 --- [main] o.s.c.c.c.ConfigServerConfigDataLoader   : Fetching config from server at : http://configserver:8888
2025-04-25 05:28:40.670  INFO 1 --- [main] o.s.c.c.c.ConfigServerConfigDataLoader   : Located environment: name=NotificationService, profiles=[default], label=null, version=1acc8d8659fd96ed52844c8881c260bdb5135241, state=
2025-04-25 05:28:40.674  INFO 1 --- [main] o.s.c.c.c.ConfigServerConfigDataLoader   : Fetching config from server at : http://localhost:8888
2025-04-25 05:28:40.679  INFO 1 --- [main] o.s.c.c.c.ConfigServerConfigDataLoader   : Exception on Url - http://localhost:8888:org.springframework.web.client.ResourceAccessException: I/O error on GET request for "http://localhost:8888/NotificationService/default": Connection refused. Will be trying the next url if available
2025-04-25 05:28:40.690  WARN 1 --- [main] o.s.c.c.c.ConfigServerConfigDataLoader   : Could not locate PropertySource ([ConfigServerConfigDataResource@5ea502e0 uris = array<String>['http://localhost:8888'], optional = true, profiles = 'default']): I/O error on GET request for "http://localhost:8888/NotificationService/default": Connection refused
2025-04-25 05:28:40.703  INFO 1 --- [main] o.s.c.c.c.ConfigServerConfigDataLoader   : Fetching config from server at : http://localhost:8888
2025-04-25 05:28:40.713  INFO 1 --- [main] o.s.c.c.c.ConfigServerConfigDataLoader   : Exception on Url - http://localhost:8888:org.springframework.web.client.ResourceAccessException: I/O error on GET request for "http://localhost:8888/NotificationService/default": Connection refused. Will be trying the next url if available
2025-04-25 05:28:40.717  WARN 1 --- [main] o.s.c.c.c.ConfigServerConfigDataLoader   : Could not locate PropertySource ([ConfigServerConfigDataResource@443dbe42 uris = array<String>['http://localhost:8888'], optional = true, profiles = 'default']): I/O error on GET request for "http://localhost:8888/NotificationService/default": Connection refused
2025-04-25 05:28:55.650  INFO 1 --- [main] .s.d.r.c.RepositoryConfigurationDelegate : Bootstrapping Spring Data JPA repositories in DEFAULT mode.
2025-04-25 05:28:56.626  INFO 1 --- [main] .s.d.r.c.RepositoryConfigurationDelegate : Finished Spring Data repository scanning in 878 ms. Found 1 JPA repository interface.
2025-04-25 05:29:01.101  INFO 1 --- [main] o.s.cloud.context.scope.GenericScope     : BeanFactory id=15efd2ce-3bfe-31e0-b035-e1ddfd109d09
2025-04-25 05:29:10.196  INFO 1 --- [main] o.s.b.w.embedded.tomcat.TomcatWebServer  : Tomcat initialized with port 9004 (http)
2025-04-25 05:29:10.388  INFO 1 --- [main] o.apache.catalina.core.StandardService   : Starting service [Tomcat]
2025-04-25 05:29:10.406  INFO 1 --- [main] o.apache.catalina.core.StandardEngine    : Starting Servlet engine: [Apache Tomcat/10.1.36]
2025-04-25 05:29:11.264  INFO 1 --- [main] o.a.c.c.C.[Tomcat].[localhost].[/]       : Initializing Spring embedded WebApplicationContext
2025-04-25 05:29:11.266  INFO 1 --- [main] w.s.c.ServletWebServerApplicationContext : Root WebApplicationContext: initialization completed in 30517 ms
2025-04-25 05:29:17.945  INFO 1 --- [main] o.hibernate.jpa.internal.util.LogHelper  : HHH000204: Processing PersistenceUnitInfo [name: default]
2025-04-25 05:29:18.192  INFO 1 --- [main] org.hibernate.Version                    : HHH000412: Hibernate ORM core version 6.6.8.Final
2025-04-25 05:29:18.327  INFO 1 --- [main] o.h.c.internal.RegionFactoryInitiator    : HHH000026: Second-level cache disabled
2025-04-25 05:29:19.490  INFO 1 --- [main] o.s.o.j.p.SpringPersistenceUnitInfo      : No LoadTimeWeaver setup: ignoring JPA class transformer
2025-04-25 05:29:19.945  INFO 1 --- [main] com.zaxxer.hikari.HikariDataSource       : HikariPool-1 - Starting...
2025-04-25 05:29:20.944  INFO 1 --- [main] com.zaxxer.hikari.pool.HikariPool        : HikariPool-1 - Added connection ConnectionID:1 ClientConnectionId: ce7d676e-8ed8-4fc0-8a00-5f41d2510aa2
2025-04-25 05:29:20.949  INFO 1 --- [main] com.zaxxer.hikari.HikariDataSource       : HikariPool-1 - Start completed.
2025-04-25 05:29:21.236  WARN 1 --- [main] org.hibernate.orm.deprecation            : HHH90000025: SQLServerDialect does not need to be specified explicitly using 'hibernate.dialect' (remove the property setting and it will be selected by default)
2025-04-25 05:29:21.393  INFO 1 --- [main] org.hibernate.orm.connections.pooling    : HHH10001005: Database info:
	Database JDBC URL [Connecting through datasource 'HikariDataSource (HikariPool-1)']
	Database driver: undefined/unknown
	Database version: 16.0
	Autocommit mode: undefined/unknown
	Isolation level: undefined/unknown
	Minimum pool size: undefined/unknown
	Maximum pool size: undefined/unknown
2025-04-25 05:29:24.371  INFO 1 --- [main] o.h.e.t.j.p.i.JtaPlatformInitiator       : HHH000489: No JTA platform available (set 'hibernate.transaction.jta.platform' to enable JTA platform integration)
2025-04-25 05:29:24.906  INFO 1 --- [main] j.LocalContainerEntityManagerFactoryBean : Initialized JPA EntityManagerFactory for persistence unit 'default'
2025-04-25 05:29:33.022  WARN 1 --- [main] JpaBaseConfiguration$JpaWebConfiguration : spring.jpa.open-in-view is enabled by default. Therefore, database queries may be performed during view rendering. Explicitly configure spring.jpa.open-in-view to disable this warning
2025-04-25 05:29:33.578 DEBUG 1 --- [main] swordEncoderAuthenticationManagerBuilder : No authenticationProviders and no parentAuthenticationManager defined. Returning null.
2025-04-25 05:29:38.978  INFO 1 --- [main] o.s.b.a.e.web.EndpointLinksResolver      : Exposing 2 endpoints beneath base path '/actuator'
2025-04-25 05:29:39.592 DEBUG 1 --- [main] o.s.s.web.DefaultSecurityFilterChain     : Will secure Or [Mvc [pattern='/api/auth/**'], Mvc [pattern='/swagger-ui/**'], Mvc [pattern='/v3/api-docs/**'], Mvc [pattern='/storage/**']] with filters: DisableEncodeUrlFilter, WebAsyncManagerIntegrationFilter, SecurityContextHolderFilter, HeaderWriterFilter, CorsFilter, LogoutFilter, RequestCacheAwareFilter, SecurityContextHolderAwareRequestFilter, AnonymousAuthenticationFilter, SessionManagementFilter, ExceptionTranslationFilter, AuthorizationFilter
2025-04-25 05:29:39.762 DEBUG 1 --- [main] o.s.s.web.DefaultSecurityFilterChain     : Will secure any request with filters: DisableEncodeUrlFilter, WebAsyncManagerIntegrationFilter, SecurityContextHolderFilter, HeaderWriterFilter, CorsFilter, LogoutFilter, BearerTokenAuthenticationFilter, RequestCacheAwareFilter, SecurityContextHolderAwareRequestFilter, AnonymousAuthenticationFilter, SessionManagementFilter, ExceptionTranslationFilter, AuthorizationFilter
2025-04-25 05:29:49.011  INFO 1 --- [main] DiscoveryClientOptionalArgsConfiguration : Eureka HTTP Client uses RestTemplate.
2025-04-25 05:29:49.448  WARN 1 --- [main] iguration$LoadBalancerCaffeineWarnLogger : Spring Cloud LoadBalancer is currently working with the default cache. While this cache implementation is useful for development and tests, it's recommended to use Caffeine cache in production.You can switch to using Caffeine cache, by adding it and org.springframework.cache.caffeine.CaffeineCacheManager to the classpath.
2025-04-25 05:29:50.295  INFO 1 --- [main] o.s.c.n.eureka.InstanceInfoFactory       : Setting initial instance status as: STARTING
2025-04-25 05:29:50.629  INFO 1 --- [main] com.netflix.discovery.DiscoveryClient    : Initializing Eureka in region us-east-1
2025-04-25 05:29:50.652  INFO 1 --- [main] c.n.d.s.r.aws.ConfigClusterResolver      : Resolving eureka endpoints via configuration
2025-04-25 05:29:50.706  INFO 1 --- [main] com.netflix.discovery.DiscoveryClient    : Disable delta property : false
2025-04-25 05:29:50.710  INFO 1 --- [main] com.netflix.discovery.DiscoveryClient    : Single vip registry refresh property : null
2025-04-25 05:29:50.724  INFO 1 --- [main] com.netflix.discovery.DiscoveryClient    : Force full registry fetch : false
2025-04-25 05:29:50.726  INFO 1 --- [main] com.netflix.discovery.DiscoveryClient    : Application is null : false
2025-04-25 05:29:50.740  INFO 1 --- [main] com.netflix.discovery.DiscoveryClient    : Registered Applications size is zero : true
2025-04-25 05:29:50.747  INFO 1 --- [main] com.netflix.discovery.DiscoveryClient    : Application version is -1: true
2025-04-25 05:29:50.759  INFO 1 --- [main] com.netflix.discovery.DiscoveryClient    : Getting all instance registry info from the eureka server
2025-04-25 05:29:51.597  INFO 1 --- [main] com.netflix.discovery.DiscoveryClient    : The response status is 200
2025-04-25 05:29:51.606  INFO 1 --- [main] com.netflix.discovery.DiscoveryClient    : Starting heartbeat executor: renew interval is: 30
2025-04-25 05:29:51.636  INFO 1 --- [main] c.n.discovery.InstanceInfoReplicator     : InstanceInfoReplicator onDemand update allowed rate per min is 4
2025-04-25 05:29:51.667  INFO 1 --- [main] com.netflix.discovery.DiscoveryClient    : Discovery Client initialized at timestamp 1745558991663 with initial instances count: 4
2025-04-25 05:29:51.722  INFO 1 --- [main] o.s.c.n.e.s.EurekaServiceRegistry        : Registering application NOTIFICATIONSERVICE with eureka with status UP
2025-04-25 05:29:51.736  INFO 1 --- [main] com.netflix.discovery.DiscoveryClient    : Saw local status change event StatusChangeEvent [timestamp=1745558991736, current=UP, previous=STARTING]
2025-04-25 05:29:51.747  INFO 1 --- [DiscoveryClient-InstanceInfoReplicator-%d] com.netflix.discovery.DiscoveryClient    : DiscoveryClient_NOTIFICATIONSERVICE/40aaeacf8478:NotificationService:9004: registering service...
2025-04-25 05:29:51.845  INFO 1 --- [main] o.s.b.w.embedded.tomcat.TomcatWebServer  : Tomcat started on port 9004 (http) with context path '/'
2025-04-25 05:29:51.852  INFO 1 --- [main] .s.c.n.e.s.EurekaAutoServiceRegistration : Updating port to 9004
2025-04-25 05:29:51.865  INFO 1 --- [main] o.s.a.r.c.CachingConnectionFactory       : Attempting to connect to: [rabbitmq:5672]
2025-04-25 05:29:52.019  INFO 1 --- [DiscoveryClient-InstanceInfoReplicator-%d] com.netflix.discovery.DiscoveryClient    : DiscoveryClient_NOTIFICATIONSERVICE/40aaeacf8478:NotificationService:9004 - registration status: 204
2025-04-25 05:29:52.315  INFO 1 --- [main] o.s.a.r.c.CachingConnectionFactory       : Created new connection: rabbitConnectionFactory#170df9b8:0/SimpleConnection@777d1e06 [delegate=amqp://guest@172.21.0.3:5672/, localPort=43592]
2025-04-25 05:29:52.609  WARN 1 --- [AsyncReporter{ZipkinRestTemplateSender{http://localhost:9411/api/v2/spans}}] z.r.i.AsyncReporter$BoundedAsyncReporter : Spans were dropped due to exceptions. All subsequent errors will be logged at FINE level.
2025-04-25 05:29:52.613  WARN 1 --- [AsyncReporter{ZipkinRestTemplateSender{http://localhost:9411/api/v2/spans}}] z.r.i.AsyncReporter$BoundedAsyncReporter : Dropped 2 spans due to ResourceAccessException(I/O error on POST request for "http://localhost:9411/api/v2/spans": Connect to http://localhost:9411 [localhost/127.0.0.1, localhost/0:0:0:0:0:0:0:1] failed: Connection refused)

org.springframework.web.client.ResourceAccessException: I/O error on POST request for "http://localhost:9411/api/v2/spans": Connect to http://localhost:9411 [localhost/127.0.0.1, localhost/0:0:0:0:0:0:0:1] failed: Connection refused
	at org.springframework.web.client.RestTemplate.createResourceAccessException(RestTemplate.java:925)
	at org.springframework.web.client.RestTemplate.doExecute(RestTemplate.java:905)
	at org.springframework.web.client.RestTemplate.execute(RestTemplate.java:840)
	at org.springframework.web.client.RestTemplate.exchange(RestTemplate.java:701)
	at org.springframework.boot.actuate.autoconfigure.tracing.zipkin.ZipkinRestTemplateSender.postSpans(ZipkinRestTemplateSender.java:50)
	at org.springframework.boot.actuate.autoconfigure.tracing.zipkin.HttpSender.postSpans(HttpSender.java:69)
	at org.springframework.boot.actuate.autoconfigure.tracing.zipkin.HttpSender.postSpans(HttpSender.java:41)
	at zipkin2.reporter.BaseHttpSender.send(BaseHttpSender.java:123)
	at zipkin2.reporter.internal.AsyncReporter$BoundedAsyncReporter.flush(AsyncReporter.java:266)
	at zipkin2.reporter.internal.AsyncReporter$Flusher.run(AsyncReporter.java:352)
	at java.base/java.lang.Thread.run(Thread.java:833)
Caused by: org.apache.hc.client5.http.HttpHostConnectException: Connect to http://localhost:9411 [localhost/127.0.0.1, localhost/0:0:0:0:0:0:0:1] failed: Connection refused
	at java.base/sun.nio.ch.Net.pollConnect(Native Method)
	at java.base/sun.nio.ch.Net.pollConnectNow(Net.java:672)
	at java.base/sun.nio.ch.NioSocketImpl.timedFinishConnect(NioSocketImpl.java:542)
	at java.base/sun.nio.ch.NioSocketImpl.connect(NioSocketImpl.java:597)
	at java.base/java.net.SocksSocketImpl.connect(SocksSocketImpl.java:327)
	at java.base/java.net.Socket.connect(Socket.java:633)
	at org.apache.hc.client5.http.impl.io.DefaultHttpClientConnectionOperator.connect(DefaultHttpClientConnectionOperator.java:216)
	at org.apache.hc.client5.http.impl.io.PoolingHttpClientConnectionManager.connect(PoolingHttpClientConnectionManager.java:490)
	at org.apache.hc.client5.http.impl.classic.InternalExecRuntime.connectEndpoint(InternalExecRuntime.java:164)
	at org.apache.hc.client5.http.impl.classic.InternalExecRuntime.connectEndpoint(InternalExecRuntime.java:174)
	at org.apache.hc.client5.http.impl.classic.ConnectExec.execute(ConnectExec.java:144)
	at org.apache.hc.client5.http.impl.classic.ExecChainElement.execute(ExecChainElement.java:51)
	at org.apache.hc.client5.http.impl.classic.ProtocolExec.execute(ProtocolExec.java:192)
	at org.apache.hc.client5.http.impl.classic.ExecChainElement.execute(ExecChainElement.java:51)
	at org.apache.hc.client5.http.impl.classic.ContentCompressionExec.execute(ContentCompressionExec.java:150)
	at org.apache.hc.client5.http.impl.classic.ExecChainElement.execute(ExecChainElement.java:51)
	at org.apache.hc.client5.http.impl.classic.HttpRequestRetryExec.execute(HttpRequestRetryExec.java:113)
	at org.apache.hc.client5.http.impl.classic.ExecChainElement.execute(ExecChainElement.java:51)
	at org.apache.hc.client5.http.impl.classic.RedirectExec.execute(RedirectExec.java:110)
	at org.apache.hc.client5.http.impl.classic.ExecChainElement.execute(ExecChainElement.java:51)
	at org.apache.hc.client5.http.impl.classic.InternalHttpClient.doExecute(InternalHttpClient.java:174)
	at org.apache.hc.client5.http.impl.classic.CloseableHttpClient.execute(CloseableHttpClient.java:87)
	at org.apache.hc.client5.http.impl.classic.CloseableHttpClient.execute(CloseableHttpClient.java:55)
	at org.apache.hc.client5.http.classic.HttpClient.executeOpen(HttpClient.java:183)
	at org.springframework.http.client.HttpComponentsClientHttpRequest.executeInternal(HttpComponentsClientHttpRequest.java:99)
	at org.springframework.http.client.AbstractStreamingClientHttpRequest.executeInternal(AbstractStreamingClientHttpRequest.java:71)
	at org.springframework.http.client.AbstractClientHttpRequest.execute(AbstractClientHttpRequest.java:81)
	at org.springframework.web.client.RestTemplate.doExecute(RestTemplate.java:899)
	... 9 common frames omitted

2025-04-25 05:29:52.775  INFO 1 --- [main] i.f.s.n.NotificationServiceApplication   : Started NotificationServiceApplication in 84.672 seconds (process running for 89.904)
2025-04-25 05:29:54.127  INFO 1 --- [http-nio-9004-exec-1] o.a.c.c.C.[Tomcat].[localhost].[/]       : Initializing Spring DispatcherServlet 'dispatcherServlet'
2025-04-25 05:29:54.139  INFO 1 --- [http-nio-9004-exec-1] o.s.web.servlet.DispatcherServlet        : Initializing Servlet 'dispatcherServlet'
2025-04-25 05:29:54.159  INFO 1 --- [http-nio-9004-exec-1] o.s.web.servlet.DispatcherServlet        : Completed initialization in 17 ms
2025-04-25 05:29:54.283 DEBUG 1 --- [http-nio-9004-exec-1] o.s.security.web.FilterChainProxy        : Securing HEAD /actuator/health
2025-04-25 05:29:54.357 DEBUG 1 --- [http-nio-9004-exec-1] o.s.s.w.a.AnonymousAuthenticationFilter  : Set SecurityContextHolder to anonymous SecurityContext
2025-04-25 05:30:24.531 DEBUG 1 --- [http-nio-9004-exec-2] o.s.security.web.FilterChainProxy        : Securing HEAD /actuator/health
2025-04-25 05:30:24.534 DEBUG 1 --- [http-nio-9004-exec-2] o.s.s.w.a.AnonymousAuthenticationFilter  : Set SecurityContextHolder to anonymous SecurityContext
2025-04-25 05:30:54.577 DEBUG 1 --- [http-nio-9004-exec-4] o.s.security.web.FilterChainProxy        : Securing HEAD /actuator/health
2025-04-25 05:30:54.580 DEBUG 1 --- [http-nio-9004-exec-4] o.s.s.w.a.AnonymousAuthenticationFilter  : Set SecurityContextHolder to anonymous SecurityContext
2025-04-25 05:31:24.618 DEBUG 1 --- [http-nio-9004-exec-5] o.s.security.web.FilterChainProxy        : Securing HEAD /actuator/health
2025-04-25 05:31:24.621 DEBUG 1 --- [http-nio-9004-exec-5] o.s.s.w.a.AnonymousAuthenticationFilter  : Set SecurityContextHolder to anonymous SecurityContext
2025-04-25 05:31:48.022 DEBUG 1 --- [http-nio-9004-exec-6] o.s.security.web.FilterChainProxy        : Securing GET /storage/systemUser/avatar/undraw_profile.svg
2025-04-25 05:31:48.026 DEBUG 1 --- [http-nio-9004-exec-6] o.s.s.w.a.AnonymousAuthenticationFilter  : Set SecurityContextHolder to anonymous SecurityContext
2025-04-25 05:31:48.028 DEBUG 1 --- [http-nio-9004-exec-6] o.s.s.w.session.SessionManagementFilter  : Request requested invalid session id DE20BA3E8A4D83A12C4352EC3C4FAF87
2025-04-25 05:31:48.039 DEBUG 1 --- [http-nio-9004-exec-6] o.s.security.web.FilterChainProxy        : Secured GET /storage/systemUser/avatar/undraw_profile.svg
2025-04-25 05:31:54.658 DEBUG 1 --- [http-nio-9004-exec-7] o.s.security.web.FilterChainProxy        : Securing HEAD /actuator/health
2025-04-25 05:31:54.661 DEBUG 1 --- [http-nio-9004-exec-7] o.s.s.w.a.AnonymousAuthenticationFilter  : Set SecurityContextHolder to anonymous SecurityContext
2025-04-25 05:31:56.599 DEBUG 1 --- [http-nio-9004-exec-8] o.s.security.web.FilterChainProxy        : Securing GET /storage/systemUser/avatar/undraw_profile.svg
2025-04-25 05:31:56.602 DEBUG 1 --- [http-nio-9004-exec-8] o.s.s.w.a.AnonymousAuthenticationFilter  : Set SecurityContextHolder to anonymous SecurityContext
2025-04-25 05:31:56.603 DEBUG 1 --- [http-nio-9004-exec-8] o.s.s.w.session.SessionManagementFilter  : Request requested invalid session id DE20BA3E8A4D83A12C4352EC3C4FAF87
2025-04-25 05:31:56.605 DEBUG 1 --- [http-nio-9004-exec-8] o.s.security.web.FilterChainProxy        : Secured GET /storage/systemUser/avatar/undraw_profile.svg
2025-04-25 05:32:10.474 DEBUG 1 --- [http-nio-9004-exec-9] o.s.security.web.FilterChainProxy        : Securing GET /storage/systemUser/avatar/undraw_profile.svg
2025-04-25 05:32:10.477 DEBUG 1 --- [http-nio-9004-exec-9] o.s.s.w.a.AnonymousAuthenticationFilter  : Set SecurityContextHolder to anonymous SecurityContext
2025-04-25 05:32:10.478 DEBUG 1 --- [http-nio-9004-exec-9] o.s.s.w.session.SessionManagementFilter  : Request requested invalid session id DE20BA3E8A4D83A12C4352EC3C4FAF87
2025-04-25 05:32:10.480 DEBUG 1 --- [http-nio-9004-exec-9] o.s.security.web.FilterChainProxy        : Secured GET /storage/systemUser/avatar/undraw_profile.svg
2025-04-25 05:32:20.029 DEBUG 1 --- [http-nio-9004-exec-10] o.s.security.web.FilterChainProxy        : Securing GET /storage/systemUser/avatar/undraw_profile.svg
2025-04-25 05:32:20.032 DEBUG 1 --- [http-nio-9004-exec-10] o.s.s.w.a.AnonymousAuthenticationFilter  : Set SecurityContextHolder to anonymous SecurityContext
2025-04-25 05:32:20.034 DEBUG 1 --- [http-nio-9004-exec-10] o.s.s.w.session.SessionManagementFilter  : Request requested invalid session id DE20BA3E8A4D83A12C4352EC3C4FAF87
2025-04-25 05:32:20.036 DEBUG 1 --- [http-nio-9004-exec-10] o.s.security.web.FilterChainProxy        : Secured GET /storage/systemUser/avatar/undraw_profile.svg
2025-04-25 05:32:24.692 DEBUG 1 --- [http-nio-9004-exec-1] o.s.security.web.FilterChainProxy        : Securing HEAD /actuator/health
2025-04-25 05:32:24.694 DEBUG 1 --- [http-nio-9004-exec-1] o.s.s.w.a.AnonymousAuthenticationFilter  : Set SecurityContextHolder to anonymous SecurityContext
2025-04-25 05:32:54.733 DEBUG 1 --- [http-nio-9004-exec-3] o.s.security.web.FilterChainProxy        : Securing HEAD /actuator/health
2025-04-25 05:32:54.735 DEBUG 1 --- [http-nio-9004-exec-3] o.s.s.w.a.AnonymousAuthenticationFilter  : Set SecurityContextHolder to anonymous SecurityContext
2025-04-25 05:33:24.764 DEBUG 1 --- [http-nio-9004-exec-5] o.s.security.web.FilterChainProxy        : Securing HEAD /actuator/health
2025-04-25 05:33:24.766 DEBUG 1 --- [http-nio-9004-exec-5] o.s.s.w.a.AnonymousAuthenticationFilter  : Set SecurityContextHolder to anonymous SecurityContext
2025-04-25 05:33:54.795 DEBUG 1 --- [http-nio-9004-exec-6] o.s.security.web.FilterChainProxy        : Securing HEAD /actuator/health
2025-04-25 05:33:54.796 DEBUG 1 --- [http-nio-9004-exec-6] o.s.s.w.a.AnonymousAuthenticationFilter  : Set SecurityContextHolder to anonymous SecurityContext
2025-04-25 05:34:24.822 DEBUG 1 --- [http-nio-9004-exec-7] o.s.security.web.FilterChainProxy        : Securing HEAD /actuator/health
2025-04-25 05:34:24.824 DEBUG 1 --- [http-nio-9004-exec-7] o.s.s.w.a.AnonymousAuthenticationFilter  : Set SecurityContextHolder to anonymous SecurityContext
2025-04-25 05:34:50.746  INFO 1 --- [AsyncResolver-bootstrap-executor-%d] c.n.d.s.r.aws.ConfigClusterResolver      : Resolving eureka endpoints via configuration
2025-04-25 05:34:54.852 DEBUG 1 --- [http-nio-9004-exec-8] o.s.security.web.FilterChainProxy        : Securing HEAD /actuator/health
2025-04-25 05:34:54.853 DEBUG 1 --- [http-nio-9004-exec-8] o.s.s.w.a.AnonymousAuthenticationFilter  : Set SecurityContextHolder to anonymous SecurityContext
2025-04-25 05:35:24.884 DEBUG 1 --- [http-nio-9004-exec-9] o.s.security.web.FilterChainProxy        : Securing HEAD /actuator/health
2025-04-25 05:35:24.886 DEBUG 1 --- [http-nio-9004-exec-9] o.s.s.w.a.AnonymousAuthenticationFilter  : Set SecurityContextHolder to anonymous SecurityContext
2025-04-25 05:35:54.684 DEBUG 1 --- [http-nio-9004-exec-10] o.s.security.web.FilterChainProxy        : Securing GET /storage/systemUser/avatar/undraw_profile.svg
2025-04-25 05:35:54.691 DEBUG 1 --- [http-nio-9004-exec-10] o.s.s.w.a.AnonymousAuthenticationFilter  : Set SecurityContextHolder to anonymous SecurityContext
2025-04-25 05:35:54.693 DEBUG 1 --- [http-nio-9004-exec-10] o.s.s.w.session.SessionManagementFilter  : Request requested invalid session id DE20BA3E8A4D83A12C4352EC3C4FAF87
2025-04-25 05:35:54.696 DEBUG 1 --- [http-nio-9004-exec-10] o.s.security.web.FilterChainProxy        : Secured GET /storage/systemUser/avatar/undraw_profile.svg
2025-04-25 05:35:54.918 DEBUG 1 --- [http-nio-9004-exec-1] o.s.security.web.FilterChainProxy        : Securing HEAD /actuator/health
2025-04-25 05:35:54.919 DEBUG 1 --- [http-nio-9004-exec-1] o.s.s.w.a.AnonymousAuthenticationFilter  : Set SecurityContextHolder to anonymous SecurityContext
2025-04-25 05:35:58.819 DEBUG 1 --- [http-nio-9004-exec-3] o.s.security.web.FilterChainProxy        : Securing GET /storage/systemUser/avatar/undraw_profile.svg
2025-04-25 05:35:58.821 DEBUG 1 --- [http-nio-9004-exec-3] o.s.s.w.a.AnonymousAuthenticationFilter  : Set SecurityContextHolder to anonymous SecurityContext
2025-04-25 05:35:58.823 DEBUG 1 --- [http-nio-9004-exec-3] o.s.s.w.session.SessionManagementFilter  : Request requested invalid session id DE20BA3E8A4D83A12C4352EC3C4FAF87
2025-04-25 05:35:58.827 DEBUG 1 --- [http-nio-9004-exec-3] o.s.security.web.FilterChainProxy        : Secured GET /storage/systemUser/avatar/undraw_profile.svg
2025-04-25 05:35:59.316 DEBUG 1 --- [http-nio-9004-exec-2] o.s.security.web.FilterChainProxy        : Securing GET /storage/systemUser/avatar/undraw_profile.svg
2025-04-25 05:35:59.318 DEBUG 1 --- [http-nio-9004-exec-2] o.s.s.w.a.AnonymousAuthenticationFilter  : Set SecurityContextHolder to anonymous SecurityContext
2025-04-25 05:35:59.319 DEBUG 1 --- [http-nio-9004-exec-2] o.s.s.w.session.SessionManagementFilter  : Request requested invalid session id DE20BA3E8A4D83A12C4352EC3C4FAF87
2025-04-25 05:35:59.322 DEBUG 1 --- [http-nio-9004-exec-2] o.s.security.web.FilterChainProxy        : Secured GET /storage/systemUser/avatar/undraw_profile.svg
2025-04-25 05:36:06.378 DEBUG 1 --- [http-nio-9004-exec-4] o.s.security.web.FilterChainProxy        : Securing GET /storage/systemUser/avatar/undraw_profile.svg
2025-04-25 05:36:06.381 DEBUG 1 --- [http-nio-9004-exec-4] o.s.s.w.a.AnonymousAuthenticationFilter  : Set SecurityContextHolder to anonymous SecurityContext
2025-04-25 05:36:06.383 DEBUG 1 --- [http-nio-9004-exec-4] o.s.s.w.session.SessionManagementFilter  : Request requested invalid session id DE20BA3E8A4D83A12C4352EC3C4FAF87
2025-04-25 05:36:06.386 DEBUG 1 --- [http-nio-9004-exec-4] o.s.security.web.FilterChainProxy        : Secured GET /storage/systemUser/avatar/undraw_profile.svg
2025-04-25 05:36:24.946 DEBUG 1 --- [http-nio-9004-exec-5] o.s.security.web.FilterChainProxy        : Securing HEAD /actuator/health
2025-04-25 05:36:24.948 DEBUG 1 --- [http-nio-9004-exec-5] o.s.s.w.a.AnonymousAuthenticationFilter  : Set SecurityContextHolder to anonymous SecurityContext
2025-04-25 05:36:54.980 DEBUG 1 --- [http-nio-9004-exec-6] o.s.security.web.FilterChainProxy        : Securing HEAD /actuator/health
2025-04-25 05:36:54.982 DEBUG 1 --- [http-nio-9004-exec-6] o.s.s.w.a.AnonymousAuthenticationFilter  : Set SecurityContextHolder to anonymous SecurityContext
2025-04-25 05:37:25.011 DEBUG 1 --- [http-nio-9004-exec-8] o.s.security.web.FilterChainProxy        : Securing HEAD /actuator/health
2025-04-25 05:37:25.012 DEBUG 1 --- [http-nio-9004-exec-8] o.s.s.w.a.AnonymousAuthenticationFilter  : Set SecurityContextHolder to anonymous SecurityContext
2025-04-25 05:37:55.035 DEBUG 1 --- [http-nio-9004-exec-9] o.s.security.web.FilterChainProxy        : Securing HEAD /actuator/health
2025-04-25 05:37:55.037 DEBUG 1 --- [http-nio-9004-exec-9] o.s.s.w.a.AnonymousAuthenticationFilter  : Set SecurityContextHolder to anonymous SecurityContext
2025-04-25 05:38:25.069 DEBUG 1 --- [http-nio-9004-exec-10] o.s.security.web.FilterChainProxy        : Securing HEAD /actuator/health
2025-04-25 05:38:25.071 DEBUG 1 --- [http-nio-9004-exec-10] o.s.s.w.a.AnonymousAuthenticationFilter  : Set SecurityContextHolder to anonymous SecurityContext
2025-04-25 05:38:55.103 DEBUG 1 --- [http-nio-9004-exec-1] o.s.security.web.FilterChainProxy        : Securing HEAD /actuator/health
2025-04-25 05:38:55.105 DEBUG 1 --- [http-nio-9004-exec-1] o.s.s.w.a.AnonymousAuthenticationFilter  : Set SecurityContextHolder to anonymous SecurityContext
2025-04-25 05:39:25.134 DEBUG 1 --- [http-nio-9004-exec-3] o.s.security.web.FilterChainProxy        : Securing HEAD /actuator/health
2025-04-25 05:39:25.136 DEBUG 1 --- [http-nio-9004-exec-3] o.s.s.w.a.AnonymousAuthenticationFilter  : Set SecurityContextHolder to anonymous SecurityContext
2025-04-25 05:39:50.732  INFO 1 --- [AsyncResolver-bootstrap-executor-%d] c.n.d.s.r.aws.ConfigClusterResolver      : Resolving eureka endpoints via configuration
2025-04-25 05:39:55.165 DEBUG 1 --- [http-nio-9004-exec-2] o.s.security.web.FilterChainProxy        : Securing HEAD /actuator/health
2025-04-25 05:39:55.168 DEBUG 1 --- [http-nio-9004-exec-2] o.s.s.w.a.AnonymousAuthenticationFilter  : Set SecurityContextHolder to anonymous SecurityContext
2025-04-25 05:40:25.195 DEBUG 1 --- [http-nio-9004-exec-4] o.s.security.web.FilterChainProxy        : Securing HEAD /actuator/health
2025-04-25 05:40:25.197 DEBUG 1 --- [http-nio-9004-exec-4] o.s.s.w.a.AnonymousAuthenticationFilter  : Set SecurityContextHolder to anonymous SecurityContext
2025-04-25 05:40:55.220 DEBUG 1 --- [http-nio-9004-exec-5] o.s.security.web.FilterChainProxy        : Securing HEAD /actuator/health
2025-04-25 05:40:55.222 DEBUG 1 --- [http-nio-9004-exec-5] o.s.s.w.a.AnonymousAuthenticationFilter  : Set SecurityContextHolder to anonymous SecurityContext
2025-04-25 05:41:25.250 DEBUG 1 --- [http-nio-9004-exec-6] o.s.security.web.FilterChainProxy        : Securing HEAD /actuator/health
2025-04-25 05:41:25.251 DEBUG 1 --- [http-nio-9004-exec-6] o.s.s.w.a.AnonymousAuthenticationFilter  : Set SecurityContextHolder to anonymous SecurityContext
2025-04-25 05:41:55.278 DEBUG 1 --- [http-nio-9004-exec-7] o.s.security.web.FilterChainProxy        : Securing HEAD /actuator/health
2025-04-25 05:41:55.279 DEBUG 1 --- [http-nio-9004-exec-7] o.s.s.w.a.AnonymousAuthenticationFilter  : Set SecurityContextHolder to anonymous SecurityContext
2025-04-25 05:42:25.603 DEBUG 1 --- [http-nio-9004-exec-8] o.s.security.web.FilterChainProxy        : Securing HEAD /actuator/health
2025-04-25 05:42:25.612 DEBUG 1 --- [http-nio-9004-exec-8] o.s.s.w.a.AnonymousAuthenticationFilter  : Set SecurityContextHolder to anonymous SecurityContext
2025-04-25 05:42:55.647 DEBUG 1 --- [http-nio-9004-exec-9] o.s.security.web.FilterChainProxy        : Securing HEAD /actuator/health
2025-04-25 05:42:55.649 DEBUG 1 --- [http-nio-9004-exec-9] o.s.s.w.a.AnonymousAuthenticationFilter  : Set SecurityContextHolder to anonymous SecurityContext
2025-04-25 05:43:25.656  INFO 1 --- [SpringApplicationShutdownHook] o.s.c.n.e.s.EurekaServiceRegistry        : Unregistering application NOTIFICATIONSERVICE with eureka with status DOWN
2025-04-25 05:43:25.661  INFO 1 --- [SpringApplicationShutdownHook] com.netflix.discovery.DiscoveryClient    : Saw local status change event StatusChangeEvent [timestamp=1745559805661, current=DOWN, previous=UP]
2025-04-25 05:43:25.664  INFO 1 --- [DiscoveryClient-InstanceInfoReplicator-%d] com.netflix.discovery.DiscoveryClient    : DiscoveryClient_NOTIFICATIONSERVICE/40aaeacf8478:NotificationService:9004: registering service...
2025-04-25 05:43:25.694  INFO 1 --- [DiscoveryClient-InstanceInfoReplicator-%d] com.netflix.discovery.DiscoveryClient    : DiscoveryClient_NOTIFICATIONSERVICE/40aaeacf8478:NotificationService:9004 - registration status: 204
2025-04-25 05:43:25.716 DEBUG 1 --- [http-nio-9004-exec-10] o.s.security.web.FilterChainProxy        : Securing HEAD /actuator/health
2025-04-25 05:43:25.724 DEBUG 1 --- [http-nio-9004-exec-10] o.s.s.w.a.AnonymousAuthenticationFilter  : Set SecurityContextHolder to anonymous SecurityContext
2025-04-25 05:43:26.044  INFO 1 --- [org.springframework.amqp.rabbit.RabbitListenerEndpointContainer#0-2] o.s.a.r.l.SimpleMessageListenerContainer : Waiting for workers to finish.
2025-04-25 05:43:26.835  INFO 1 --- [org.springframework.amqp.rabbit.RabbitListenerEndpointContainer#0-2] o.s.a.r.l.SimpleMessageListenerContainer : Successfully waited for workers to finish.
2025-04-25 05:43:26.845  INFO 1 --- [SpringApplicationShutdownHook] o.s.b.w.e.tomcat.GracefulShutdown        : Commencing graceful shutdown. Waiting for active requests to complete
2025-04-25 05:43:26.861  INFO 1 --- [tomcat-shutdown] o.s.b.w.e.tomcat.GracefulShutdown        : Graceful shutdown complete
2025-04-25 05:43:26.957  INFO 1 --- [SpringApplicationShutdownHook] j.LocalContainerEntityManagerFactoryBean : Closing JPA EntityManagerFactory for persistence unit 'default'
2025-04-25 05:43:27.002  INFO 1 --- [SpringApplicationShutdownHook] com.zaxxer.hikari.HikariDataSource       : HikariPool-1 - Shutdown initiated...
2025-04-25 05:43:27.024  INFO 1 --- [SpringApplicationShutdownHook] com.zaxxer.hikari.HikariDataSource       : HikariPool-1 - Shutdown completed.
2025-04-25 05:43:27.220  INFO 1 --- [SpringApplicationShutdownHook] com.netflix.discovery.DiscoveryClient    : Shutting down DiscoveryClient ...
2025-04-25 05:43:30.223  INFO 1 --- [SpringApplicationShutdownHook] com.netflix.discovery.DiscoveryClient    : Unregistering ...
2025-04-25 05:43:30.234  INFO 1 --- [SpringApplicationShutdownHook] com.netflix.discovery.DiscoveryClient    : DiscoveryClient_NOTIFICATIONSERVICE/40aaeacf8478:NotificationService:9004 - deregister  status: 200
2025-04-25 05:43:30.237  INFO 1 --- [SpringApplicationShutdownHook] com.netflix.discovery.DiscoveryClient    : Completed shut down of DiscoveryClient
2025-04-25 05:47:50.972  INFO 1 --- [main] i.f.s.n.NotificationServiceApplication   : Starting NotificationServiceApplication v0.0.1-SNAPSHOT using Java 17.0.2 with PID 1 (/app/NotificationService.war started by root in /app)
2025-04-25 05:47:51.056 DEBUG 1 --- [main] i.f.s.n.NotificationServiceApplication   : Running with Spring Boot v3.4.3, Spring v6.2.3
2025-04-25 05:47:51.076  INFO 1 --- [main] i.f.s.n.NotificationServiceApplication   : No active profile set, falling back to 1 default profile: "default"
2025-04-25 05:47:51.610  INFO 1 --- [main] o.s.c.c.c.ConfigServerConfigDataLoader   : Fetching config from server at : http://configserver:8888
2025-04-25 05:47:51.621  INFO 1 --- [main] o.s.c.c.c.ConfigServerConfigDataLoader   : Located environment: name=application, profiles=[default], label=null, version=1acc8d8659fd96ed52844c8881c260bdb5135241, state=
2025-04-25 05:47:51.624  INFO 1 --- [main] o.s.c.c.c.ConfigServerConfigDataLoader   : Fetching config from server at : http://localhost:8888
2025-04-25 05:47:51.628  INFO 1 --- [main] o.s.c.c.c.ConfigServerConfigDataLoader   : Exception on Url - http://localhost:8888:org.springframework.web.client.ResourceAccessException: I/O error on GET request for "http://localhost:8888/NotificationService/default": Connection refused. Will be trying the next url if available
2025-04-25 05:47:51.636  WARN 1 --- [main] o.s.c.c.c.ConfigServerConfigDataLoader   : Could not locate PropertySource ([ConfigServerConfigDataResource@c1fca1e uris = array<String>['http://localhost:8888'], optional = true, profiles = 'default']): I/O error on GET request for "http://localhost:8888/NotificationService/default": Connection refused
2025-04-25 05:47:51.637  INFO 1 --- [main] o.s.c.c.c.ConfigServerConfigDataLoader   : Fetching config from server at : http://configserver:8888
2025-04-25 05:47:51.638  INFO 1 --- [main] o.s.c.c.c.ConfigServerConfigDataLoader   : Located environment: name=NotificationService, profiles=[default], label=null, version=1acc8d8659fd96ed52844c8881c260bdb5135241, state=
2025-04-25 05:47:51.639  INFO 1 --- [main] o.s.c.c.c.ConfigServerConfigDataLoader   : Fetching config from server at : http://localhost:8888
2025-04-25 05:47:51.641  INFO 1 --- [main] o.s.c.c.c.ConfigServerConfigDataLoader   : Exception on Url - http://localhost:8888:org.springframework.web.client.ResourceAccessException: I/O error on GET request for "http://localhost:8888/NotificationService/default": Connection refused. Will be trying the next url if available
2025-04-25 05:47:51.642  WARN 1 --- [main] o.s.c.c.c.ConfigServerConfigDataLoader   : Could not locate PropertySource ([ConfigServerConfigDataResource@5ea502e0 uris = array<String>['http://localhost:8888'], optional = true, profiles = 'default']): I/O error on GET request for "http://localhost:8888/NotificationService/default": Connection refused
2025-04-25 05:47:51.648  INFO 1 --- [main] o.s.c.c.c.ConfigServerConfigDataLoader   : Fetching config from server at : http://localhost:8888
2025-04-25 05:47:51.649  INFO 1 --- [main] o.s.c.c.c.ConfigServerConfigDataLoader   : Exception on Url - http://localhost:8888:org.springframework.web.client.ResourceAccessException: I/O error on GET request for "http://localhost:8888/NotificationService/default": Connection refused. Will be trying the next url if available
2025-04-25 05:47:51.650  WARN 1 --- [main] o.s.c.c.c.ConfigServerConfigDataLoader   : Could not locate PropertySource ([ConfigServerConfigDataResource@443dbe42 uris = array<String>['http://localhost:8888'], optional = true, profiles = 'default']): I/O error on GET request for "http://localhost:8888/NotificationService/default": Connection refused
2025-04-25 05:47:57.973  INFO 1 --- [main] .s.d.r.c.RepositoryConfigurationDelegate : Bootstrapping Spring Data JPA repositories in DEFAULT mode.
2025-04-25 05:47:59.373  INFO 1 --- [main] .s.d.r.c.RepositoryConfigurationDelegate : Finished Spring Data repository scanning in 1278 ms. Found 1 JPA repository interface.
2025-04-25 05:48:04.495  INFO 1 --- [main] o.s.cloud.context.scope.GenericScope     : BeanFactory id=15efd2ce-3bfe-31e0-b035-e1ddfd109d09
2025-04-25 05:48:13.189  INFO 1 --- [main] o.s.b.w.embedded.tomcat.TomcatWebServer  : Tomcat initialized with port 9004 (http)
2025-04-25 05:48:13.309  INFO 1 --- [main] o.apache.catalina.core.StandardService   : Starting service [Tomcat]
2025-04-25 05:48:13.324  INFO 1 --- [main] o.apache.catalina.core.StandardEngine    : Starting Servlet engine: [Apache Tomcat/10.1.36]
2025-04-25 05:48:14.027  INFO 1 --- [main] o.a.c.c.C.[Tomcat].[localhost].[/]       : Initializing Spring embedded WebApplicationContext
2025-04-25 05:48:14.033  INFO 1 --- [main] w.s.c.ServletWebServerApplicationContext : Root WebApplicationContext: initialization completed in 22376 ms
2025-04-25 05:48:22.586  INFO 1 --- [main] o.hibernate.jpa.internal.util.LogHelper  : HHH000204: Processing PersistenceUnitInfo [name: default]
2025-04-25 05:48:22.970  INFO 1 --- [main] org.hibernate.Version                    : HHH000412: Hibernate ORM core version 6.6.8.Final
2025-04-25 05:48:23.167  INFO 1 --- [main] o.h.c.internal.RegionFactoryInitiator    : HHH000026: Second-level cache disabled
2025-04-25 05:48:24.311  INFO 1 --- [main] o.s.o.j.p.SpringPersistenceUnitInfo      : No LoadTimeWeaver setup: ignoring JPA class transformer
2025-04-25 05:48:24.620  INFO 1 --- [main] com.zaxxer.hikari.HikariDataSource       : HikariPool-1 - Starting...
2025-04-25 05:48:26.063  INFO 1 --- [main] com.zaxxer.hikari.pool.HikariPool        : HikariPool-1 - Added connection ConnectionID:1 ClientConnectionId: acbca8ad-d726-482b-9367-075e350a55ad
2025-04-25 05:48:26.077  INFO 1 --- [main] com.zaxxer.hikari.HikariDataSource       : HikariPool-1 - Start completed.
2025-04-25 05:48:26.436  WARN 1 --- [main] org.hibernate.orm.deprecation            : HHH90000025: SQLServerDialect does not need to be specified explicitly using 'hibernate.dialect' (remove the property setting and it will be selected by default)
2025-04-25 05:48:26.605  INFO 1 --- [main] org.hibernate.orm.connections.pooling    : HHH10001005: Database info:
	Database JDBC URL [Connecting through datasource 'HikariDataSource (HikariPool-1)']
	Database driver: undefined/unknown
	Database version: 16.0
	Autocommit mode: undefined/unknown
	Isolation level: undefined/unknown
	Minimum pool size: undefined/unknown
	Maximum pool size: undefined/unknown
2025-04-25 05:48:30.657  INFO 1 --- [main] o.h.e.t.j.p.i.JtaPlatformInitiator       : HHH000489: No JTA platform available (set 'hibernate.transaction.jta.platform' to enable JTA platform integration)
2025-04-25 05:48:31.619  INFO 1 --- [main] j.LocalContainerEntityManagerFactoryBean : Initialized JPA EntityManagerFactory for persistence unit 'default'
2025-04-25 05:48:39.335  WARN 1 --- [main] JpaBaseConfiguration$JpaWebConfiguration : spring.jpa.open-in-view is enabled by default. Therefore, database queries may be performed during view rendering. Explicitly configure spring.jpa.open-in-view to disable this warning
2025-04-25 05:48:39.731 DEBUG 1 --- [main] swordEncoderAuthenticationManagerBuilder : No authenticationProviders and no parentAuthenticationManager defined. Returning null.
2025-04-25 05:48:42.571  INFO 1 --- [main] o.s.b.a.e.web.EndpointLinksResolver      : Exposing 2 endpoints beneath base path '/actuator'
2025-04-25 05:48:43.040 DEBUG 1 --- [main] o.s.s.web.DefaultSecurityFilterChain     : Will secure Or [Mvc [pattern='/api/auth/**'], Mvc [pattern='/swagger-ui/**'], Mvc [pattern='/v3/api-docs/**'], Mvc [pattern='/storage/**']] with filters: DisableEncodeUrlFilter, WebAsyncManagerIntegrationFilter, SecurityContextHolderFilter, HeaderWriterFilter, CorsFilter, LogoutFilter, RequestCacheAwareFilter, SecurityContextHolderAwareRequestFilter, AnonymousAuthenticationFilter, SessionManagementFilter, ExceptionTranslationFilter, AuthorizationFilter
2025-04-25 05:48:43.554 DEBUG 1 --- [main] o.s.s.web.DefaultSecurityFilterChain     : Will secure any request with filters: DisableEncodeUrlFilter, WebAsyncManagerIntegrationFilter, SecurityContextHolderFilter, HeaderWriterFilter, CorsFilter, LogoutFilter, BearerTokenAuthenticationFilter, RequestCacheAwareFilter, SecurityContextHolderAwareRequestFilter, AnonymousAuthenticationFilter, SessionManagementFilter, ExceptionTranslationFilter, AuthorizationFilter
2025-04-25 05:48:53.919  INFO 1 --- [main] DiscoveryClientOptionalArgsConfiguration : Eureka HTTP Client uses RestTemplate.
2025-04-25 05:48:54.583  WARN 1 --- [main] iguration$LoadBalancerCaffeineWarnLogger : Spring Cloud LoadBalancer is currently working with the default cache. While this cache implementation is useful for development and tests, it's recommended to use Caffeine cache in production.You can switch to using Caffeine cache, by adding it and org.springframework.cache.caffeine.CaffeineCacheManager to the classpath.
2025-04-25 05:48:55.455  INFO 1 --- [main] o.s.c.n.eureka.InstanceInfoFactory       : Setting initial instance status as: STARTING
2025-04-25 05:48:55.663  INFO 1 --- [main] com.netflix.discovery.DiscoveryClient    : Initializing Eureka in region us-east-1
2025-04-25 05:48:55.695  INFO 1 --- [main] c.n.d.s.r.aws.ConfigClusterResolver      : Resolving eureka endpoints via configuration
2025-04-25 05:48:55.843  INFO 1 --- [main] com.netflix.discovery.DiscoveryClient    : Disable delta property : false
2025-04-25 05:48:55.855  INFO 1 --- [main] com.netflix.discovery.DiscoveryClient    : Single vip registry refresh property : null
2025-04-25 05:48:55.856  INFO 1 --- [main] com.netflix.discovery.DiscoveryClient    : Force full registry fetch : false
2025-04-25 05:48:55.873  INFO 1 --- [main] com.netflix.discovery.DiscoveryClient    : Application is null : false
2025-04-25 05:48:55.892  INFO 1 --- [main] com.netflix.discovery.DiscoveryClient    : Registered Applications size is zero : true
2025-04-25 05:48:55.901  INFO 1 --- [main] com.netflix.discovery.DiscoveryClient    : Application version is -1: true
2025-04-25 05:48:55.907  INFO 1 --- [main] com.netflix.discovery.DiscoveryClient    : Getting all instance registry info from the eureka server
2025-04-25 05:48:57.779  INFO 1 --- [main] com.netflix.discovery.DiscoveryClient    : The response status is 200
2025-04-25 05:48:57.828  INFO 1 --- [main] com.netflix.discovery.DiscoveryClient    : Starting heartbeat executor: renew interval is: 30
2025-04-25 05:48:57.903  INFO 1 --- [main] c.n.discovery.InstanceInfoReplicator     : InstanceInfoReplicator onDemand update allowed rate per min is 4
2025-04-25 05:48:57.941  INFO 1 --- [main] com.netflix.discovery.DiscoveryClient    : Discovery Client initialized at timestamp 1745560137940 with initial instances count: 3
2025-04-25 05:48:58.228  INFO 1 --- [main] o.s.c.n.e.s.EurekaServiceRegistry        : Registering application NOTIFICATIONSERVICE with eureka with status UP
2025-04-25 05:48:58.244  INFO 1 --- [main] com.netflix.discovery.DiscoveryClient    : Saw local status change event StatusChangeEvent [timestamp=1745560138244, current=UP, previous=STARTING]
2025-04-25 05:48:58.285  INFO 1 --- [DiscoveryClient-InstanceInfoReplicator-%d] com.netflix.discovery.DiscoveryClient    : DiscoveryClient_NOTIFICATIONSERVICE/a7d82a610f1b:NotificationService:9004: registering service...
2025-04-25 05:48:58.866  INFO 1 --- [main] o.s.b.w.embedded.tomcat.TomcatWebServer  : Tomcat started on port 9004 (http) with context path '/'
2025-04-25 05:48:58.894  INFO 1 --- [main] .s.c.n.e.s.EurekaAutoServiceRegistration : Updating port to 9004
2025-04-25 05:48:58.901  WARN 1 --- [AsyncReporter{ZipkinRestTemplateSender{http://localhost:9411/api/v2/spans}}] z.r.i.AsyncReporter$BoundedAsyncReporter : Spans were dropped due to exceptions. All subsequent errors will be logged at FINE level.
2025-04-25 05:48:58.937  INFO 1 --- [main] o.s.a.r.c.CachingConnectionFactory       : Attempting to connect to: [rabbitmq:5672]
2025-04-25 05:48:58.949  WARN 1 --- [AsyncReporter{ZipkinRestTemplateSender{http://localhost:9411/api/v2/spans}}] z.r.i.AsyncReporter$BoundedAsyncReporter : Dropped 1 spans due to ResourceAccessException(I/O error on POST request for "http://localhost:9411/api/v2/spans": Connect to http://localhost:9411 [localhost/127.0.0.1, localhost/0:0:0:0:0:0:0:1] failed: Connection refused)

org.springframework.web.client.ResourceAccessException: I/O error on POST request for "http://localhost:9411/api/v2/spans": Connect to http://localhost:9411 [localhost/127.0.0.1, localhost/0:0:0:0:0:0:0:1] failed: Connection refused
	at org.springframework.web.client.RestTemplate.createResourceAccessException(RestTemplate.java:925)
	at org.springframework.web.client.RestTemplate.doExecute(RestTemplate.java:905)
	at org.springframework.web.client.RestTemplate.execute(RestTemplate.java:840)
	at org.springframework.web.client.RestTemplate.exchange(RestTemplate.java:701)
	at org.springframework.boot.actuate.autoconfigure.tracing.zipkin.ZipkinRestTemplateSender.postSpans(ZipkinRestTemplateSender.java:50)
	at org.springframework.boot.actuate.autoconfigure.tracing.zipkin.HttpSender.postSpans(HttpSender.java:69)
	at org.springframework.boot.actuate.autoconfigure.tracing.zipkin.HttpSender.postSpans(HttpSender.java:41)
	at zipkin2.reporter.BaseHttpSender.send(BaseHttpSender.java:123)
	at zipkin2.reporter.internal.AsyncReporter$BoundedAsyncReporter.flush(AsyncReporter.java:266)
	at zipkin2.reporter.internal.AsyncReporter$Flusher.run(AsyncReporter.java:352)
	at java.base/java.lang.Thread.run(Thread.java:833)
Caused by: org.apache.hc.client5.http.HttpHostConnectException: Connect to http://localhost:9411 [localhost/127.0.0.1, localhost/0:0:0:0:0:0:0:1] failed: Connection refused
	at java.base/sun.nio.ch.Net.pollConnect(Native Method)
	at java.base/sun.nio.ch.Net.pollConnectNow(Net.java:672)
	at java.base/sun.nio.ch.NioSocketImpl.timedFinishConnect(NioSocketImpl.java:542)
	at java.base/sun.nio.ch.NioSocketImpl.connect(NioSocketImpl.java:597)
	at java.base/java.net.SocksSocketImpl.connect(SocksSocketImpl.java:327)
	at java.base/java.net.Socket.connect(Socket.java:633)
	at org.apache.hc.client5.http.impl.io.DefaultHttpClientConnectionOperator.connect(DefaultHttpClientConnectionOperator.java:216)
	at org.apache.hc.client5.http.impl.io.PoolingHttpClientConnectionManager.connect(PoolingHttpClientConnectionManager.java:490)
	at org.apache.hc.client5.http.impl.classic.InternalExecRuntime.connectEndpoint(InternalExecRuntime.java:164)
	at org.apache.hc.client5.http.impl.classic.InternalExecRuntime.connectEndpoint(InternalExecRuntime.java:174)
	at org.apache.hc.client5.http.impl.classic.ConnectExec.execute(ConnectExec.java:144)
	at org.apache.hc.client5.http.impl.classic.ExecChainElement.execute(ExecChainElement.java:51)
	at org.apache.hc.client5.http.impl.classic.ProtocolExec.execute(ProtocolExec.java:192)
	at org.apache.hc.client5.http.impl.classic.ExecChainElement.execute(ExecChainElement.java:51)
	at org.apache.hc.client5.http.impl.classic.ContentCompressionExec.execute(ContentCompressionExec.java:150)
	at org.apache.hc.client5.http.impl.classic.ExecChainElement.execute(ExecChainElement.java:51)
	at org.apache.hc.client5.http.impl.classic.HttpRequestRetryExec.execute(HttpRequestRetryExec.java:113)
	at org.apache.hc.client5.http.impl.classic.ExecChainElement.execute(ExecChainElement.java:51)
	at org.apache.hc.client5.http.impl.classic.RedirectExec.execute(RedirectExec.java:110)
	at org.apache.hc.client5.http.impl.classic.ExecChainElement.execute(ExecChainElement.java:51)
	at org.apache.hc.client5.http.impl.classic.InternalHttpClient.doExecute(InternalHttpClient.java:174)
	at org.apache.hc.client5.http.impl.classic.CloseableHttpClient.execute(CloseableHttpClient.java:87)
	at org.apache.hc.client5.http.impl.classic.CloseableHttpClient.execute(CloseableHttpClient.java:55)
	at org.apache.hc.client5.http.classic.HttpClient.executeOpen(HttpClient.java:183)
	at org.springframework.http.client.HttpComponentsClientHttpRequest.executeInternal(HttpComponentsClientHttpRequest.java:99)
	at org.springframework.http.client.AbstractStreamingClientHttpRequest.executeInternal(AbstractStreamingClientHttpRequest.java:71)
	at org.springframework.http.client.AbstractClientHttpRequest.execute(AbstractClientHttpRequest.java:81)
	at org.springframework.web.client.RestTemplate.doExecute(RestTemplate.java:899)
	... 9 common frames omitted

2025-04-25 05:48:59.066  INFO 1 --- [DiscoveryClient-InstanceInfoReplicator-%d] com.netflix.discovery.DiscoveryClient    : DiscoveryClient_NOTIFICATIONSERVICE/a7d82a610f1b:NotificationService:9004 - registration status: 204
2025-04-25 05:48:59.637  INFO 1 --- [main] o.s.a.r.c.CachingConnectionFactory       : Created new connection: rabbitConnectionFactory#7e22f3da:0/SimpleConnection@409321ee [delegate=amqp://guest@172.21.0.3:5672/, localPort=45184]
2025-04-25 05:49:00.308  INFO 1 --- [main] i.f.s.n.NotificationServiceApplication   : Started NotificationServiceApplication in 81.544 seconds (process running for 83.72)
2025-04-25 05:49:10.385  INFO 1 --- [http-nio-9004-exec-1] o.a.c.c.C.[Tomcat].[localhost].[/]       : Initializing Spring DispatcherServlet 'dispatcherServlet'
2025-04-25 05:49:10.633  INFO 1 --- [http-nio-9004-exec-1] o.s.web.servlet.DispatcherServlet        : Initializing Servlet 'dispatcherServlet'
2025-04-25 05:49:10.715  INFO 1 --- [http-nio-9004-exec-1] o.s.web.servlet.DispatcherServlet        : Completed initialization in 11 ms
2025-04-25 05:49:11.415 DEBUG 1 --- [http-nio-9004-exec-1] o.s.security.web.FilterChainProxy        : Securing HEAD /actuator/health
2025-04-25 05:49:11.728 DEBUG 1 --- [http-nio-9004-exec-1] o.s.s.w.a.AnonymousAuthenticationFilter  : Set SecurityContextHolder to anonymous SecurityContext
2025-04-25 05:49:34.188  INFO 1 --- [SpringApplicationShutdownHook] o.s.c.n.e.s.EurekaServiceRegistry        : Unregistering application NOTIFICATIONSERVICE with eureka with status DOWN
2025-04-25 05:49:34.210  INFO 1 --- [SpringApplicationShutdownHook] com.netflix.discovery.DiscoveryClient    : Saw local status change event StatusChangeEvent [timestamp=1745560174209, current=DOWN, previous=UP]
2025-04-25 05:49:34.229  INFO 1 --- [DiscoveryClient-InstanceInfoReplicator-%d] com.netflix.discovery.DiscoveryClient    : DiscoveryClient_NOTIFICATIONSERVICE/a7d82a610f1b:NotificationService:9004: registering service...
2025-04-25 05:49:34.237  INFO 1 --- [org.springframework.amqp.rabbit.RabbitListenerEndpointContainer#0-2] o.s.a.r.l.SimpleMessageListenerContainer : Waiting for workers to finish.
2025-04-25 05:49:34.277  INFO 1 --- [DiscoveryClient-InstanceInfoReplicator-%d] com.netflix.discovery.DiscoveryClient    : DiscoveryClient_NOTIFICATIONSERVICE/a7d82a610f1b:NotificationService:9004 - registration status: 204
2025-04-25 05:49:35.201  INFO 1 --- [org.springframework.amqp.rabbit.RabbitListenerEndpointContainer#0-2] o.s.a.r.l.SimpleMessageListenerContainer : Successfully waited for workers to finish.
2025-04-25 05:49:35.206  INFO 1 --- [SpringApplicationShutdownHook] o.s.b.w.e.tomcat.GracefulShutdown        : Commencing graceful shutdown. Waiting for active requests to complete
2025-04-25 05:49:35.209  INFO 1 --- [tomcat-shutdown] o.s.b.w.e.tomcat.GracefulShutdown        : Graceful shutdown complete
2025-04-25 05:49:35.234  INFO 1 --- [SpringApplicationShutdownHook] j.LocalContainerEntityManagerFactoryBean : Closing JPA EntityManagerFactory for persistence unit 'default'
2025-04-25 05:49:35.240  INFO 1 --- [SpringApplicationShutdownHook] com.zaxxer.hikari.HikariDataSource       : HikariPool-1 - Shutdown initiated...
2025-04-25 05:49:35.245  INFO 1 --- [SpringApplicationShutdownHook] com.zaxxer.hikari.HikariDataSource       : HikariPool-1 - Shutdown completed.
2025-04-25 05:49:36.197  INFO 1 --- [SpringApplicationShutdownHook] com.netflix.discovery.DiscoveryClient    : Shutting down DiscoveryClient ...
2025-04-25 05:49:39.205  INFO 1 --- [SpringApplicationShutdownHook] com.netflix.discovery.DiscoveryClient    : Unregistering ...
2025-04-25 05:49:39.214  INFO 1 --- [SpringApplicationShutdownHook] com.netflix.discovery.DiscoveryClient    : DiscoveryClient_NOTIFICATIONSERVICE/a7d82a610f1b:NotificationService:9004 - deregister  status: 200
2025-04-25 05:49:39.215  INFO 1 --- [SpringApplicationShutdownHook] com.netflix.discovery.DiscoveryClient    : Completed shut down of DiscoveryClient
