{"@timestamp":"2025-04-05T03:00:45.926437263Z","@version":"1","message":"Starting ConfigServerApplication v0.0.1-SNAPSHOT using Java 17.0.2 with PID 1 (/app/ConfigServer.jar started by root in /app)","logger_name":"iuh.fit.se.configserver.ConfigServerApplication","thread_name":"main","level":"INFO","level_value":20000}
{"@timestamp":"2025-04-05T03:00:45.947153816Z","@version":"1","message":"Running with Spring Boot v3.4.3, Spring v6.2.3","logger_name":"iuh.fit.se.configserver.ConfigServerApplication","thread_name":"main","level":"DEBUG","level_value":10000}
{"@timestamp":"2025-04-05T03:00:45.950607615Z","@version":"1","message":"No active profile set, falling back to 1 default profile: \"default\"","logger_name":"iuh.fit.se.configserver.ConfigServerApplication","thread_name":"main","level":"INFO","level_value":20000}
{"@timestamp":"2025-04-05T03:00:50.252807115Z","@version":"1","message":"BeanFactory id=1d58f6a3-8bee-3924-80f4-797ac04e7474","logger_name":"org.springframework.cloud.context.scope.GenericScope","thread_name":"main","level":"INFO","level_value":20000}
{"@timestamp":"2025-04-05T03:00:51.218959237Z","@version":"1","message":"Tomcat initialized with port 8888 (http)","logger_name":"org.springframework.boot.web.embedded.tomcat.TomcatWebServer","thread_name":"main","level":"INFO","level_value":20000}
{"@timestamp":"2025-04-05T03:00:51.270947313Z","@version":"1","message":"Starting service [Tomcat]","logger_name":"org.apache.catalina.core.StandardService","thread_name":"main","level":"INFO","level_value":20000}
{"@timestamp":"2025-04-05T03:00:51.276791669Z","@version":"1","message":"Starting Servlet engine: [Apache Tomcat/10.1.36]","logger_name":"org.apache.catalina.core.StandardEngine","thread_name":"main","level":"INFO","level_value":20000}
{"@timestamp":"2025-04-05T03:00:51.452164482Z","@version":"1","message":"Initializing Spring embedded WebApplicationContext","logger_name":"org.apache.catalina.core.ContainerBase.[Tomcat].[localhost].[/]","thread_name":"main","level":"INFO","level_value":20000}
{"@timestamp":"2025-04-05T03:00:51.455281441Z","@version":"1","message":"Root WebApplicationContext: initialization completed in 5402 ms","logger_name":"org.springframework.boot.web.servlet.context.ServletWebServerApplicationContext","thread_name":"main","level":"INFO","level_value":20000}
{"@timestamp":"2025-04-05T03:01:03.567326235Z","@version":"1","message":"Eureka HTTP Client uses RestTemplate.","logger_name":"org.springframework.cloud.netflix.eureka.config.DiscoveryClientOptionalArgsConfiguration","thread_name":"main","level":"INFO","level_value":20000}
{"@timestamp":"2025-04-05T03:01:03.897776468Z","@version":"1","message":"Spring Cloud LoadBalancer is currently working with the default cache. While this cache implementation is useful for development and tests, it's recommended to use Caffeine cache in production.You can switch to using Caffeine cache, by adding it and org.springframework.cache.caffeine.CaffeineCacheManager to the classpath.","logger_name":"org.springframework.cloud.loadbalancer.config.LoadBalancerCacheAutoConfiguration$LoadBalancerCaffeineWarnLogger","thread_name":"main","level":"WARN","level_value":30000}
{"@timestamp":"2025-04-05T03:01:03.938452762Z","@version":"1","message":"Exposing 17 endpoints beneath base path '/actuator'","logger_name":"org.springframework.boot.actuate.endpoint.web.EndpointLinksResolver","thread_name":"main","level":"INFO","level_value":20000}
{"@timestamp":"2025-04-05T03:01:04.273057247Z","@version":"1","message":"Setting initial instance status as: STARTING","logger_name":"org.springframework.cloud.netflix.eureka.InstanceInfoFactory","thread_name":"main","level":"INFO","level_value":20000}
{"@timestamp":"2025-04-05T03:01:04.434500749Z","@version":"1","message":"Initializing Eureka in region us-east-1","logger_name":"com.netflix.discovery.DiscoveryClient","thread_name":"main","level":"INFO","level_value":20000}
{"@timestamp":"2025-04-05T03:01:04.462309207Z","@version":"1","message":"Resolving eureka endpoints via configuration","logger_name":"com.netflix.discovery.shared.resolver.aws.ConfigClusterResolver","thread_name":"main","level":"INFO","level_value":20000}
{"@timestamp":"2025-04-05T03:01:04.522471427Z","@version":"1","message":"Disable delta property : false","logger_name":"com.netflix.discovery.DiscoveryClient","thread_name":"main","level":"INFO","level_value":20000}
{"@timestamp":"2025-04-05T03:01:04.528369739Z","@version":"1","message":"Single vip registry refresh property : null","logger_name":"com.netflix.discovery.DiscoveryClient","thread_name":"main","level":"INFO","level_value":20000}
{"@timestamp":"2025-04-05T03:01:04.533070439Z","@version":"1","message":"Force full registry fetch : false","logger_name":"com.netflix.discovery.DiscoveryClient","thread_name":"main","level":"INFO","level_value":20000}
{"@timestamp":"2025-04-05T03:01:04.536337154Z","@version":"1","message":"Application is null : false","logger_name":"com.netflix.discovery.DiscoveryClient","thread_name":"main","level":"INFO","level_value":20000}
{"@timestamp":"2025-04-05T03:01:04.539122723Z","@version":"1","message":"Registered Applications size is zero : true","logger_name":"com.netflix.discovery.DiscoveryClient","thread_name":"main","level":"INFO","level_value":20000}
{"@timestamp":"2025-04-05T03:01:04.543903176Z","@version":"1","message":"Application version is -1: true","logger_name":"com.netflix.discovery.DiscoveryClient","thread_name":"main","level":"INFO","level_value":20000}
{"@timestamp":"2025-04-05T03:01:04.560685868Z","@version":"1","message":"Getting all instance registry info from the eureka server","logger_name":"com.netflix.discovery.DiscoveryClient","thread_name":"main","level":"INFO","level_value":20000}
{"@timestamp":"2025-04-05T03:01:06.039879873Z","@version":"1","message":"The response status is 200","logger_name":"com.netflix.discovery.DiscoveryClient","thread_name":"main","level":"INFO","level_value":20000}
{"@timestamp":"2025-04-05T03:01:06.048435367Z","@version":"1","message":"Starting heartbeat executor: renew interval is: 30","logger_name":"com.netflix.discovery.DiscoveryClient","thread_name":"main","level":"INFO","level_value":20000}
{"@timestamp":"2025-04-05T03:01:06.05807584Z","@version":"1","message":"InstanceInfoReplicator onDemand update allowed rate per min is 4","logger_name":"com.netflix.discovery.InstanceInfoReplicator","thread_name":"main","level":"INFO","level_value":20000}
{"@timestamp":"2025-04-05T03:01:06.067117957Z","@version":"1","message":"Discovery Client initialized at timestamp 1743822066063 with initial instances count: 0","logger_name":"com.netflix.discovery.DiscoveryClient","thread_name":"main","level":"INFO","level_value":20000}
{"@timestamp":"2025-04-05T03:01:06.079507155Z","@version":"1","message":"Registering application CONFIGSERVER with eureka with status UP","logger_name":"org.springframework.cloud.netflix.eureka.serviceregistry.EurekaServiceRegistry","thread_name":"main","level":"INFO","level_value":20000}
{"@timestamp":"2025-04-05T03:01:06.08366391Z","@version":"1","message":"Saw local status change event StatusChangeEvent [timestamp=1743822066083, current=UP, previous=STARTING]","logger_name":"com.netflix.discovery.DiscoveryClient","thread_name":"main","level":"INFO","level_value":20000}
{"@timestamp":"2025-04-05T03:01:06.090508566Z","@version":"1","message":"DiscoveryClient_CONFIGSERVER/af9e2795e834:ConfigServer:8888: registering service...","logger_name":"com.netflix.discovery.DiscoveryClient","thread_name":"DiscoveryClient-InstanceInfoReplicator-%d","level":"INFO","level_value":20000}
{"@timestamp":"2025-04-05T03:01:06.166171582Z","@version":"1","message":"Tomcat started on port 8888 (http) with context path '/'","logger_name":"org.springframework.boot.web.embedded.tomcat.TomcatWebServer","thread_name":"main","level":"INFO","level_value":20000}
{"@timestamp":"2025-04-05T03:01:06.174052377Z","@version":"1","message":"Updating port to 8888","logger_name":"org.springframework.cloud.netflix.eureka.serviceregistry.EurekaAutoServiceRegistration","thread_name":"main","level":"INFO","level_value":20000}
{"@timestamp":"2025-04-05T03:01:06.235842498Z","@version":"1","message":"Started ConfigServerApplication in 23.316 seconds (process running for 26.124)","logger_name":"iuh.fit.se.configserver.ConfigServerApplication","thread_name":"main","level":"INFO","level_value":20000}
{"@timestamp":"2025-04-05T03:01:06.273293695Z","@version":"1","message":"DiscoveryClient_CONFIGSERVER/af9e2795e834:ConfigServer:8888 - registration status: 204","logger_name":"com.netflix.discovery.DiscoveryClient","thread_name":"DiscoveryClient-InstanceInfoReplicator-%d","level":"INFO","level_value":20000}
{"@timestamp":"2025-04-05T03:01:10.213193471Z","@version":"1","message":"Initializing Spring DispatcherServlet 'dispatcherServlet'","logger_name":"org.apache.catalina.core.ContainerBase.[Tomcat].[localhost].[/]","thread_name":"http-nio-8888-exec-1","level":"INFO","level_value":20000}
{"@timestamp":"2025-04-05T03:01:10.215350923Z","@version":"1","message":"Initializing Servlet 'dispatcherServlet'","logger_name":"org.springframework.web.servlet.DispatcherServlet","thread_name":"http-nio-8888-exec-1","level":"INFO","level_value":20000}
{"@timestamp":"2025-04-05T03:01:10.220489348Z","@version":"1","message":"Completed initialization in 3 ms","logger_name":"org.springframework.web.servlet.DispatcherServlet","thread_name":"http-nio-8888-exec-1","level":"INFO","level_value":20000}
{"@timestamp":"2025-04-05T03:01:28.464063915Z","@version":"1","message":"Adding property source: Config resource 'file [/tmp/config-repo-14353416339303877292/PaymentService.properties]' via location 'file:/tmp/config-repo-14353416339303877292/'","logger_name":"org.springframework.cloud.config.server.environment.NativeEnvironmentRepository","thread_name":"http-nio-8888-exec-5","level":"INFO","level_value":20000}
{"@timestamp":"2025-04-05T03:01:29.99275445Z","@version":"1","message":"Adding property source: Config resource 'file [/tmp/config-repo-14353416339303877292/UserService.properties]' via location 'file:/tmp/config-repo-14353416339303877292/'","logger_name":"org.springframework.cloud.config.server.environment.NativeEnvironmentRepository","thread_name":"http-nio-8888-exec-1","level":"INFO","level_value":20000}
{"@timestamp":"2025-04-05T03:01:30.732305488Z","@version":"1","message":"Adding property source: Config resource 'file [/tmp/config-repo-14353416339303877292/OrderService.properties]' via location 'file:/tmp/config-repo-14353416339303877292/'","logger_name":"org.springframework.cloud.config.server.environment.NativeEnvironmentRepository","thread_name":"http-nio-8888-exec-10","level":"INFO","level_value":20000}
{"@timestamp":"2025-04-05T03:01:31.526299697Z","@version":"1","message":"Adding property source: Config resource 'file [/tmp/config-repo-14353416339303877292/NotificationService.properties]' via location 'file:/tmp/config-repo-14353416339303877292/'","logger_name":"org.springframework.cloud.config.server.environment.NativeEnvironmentRepository","thread_name":"http-nio-8888-exec-9","level":"INFO","level_value":20000}
