2025-04-05 02:50:48.022  INFO 1 --- [main] i.f.s.u.UserServiceApplication           : Starting UserServiceApplication v0.0.1-SNAPSHOT using Java 17.0.2 with PID 1 (/app/UserService.jar started by root in /app)
2025-04-05 02:50:48.063 DEBUG 1 --- [main] i.f.s.u.UserServiceApplication           : Running with Spring Boot v3.4.3, Spring v6.2.3
2025-04-05 02:50:48.074  INFO 1 --- [main] i.f.s.u.UserServiceApplication           : The following 1 profile is active: "dev"
2025-04-05 02:50:48.446  INFO 1 --- [main] o.s.c.c.c.ConfigServerConfigDataLoader   : Fetching config from server at : http://configserver:8888
2025-04-05 02:50:48.461  INFO 1 --- [main] o.s.c.c.c.ConfigServerConfigDataLoader   : Located environment: name=application, profiles=[default], label=null, version=2efb5a6a549b71a42b590f6a2b08183ed8af3466, state=
2025-04-05 02:50:48.477  INFO 1 --- [main] o.s.c.c.c.ConfigServerConfigDataLoader   : Fetching config from server at : http://configserver:8888
2025-04-05 02:50:48.504  INFO 1 --- [main] o.s.c.c.c.ConfigServerConfigDataLoader   : Located environment: name=UserService, profiles=[default], label=null, version=2efb5a6a549b71a42b590f6a2b08183ed8af3466, state=
2025-04-05 02:50:48.526  INFO 1 --- [main] o.s.c.c.c.ConfigServerConfigDataLoader   : Fetching config from server at : http://configserver:8888
2025-04-05 02:50:48.529  INFO 1 --- [main] o.s.c.c.c.ConfigServerConfigDataLoader   : Located environment: name=UserService, profiles=[dev], label=null, version=2efb5a6a549b71a42b590f6a2b08183ed8af3466, state=
2025-04-05 02:51:00.461  INFO 1 --- [main] .s.d.r.c.RepositoryConfigurationDelegate : Bootstrapping Spring Data JPA repositories in DEFAULT mode.
2025-04-05 02:51:01.495  INFO 1 --- [main] .s.d.r.c.RepositoryConfigurationDelegate : Finished Spring Data repository scanning in 963 ms. Found 5 JPA repository interfaces.
2025-04-05 02:51:04.600  INFO 1 --- [main] o.s.cloud.context.scope.GenericScope     : BeanFactory id=7032b9e5-63b9-3035-a8e1-7898ff3df934
2025-04-05 02:51:09.700  INFO 1 --- [main] o.s.b.w.embedded.tomcat.TomcatWebServer  : Tomcat initialized with port 9001 (http)
2025-04-05 02:51:09.783  INFO 1 --- [main] o.apache.catalina.core.StandardService   : Starting service [Tomcat]
2025-04-05 02:51:09.793  INFO 1 --- [main] o.apache.catalina.core.StandardEngine    : Starting Servlet engine: [Apache Tomcat/10.1.36]
2025-04-05 02:51:10.018  INFO 1 --- [main] o.a.c.c.C.[Tomcat].[localhost].[/]       : Initializing Spring embedded WebApplicationContext
2025-04-05 02:51:10.026  INFO 1 --- [main] w.s.c.ServletWebServerApplicationContext : Root WebApplicationContext: initialization completed in 21469 ms
2025-04-05 02:51:16.566  INFO 1 --- [main] o.hibernate.jpa.internal.util.LogHelper  : HHH000204: Processing PersistenceUnitInfo [name: default]
2025-04-05 02:51:17.157  INFO 1 --- [main] org.hibernate.Version                    : HHH000412: Hibernate ORM core version 6.6.8.Final
2025-04-05 02:51:17.458  INFO 1 --- [main] o.h.c.internal.RegionFactoryInitiator    : HHH000026: Second-level cache disabled
2025-04-05 02:51:19.251  INFO 1 --- [main] o.s.o.j.p.SpringPersistenceUnitInfo      : No LoadTimeWeaver setup: ignoring JPA class transformer
2025-04-05 02:51:19.454  INFO 1 --- [main] com.zaxxer.hikari.HikariDataSource       : HikariPool-1 - Starting...
2025-04-05 02:51:20.557  INFO 1 --- [main] com.zaxxer.hikari.pool.HikariPool        : HikariPool-1 - Added connection ConnectionID:1 ClientConnectionId: 7abac1ed-701b-488e-9fa3-dc86656a1da2
2025-04-05 02:51:20.571  INFO 1 --- [main] com.zaxxer.hikari.HikariDataSource       : HikariPool-1 - Start completed.
2025-04-05 02:51:20.923  WARN 1 --- [main] org.hibernate.orm.deprecation            : HHH90000025: SQLServerDialect does not need to be specified explicitly using 'hibernate.dialect' (remove the property setting and it will be selected by default)
2025-04-05 02:51:21.084  INFO 1 --- [main] org.hibernate.orm.connections.pooling    : HHH10001005: Database info:
	Database JDBC URL [Connecting through datasource 'HikariDataSource (HikariPool-1)']
	Database driver: undefined/unknown
	Database version: 16.0
	Autocommit mode: undefined/unknown
	Isolation level: undefined/unknown
	Minimum pool size: undefined/unknown
	Maximum pool size: undefined/unknown
2025-04-05 02:51:31.079  INFO 1 --- [main] o.h.e.t.j.p.i.JtaPlatformInitiator       : HHH000489: No JTA platform available (set 'hibernate.transaction.jta.platform' to enable JTA platform integration)
2025-04-05 02:51:35.054  INFO 1 --- [main] j.LocalContainerEntityManagerFactoryBean : Initialized JPA EntityManagerFactory for persistence unit 'default'
2025-04-05 02:51:39.354  INFO 1 --- [main] o.s.d.j.r.query.QueryEnhancerFactory     : Hibernate is in classpath; If applicable, HQL parser will be used.
2025-04-05 02:51:45.577  WARN 1 --- [main] JpaBaseConfiguration$JpaWebConfiguration : spring.jpa.open-in-view is enabled by default. Therefore, database queries may be performed during view rendering. Explicitly configure spring.jpa.open-in-view to disable this warning
2025-04-05 02:51:46.893  INFO 1 --- [main] o.s.c.openfeign.FeignClientFactoryBean   : For 'OrderService' URL not provided. Will try picking an instance via load-balancing.
2025-04-05 02:51:49.189  INFO 1 --- [main] r$InitializeUserDetailsManagerConfigurer : Global AuthenticationManager configured with UserDetailsService bean with name userDetailsService
2025-04-05 02:51:53.719  INFO 1 --- [main] o.s.b.a.e.web.EndpointLinksResolver      : Exposing 2 endpoints beneath base path '/actuator'
2025-04-05 02:51:55.993  WARN 1 --- [main] ion$DefaultTemplateResolverConfiguration : Cannot find template location: classpath:/templates/ (please add some templates, check your Thymeleaf configuration, or set spring.thymeleaf.check-template-location=false)
2025-04-05 02:52:00.751  INFO 1 --- [main] DiscoveryClientOptionalArgsConfiguration : Eureka HTTP Client uses RestTemplate.
2025-04-05 02:52:01.017  WARN 1 --- [main] iguration$LoadBalancerCaffeineWarnLogger : Spring Cloud LoadBalancer is currently working with the default cache. While this cache implementation is useful for development and tests, it's recommended to use Caffeine cache in production.You can switch to using Caffeine cache, by adding it and org.springframework.cache.caffeine.CaffeineCacheManager to the classpath.
2025-04-05 02:52:01.239  INFO 1 --- [main] o.s.c.n.eureka.InstanceInfoFactory       : Setting initial instance status as: STARTING
2025-04-05 02:52:01.305  INFO 1 --- [main] com.netflix.discovery.DiscoveryClient    : Initializing Eureka in region us-east-1
2025-04-05 02:52:01.314  INFO 1 --- [main] c.n.d.s.r.aws.ConfigClusterResolver      : Resolving eureka endpoints via configuration
2025-04-05 02:52:01.343  INFO 1 --- [main] com.netflix.discovery.DiscoveryClient    : Disable delta property : false
2025-04-05 02:52:01.345  INFO 1 --- [main] com.netflix.discovery.DiscoveryClient    : Single vip registry refresh property : null
2025-04-05 02:52:01.347  INFO 1 --- [main] com.netflix.discovery.DiscoveryClient    : Force full registry fetch : false
2025-04-05 02:52:01.349  INFO 1 --- [main] com.netflix.discovery.DiscoveryClient    : Application is null : false
2025-04-05 02:52:01.351  INFO 1 --- [main] com.netflix.discovery.DiscoveryClient    : Registered Applications size is zero : true
2025-04-05 02:52:01.353  INFO 1 --- [main] com.netflix.discovery.DiscoveryClient    : Application version is -1: true
2025-04-05 02:52:01.355  INFO 1 --- [main] com.netflix.discovery.DiscoveryClient    : Getting all instance registry info from the eureka server
2025-04-05 02:52:02.175  INFO 1 --- [main] com.netflix.discovery.DiscoveryClient    : The response status is 200
2025-04-05 02:52:02.183  INFO 1 --- [main] com.netflix.discovery.DiscoveryClient    : Starting heartbeat executor: renew interval is: 30
2025-04-05 02:52:02.193  INFO 1 --- [main] c.n.discovery.InstanceInfoReplicator     : InstanceInfoReplicator onDemand update allowed rate per min is 4
2025-04-05 02:52:02.198  INFO 1 --- [main] com.netflix.discovery.DiscoveryClient    : Discovery Client initialized at timestamp 1743821522197 with initial instances count: 6
2025-04-05 02:52:02.233  INFO 1 --- [main] o.s.c.n.e.s.EurekaServiceRegistry        : Registering application USERSERVICE with eureka with status UP
2025-04-05 02:52:02.236  INFO 1 --- [main] com.netflix.discovery.DiscoveryClient    : Saw local status change event StatusChangeEvent [timestamp=1743821522236, current=UP, previous=STARTING]
2025-04-05 02:52:02.243  INFO 1 --- [DiscoveryClient-InstanceInfoReplicator-%d] com.netflix.discovery.DiscoveryClient    : DiscoveryClient_USERSERVICE/b4efca91c119:UserService:9001: registering service...
2025-04-05 02:52:02.303  INFO 1 --- [main] o.s.b.w.embedded.tomcat.TomcatWebServer  : Tomcat started on port 9001 (http) with context path '/'
2025-04-05 02:52:02.306  INFO 1 --- [main] .s.c.n.e.s.EurekaAutoServiceRegistration : Updating port to 9001
2025-04-05 02:52:02.347  INFO 1 --- [main] i.f.s.u.UserServiceApplication           : Started UserServiceApplication in 93.925 seconds (process running for 98.577)
2025-04-05 02:52:02.361  INFO 1 --- [DiscoveryClient-InstanceInfoReplicator-%d] com.netflix.discovery.DiscoveryClient    : DiscoveryClient_USERSERVICE/b4efca91c119:UserService:9001 - registration status: 204
2025-04-05 02:52:03.190  WARN 1 --- [AsyncReporter{ZipkinRestTemplateSender{http://localhost:9411/api/v2/spans}}] z.r.i.AsyncReporter$BoundedAsyncReporter : Spans were dropped due to exceptions. All subsequent errors will be logged at FINE level.
2025-04-05 02:52:03.193  WARN 1 --- [AsyncReporter{ZipkinRestTemplateSender{http://localhost:9411/api/v2/spans}}] z.r.i.AsyncReporter$BoundedAsyncReporter : Dropped 2 spans due to ResourceAccessException(I/O error on POST request for "http://localhost:9411/api/v2/spans": Connect to http://localhost:9411 [localhost/127.0.0.1, localhost/0:0:0:0:0:0:0:1] failed: Connection refused)

org.springframework.web.client.ResourceAccessException: I/O error on POST request for "http://localhost:9411/api/v2/spans": Connect to http://localhost:9411 [localhost/127.0.0.1, localhost/0:0:0:0:0:0:0:1] failed: Connection refused
	at org.springframework.web.client.RestTemplate.createResourceAccessException(RestTemplate.java:925)
	at org.springframework.web.client.RestTemplate.doExecute(RestTemplate.java:905)
	at org.springframework.web.client.RestTemplate.execute(RestTemplate.java:840)
	at org.springframework.web.client.RestTemplate.exchange(RestTemplate.java:701)
	at org.springframework.boot.actuate.autoconfigure.tracing.zipkin.ZipkinRestTemplateSender.postSpans(ZipkinRestTemplateSender.java:50)
	at org.springframework.boot.actuate.autoconfigure.tracing.zipkin.HttpSender.postSpans(HttpSender.java:69)
	at org.springframework.boot.actuate.autoconfigure.tracing.zipkin.HttpSender.postSpans(HttpSender.java:41)
	at zipkin2.reporter.BaseHttpSender.send(BaseHttpSender.java:123)
	at zipkin2.reporter.internal.AsyncReporter$BoundedAsyncReporter.flush(AsyncReporter.java:266)
	at zipkin2.reporter.internal.AsyncReporter$Flusher.run(AsyncReporter.java:352)
	at java.base/java.lang.Thread.run(Thread.java:833)
Caused by: org.apache.hc.client5.http.HttpHostConnectException: Connect to http://localhost:9411 [localhost/127.0.0.1, localhost/0:0:0:0:0:0:0:1] failed: Connection refused
	at java.base/sun.nio.ch.Net.pollConnect(Native Method)
	at java.base/sun.nio.ch.Net.pollConnectNow(Net.java:672)
	at java.base/sun.nio.ch.NioSocketImpl.timedFinishConnect(NioSocketImpl.java:542)
	at java.base/sun.nio.ch.NioSocketImpl.connect(NioSocketImpl.java:597)
	at java.base/java.net.SocksSocketImpl.connect(SocksSocketImpl.java:327)
	at java.base/java.net.Socket.connect(Socket.java:633)
	at org.apache.hc.client5.http.impl.io.DefaultHttpClientConnectionOperator.connect(DefaultHttpClientConnectionOperator.java:216)
	at org.apache.hc.client5.http.impl.io.PoolingHttpClientConnectionManager.connect(PoolingHttpClientConnectionManager.java:490)
	at org.apache.hc.client5.http.impl.classic.InternalExecRuntime.connectEndpoint(InternalExecRuntime.java:164)
	at org.apache.hc.client5.http.impl.classic.InternalExecRuntime.connectEndpoint(InternalExecRuntime.java:174)
	at org.apache.hc.client5.http.impl.classic.ConnectExec.execute(ConnectExec.java:144)
	at org.apache.hc.client5.http.impl.classic.ExecChainElement.execute(ExecChainElement.java:51)
	at org.apache.hc.client5.http.impl.classic.ProtocolExec.execute(ProtocolExec.java:192)
	at org.apache.hc.client5.http.impl.classic.ExecChainElement.execute(ExecChainElement.java:51)
	at org.apache.hc.client5.http.impl.classic.ContentCompressionExec.execute(ContentCompressionExec.java:150)
	at org.apache.hc.client5.http.impl.classic.ExecChainElement.execute(ExecChainElement.java:51)
	at org.apache.hc.client5.http.impl.classic.HttpRequestRetryExec.execute(HttpRequestRetryExec.java:113)
	at org.apache.hc.client5.http.impl.classic.ExecChainElement.execute(ExecChainElement.java:51)
	at org.apache.hc.client5.http.impl.classic.RedirectExec.execute(RedirectExec.java:110)
	at org.apache.hc.client5.http.impl.classic.ExecChainElement.execute(ExecChainElement.java:51)
	at org.apache.hc.client5.http.impl.classic.InternalHttpClient.doExecute(InternalHttpClient.java:174)
	at org.apache.hc.client5.http.impl.classic.CloseableHttpClient.execute(CloseableHttpClient.java:87)
	at org.apache.hc.client5.http.impl.classic.CloseableHttpClient.execute(CloseableHttpClient.java:55)
	at org.apache.hc.client5.http.classic.HttpClient.executeOpen(HttpClient.java:183)
	at org.springframework.http.client.HttpComponentsClientHttpRequest.executeInternal(HttpComponentsClientHttpRequest.java:99)
	at org.springframework.http.client.AbstractStreamingClientHttpRequest.executeInternal(AbstractStreamingClientHttpRequest.java:71)
	at org.springframework.http.client.AbstractClientHttpRequest.execute(AbstractClientHttpRequest.java:81)
	at org.springframework.web.client.RestTemplate.doExecute(RestTemplate.java:899)
	... 9 common frames omitted

2025-04-05 02:52:24.371  INFO 1 --- [http-nio-9001-exec-1] o.a.c.c.C.[Tomcat].[localhost].[/]       : Initializing Spring DispatcherServlet 'dispatcherServlet'
2025-04-05 02:52:24.374  INFO 1 --- [http-nio-9001-exec-1] o.s.web.servlet.DispatcherServlet        : Initializing Servlet 'dispatcherServlet'
2025-04-05 02:52:24.383  INFO 1 --- [http-nio-9001-exec-1] o.s.web.servlet.DispatcherServlet        : Completed initialization in 8 ms
2025-04-05 02:53:51.759  INFO 1 --- [SpringApplicationShutdownHook] o.s.c.n.e.s.EurekaServiceRegistry        : Unregistering application USERSERVICE with eureka with status DOWN
2025-04-05 02:53:51.764  INFO 1 --- [SpringApplicationShutdownHook] com.netflix.discovery.DiscoveryClient    : Saw local status change event StatusChangeEvent [timestamp=1743821631763, current=DOWN, previous=UP]
2025-04-05 02:53:51.769  INFO 1 --- [DiscoveryClient-InstanceInfoReplicator-%d] com.netflix.discovery.DiscoveryClient    : DiscoveryClient_USERSERVICE/b4efca91c119:UserService:9001: registering service...
2025-04-05 02:53:51.800  INFO 1 --- [SpringApplicationShutdownHook] o.s.b.w.e.tomcat.GracefulShutdown        : Commencing graceful shutdown. Waiting for active requests to complete
2025-04-05 02:53:51.828  INFO 1 --- [tomcat-shutdown] o.s.b.w.e.tomcat.GracefulShutdown        : Graceful shutdown complete
2025-04-05 02:53:51.875  INFO 1 --- [DiscoveryClient-InstanceInfoReplicator-%d] com.netflix.discovery.DiscoveryClient    : DiscoveryClient_USERSERVICE/b4efca91c119:UserService:9001 - registration status: 204
2025-04-05 02:53:51.923  INFO 1 --- [SpringApplicationShutdownHook] j.LocalContainerEntityManagerFactoryBean : Closing JPA EntityManagerFactory for persistence unit 'default'
2025-04-05 02:53:51.938  INFO 1 --- [SpringApplicationShutdownHook] com.zaxxer.hikari.HikariDataSource       : HikariPool-1 - Shutdown initiated...
2025-04-05 02:53:51.952  INFO 1 --- [SpringApplicationShutdownHook] com.zaxxer.hikari.HikariDataSource       : HikariPool-1 - Shutdown completed.
2025-04-05 02:53:52.251  INFO 1 --- [SpringApplicationShutdownHook] com.netflix.discovery.DiscoveryClient    : Shutting down DiscoveryClient ...
2025-04-05 02:53:55.256  INFO 1 --- [SpringApplicationShutdownHook] com.netflix.discovery.DiscoveryClient    : Unregistering ...
2025-04-05 02:53:55.301  INFO 1 --- [SpringApplicationShutdownHook] com.netflix.discovery.DiscoveryClient    : DiscoveryClient_USERSERVICE/b4efca91c119:UserService:9001 - deregister  status: 200
2025-04-05 02:53:55.306  INFO 1 --- [SpringApplicationShutdownHook] com.netflix.discovery.DiscoveryClient    : Completed shut down of DiscoveryClient
2025-04-05 02:57:14.291  INFO 1 --- [main] i.f.s.u.UserServiceApplication           : Starting UserServiceApplication v0.0.1-SNAPSHOT using Java 17.0.2 with PID 1 (/app/UserService.jar started by root in /app)
2025-04-05 02:57:14.395 DEBUG 1 --- [main] i.f.s.u.UserServiceApplication           : Running with Spring Boot v3.4.3, Spring v6.2.3
2025-04-05 02:57:14.403  INFO 1 --- [main] i.f.s.u.UserServiceApplication           : The following 1 profile is active: "dev"
2025-04-05 02:57:14.881  INFO 1 --- [main] o.s.c.c.c.ConfigServerConfigDataLoader   : Fetching config from server at : http://configserver:8888
2025-04-05 02:57:14.897  INFO 1 --- [main] o.s.c.c.c.ConfigServerConfigDataLoader   : Located environment: name=application, profiles=[default], label=null, version=2efb5a6a549b71a42b590f6a2b08183ed8af3466, state=
2025-04-05 02:57:14.901  INFO 1 --- [main] o.s.c.c.c.ConfigServerConfigDataLoader   : Fetching config from server at : http://configserver:8888
2025-04-05 02:57:14.917  INFO 1 --- [main] o.s.c.c.c.ConfigServerConfigDataLoader   : Located environment: name=UserService, profiles=[default], label=null, version=2efb5a6a549b71a42b590f6a2b08183ed8af3466, state=
2025-04-05 02:57:14.923  INFO 1 --- [main] o.s.c.c.c.ConfigServerConfigDataLoader   : Fetching config from server at : http://configserver:8888
2025-04-05 02:57:14.937  INFO 1 --- [main] o.s.c.c.c.ConfigServerConfigDataLoader   : Located environment: name=UserService, profiles=[dev], label=null, version=2efb5a6a549b71a42b590f6a2b08183ed8af3466, state=
2025-04-05 02:57:29.822  INFO 1 --- [main] .s.d.r.c.RepositoryConfigurationDelegate : Bootstrapping Spring Data JPA repositories in DEFAULT mode.
2025-04-05 02:57:30.944  INFO 1 --- [main] .s.d.r.c.RepositoryConfigurationDelegate : Finished Spring Data repository scanning in 1067 ms. Found 5 JPA repository interfaces.
2025-04-05 02:57:35.383  INFO 1 --- [main] o.s.cloud.context.scope.GenericScope     : BeanFactory id=7032b9e5-63b9-3035-a8e1-7898ff3df934
2025-04-05 02:57:43.737  INFO 1 --- [main] o.s.b.w.embedded.tomcat.TomcatWebServer  : Tomcat initialized with port 9001 (http)
2025-04-05 02:57:43.890  INFO 1 --- [main] o.apache.catalina.core.StandardService   : Starting service [Tomcat]
2025-04-05 02:57:43.911  INFO 1 --- [main] o.apache.catalina.core.StandardEngine    : Starting Servlet engine: [Apache Tomcat/10.1.36]
2025-04-05 02:57:44.372  INFO 1 --- [main] o.a.c.c.C.[Tomcat].[localhost].[/]       : Initializing Spring embedded WebApplicationContext
2025-04-05 02:57:44.382  INFO 1 --- [main] w.s.c.ServletWebServerApplicationContext : Root WebApplicationContext: initialization completed in 29399 ms
2025-04-05 02:57:52.292  INFO 1 --- [main] o.hibernate.jpa.internal.util.LogHelper  : HHH000204: Processing PersistenceUnitInfo [name: default]
2025-04-05 02:57:52.749  INFO 1 --- [main] org.hibernate.Version                    : HHH000412: Hibernate ORM core version 6.6.8.Final
2025-04-05 02:57:53.093  INFO 1 --- [main] o.h.c.internal.RegionFactoryInitiator    : HHH000026: Second-level cache disabled
2025-04-05 02:57:55.407  INFO 1 --- [main] o.s.o.j.p.SpringPersistenceUnitInfo      : No LoadTimeWeaver setup: ignoring JPA class transformer
2025-04-05 02:57:55.654  INFO 1 --- [main] com.zaxxer.hikari.HikariDataSource       : HikariPool-1 - Starting...
2025-04-05 02:57:56.817  INFO 1 --- [main] com.zaxxer.hikari.pool.HikariPool        : HikariPool-1 - Added connection ConnectionID:1 ClientConnectionId: d1537d85-fd0c-41bf-bb00-90f74ebff663
2025-04-05 02:57:56.838  INFO 1 --- [main] com.zaxxer.hikari.HikariDataSource       : HikariPool-1 - Start completed.
2025-04-05 02:57:57.168  WARN 1 --- [main] org.hibernate.orm.deprecation            : HHH90000025: SQLServerDialect does not need to be specified explicitly using 'hibernate.dialect' (remove the property setting and it will be selected by default)
2025-04-05 02:57:57.322  INFO 1 --- [main] org.hibernate.orm.connections.pooling    : HHH10001005: Database info:
	Database JDBC URL [Connecting through datasource 'HikariDataSource (HikariPool-1)']
	Database driver: undefined/unknown
	Database version: 16.0
	Autocommit mode: undefined/unknown
	Isolation level: undefined/unknown
	Minimum pool size: undefined/unknown
	Maximum pool size: undefined/unknown
2025-04-05 02:58:05.161  INFO 1 --- [main] o.h.e.t.j.p.i.JtaPlatformInitiator       : HHH000489: No JTA platform available (set 'hibernate.transaction.jta.platform' to enable JTA platform integration)
2025-04-05 02:58:06.665  INFO 1 --- [main] j.LocalContainerEntityManagerFactoryBean : Initialized JPA EntityManagerFactory for persistence unit 'default'
2025-04-05 02:58:10.312  INFO 1 --- [main] o.s.d.j.r.query.QueryEnhancerFactory     : Hibernate is in classpath; If applicable, HQL parser will be used.
2025-04-05 02:58:18.629  WARN 1 --- [main] JpaBaseConfiguration$JpaWebConfiguration : spring.jpa.open-in-view is enabled by default. Therefore, database queries may be performed during view rendering. Explicitly configure spring.jpa.open-in-view to disable this warning
2025-04-05 02:58:20.448  INFO 1 --- [main] o.s.c.openfeign.FeignClientFactoryBean   : For 'OrderService' URL not provided. Will try picking an instance via load-balancing.
2025-04-05 02:58:23.380  INFO 1 --- [main] r$InitializeUserDetailsManagerConfigurer : Global AuthenticationManager configured with UserDetailsService bean with name userDetailsService
2025-04-05 02:58:28.639  INFO 1 --- [main] o.s.b.a.e.web.EndpointLinksResolver      : Exposing 2 endpoints beneath base path '/actuator'
2025-04-05 02:58:31.712  WARN 1 --- [main] ion$DefaultTemplateResolverConfiguration : Cannot find template location: classpath:/templates/ (please add some templates, check your Thymeleaf configuration, or set spring.thymeleaf.check-template-location=false)
