2025-05-23 12:09:37.503  INFO 1 --- [main] i.f.s.p.PaymentServiceApplication        : Starting PaymentServiceApplication v0.0.1-SNAPSHOT using Java 17.0.15 with PID 1 (/app/PaymentService.jar started by root in /app)
2025-05-23 12:09:37.665 DEBUG 1 --- [main] i.f.s.p.PaymentServiceApplication        : Running with Spring Boot v3.4.3, Spring v6.2.3
2025-05-23 12:09:37.692  INFO 1 --- [main] i.f.s.p.PaymentServiceApplication        : No active profile set, falling back to 1 default profile: "default"
2025-05-23 12:09:38.117  INFO 1 --- [main] o.s.c.c.c.ConfigServerConfigDataLoader   : Fetching config from server at : http://configserver:8888
2025-05-23 12:09:38.149  INFO 1 --- [main] o.s.c.c.c.ConfigServerConfigDataLoader   : Located environment: name=application, profiles=[default], label=null, version=1acc8d8659fd96ed52844c8881c260bdb5135241, state=
2025-05-23 12:09:38.153  INFO 1 --- [main] o.s.c.c.c.ConfigServerConfigDataLoader   : Fetching config from server at : http://configserver:8888
2025-05-23 12:09:38.157  INFO 1 --- [main] o.s.c.c.c.ConfigServerConfigDataLoader   : Located environment: name=PaymentService, profiles=[default], label=null, version=1acc8d8659fd96ed52844c8881c260bdb5135241, state=
2025-05-23 12:09:52.871  INFO 1 --- [main] o.s.cloud.context.scope.GenericScope     : BeanFactory id=572b4986-3af7-3872-8762-9e5a89e1e758
2025-05-23 12:09:56.098  INFO 1 --- [main] o.s.b.w.embedded.tomcat.TomcatWebServer  : Tomcat initialized with port 9005 (http)
2025-05-23 12:09:56.257  INFO 1 --- [main] o.apache.catalina.core.StandardService   : Starting service [Tomcat]
2025-05-23 12:09:56.274  INFO 1 --- [main] o.apache.catalina.core.StandardEngine    : Starting Servlet engine: [Apache Tomcat/10.1.36]
2025-05-23 12:09:56.812  INFO 1 --- [main] o.a.c.c.C.[Tomcat].[localhost].[/]       : Initializing Spring embedded WebApplicationContext
2025-05-23 12:09:56.816  INFO 1 --- [main] w.s.c.ServletWebServerApplicationContext : Root WebApplicationContext: initialization completed in 18632 ms
2025-05-23 12:10:04.358  INFO 1 --- [main] o.s.v.b.OptionalValidatorFactoryBean     : Failed to set up a Bean Validation provider: jakarta.validation.NoProviderFoundException: Unable to create a Configuration, because no Jakarta Bean Validation provider could be found. Add a provider like Hibernate Validator (RI) to your classpath.
2025-05-23 12:10:11.869  INFO 1 --- [main] DiscoveryClientOptionalArgsConfiguration : Eureka HTTP Client uses RestTemplate.
2025-05-23 12:10:12.310  WARN 1 --- [main] iguration$LoadBalancerCaffeineWarnLogger : Spring Cloud LoadBalancer is currently working with the default cache. While this cache implementation is useful for development and tests, it's recommended to use Caffeine cache in production.You can switch to using Caffeine cache, by adding it and org.springframework.cache.caffeine.CaffeineCacheManager to the classpath.
2025-05-23 12:10:12.367  INFO 1 --- [main] o.s.b.a.e.web.EndpointLinksResolver      : Exposing 2 endpoints beneath base path '/actuator'
2025-05-23 12:10:13.255  INFO 1 --- [main] o.s.c.n.eureka.InstanceInfoFactory       : Setting initial instance status as: STARTING
2025-05-23 12:10:13.561  INFO 1 --- [main] com.netflix.discovery.DiscoveryClient    : Initializing Eureka in region us-east-1
2025-05-23 12:10:13.610  INFO 1 --- [main] c.n.d.s.r.aws.ConfigClusterResolver      : Resolving eureka endpoints via configuration
2025-05-23 12:10:13.724  INFO 1 --- [main] com.netflix.discovery.DiscoveryClient    : Disable delta property : false
2025-05-23 12:10:13.750  INFO 1 --- [main] com.netflix.discovery.DiscoveryClient    : Single vip registry refresh property : null
2025-05-23 12:10:13.755  INFO 1 --- [main] com.netflix.discovery.DiscoveryClient    : Force full registry fetch : false
2025-05-23 12:10:13.758  INFO 1 --- [main] com.netflix.discovery.DiscoveryClient    : Application is null : false
2025-05-23 12:10:13.763  INFO 1 --- [main] com.netflix.discovery.DiscoveryClient    : Registered Applications size is zero : true
2025-05-23 12:10:13.794  INFO 1 --- [main] com.netflix.discovery.DiscoveryClient    : Application version is -1: true
2025-05-23 12:10:13.804  INFO 1 --- [main] com.netflix.discovery.DiscoveryClient    : Getting all instance registry info from the eureka server
2025-05-23 12:10:16.841  INFO 1 --- [main] com.netflix.discovery.DiscoveryClient    : The response status is 200
2025-05-23 12:10:16.924  INFO 1 --- [main] com.netflix.discovery.DiscoveryClient    : Starting heartbeat executor: renew interval is: 30
2025-05-23 12:10:16.939  INFO 1 --- [main] c.n.discovery.InstanceInfoReplicator     : InstanceInfoReplicator onDemand update allowed rate per min is 4
2025-05-23 12:10:16.977  INFO 1 --- [main] com.netflix.discovery.DiscoveryClient    : Discovery Client initialized at timestamp 1747977016975 with initial instances count: 2
2025-05-23 12:10:17.010  INFO 1 --- [main] o.s.c.n.e.s.EurekaServiceRegistry        : Registering application PAYMENTSERVICE with eureka with status UP
2025-05-23 12:10:17.033  INFO 1 --- [main] com.netflix.discovery.DiscoveryClient    : Saw local status change event StatusChangeEvent [timestamp=1747977017032, current=UP, previous=STARTING]
2025-05-23 12:10:17.069  INFO 1 --- [DiscoveryClient-InstanceInfoReplicator-%d] com.netflix.discovery.DiscoveryClient    : DiscoveryClient_PAYMENTSERVICE/30a1a5250797:PaymentService:9005: registering service...
2025-05-23 12:10:17.257  INFO 1 --- [main] o.s.b.w.embedded.tomcat.TomcatWebServer  : Tomcat started on port 9005 (http) with context path '/'
2025-05-23 12:10:17.270  INFO 1 --- [main] .s.c.n.e.s.EurekaAutoServiceRegistration : Updating port to 9005
2025-05-23 12:10:17.320  INFO 1 --- [DiscoveryClient-InstanceInfoReplicator-%d] com.netflix.discovery.DiscoveryClient    : DiscoveryClient_PAYMENTSERVICE/30a1a5250797:PaymentService:9005 - registration status: 204
2025-05-23 12:10:17.322  INFO 1 --- [main] o.s.a.r.c.CachingConnectionFactory       : Attempting to connect to: [rabbitmq:5672]
2025-05-23 12:10:17.859  WARN 1 --- [AsyncReporter{ZipkinRestTemplateSender{http://localhost:9411/api/v2/spans}}] z.r.i.AsyncReporter$BoundedAsyncReporter : Spans were dropped due to exceptions. All subsequent errors will be logged at FINE level.
2025-05-23 12:10:17.870  WARN 1 --- [AsyncReporter{ZipkinRestTemplateSender{http://localhost:9411/api/v2/spans}}] z.r.i.AsyncReporter$BoundedAsyncReporter : Dropped 2 spans due to ResourceAccessException(I/O error on POST request for "http://localhost:9411/api/v2/spans": Connect to http://localhost:9411 [localhost/127.0.0.1, localhost/0:0:0:0:0:0:0:1] failed: Connection refused)

org.springframework.web.client.ResourceAccessException: I/O error on POST request for "http://localhost:9411/api/v2/spans": Connect to http://localhost:9411 [localhost/127.0.0.1, localhost/0:0:0:0:0:0:0:1] failed: Connection refused
	at org.springframework.web.client.RestTemplate.createResourceAccessException(RestTemplate.java:925)
	at org.springframework.web.client.RestTemplate.doExecute(RestTemplate.java:905)
	at org.springframework.web.client.RestTemplate.execute(RestTemplate.java:840)
	at org.springframework.web.client.RestTemplate.exchange(RestTemplate.java:701)
	at org.springframework.boot.actuate.autoconfigure.tracing.zipkin.ZipkinRestTemplateSender.postSpans(ZipkinRestTemplateSender.java:50)
	at org.springframework.boot.actuate.autoconfigure.tracing.zipkin.HttpSender.postSpans(HttpSender.java:69)
	at org.springframework.boot.actuate.autoconfigure.tracing.zipkin.HttpSender.postSpans(HttpSender.java:41)
	at zipkin2.reporter.BaseHttpSender.send(BaseHttpSender.java:123)
	at zipkin2.reporter.internal.AsyncReporter$BoundedAsyncReporter.flush(AsyncReporter.java:266)
	at zipkin2.reporter.internal.AsyncReporter$Flusher.run(AsyncReporter.java:352)
	at java.base/java.lang.Thread.run(Thread.java:840)
Caused by: org.apache.hc.client5.http.HttpHostConnectException: Connect to http://localhost:9411 [localhost/127.0.0.1, localhost/0:0:0:0:0:0:0:1] failed: Connection refused
	at java.base/sun.nio.ch.Net.pollConnect(Native Method)
	at java.base/sun.nio.ch.Net.pollConnectNow(Net.java:672)
	at java.base/sun.nio.ch.NioSocketImpl.timedFinishConnect(NioSocketImpl.java:547)
	at java.base/sun.nio.ch.NioSocketImpl.connect(NioSocketImpl.java:602)
	at java.base/java.net.SocksSocketImpl.connect(SocksSocketImpl.java:327)
	at java.base/java.net.Socket.connect(Socket.java:633)
	at org.apache.hc.client5.http.impl.io.DefaultHttpClientConnectionOperator.connect(DefaultHttpClientConnectionOperator.java:216)
	at org.apache.hc.client5.http.impl.io.PoolingHttpClientConnectionManager.connect(PoolingHttpClientConnectionManager.java:490)
	at org.apache.hc.client5.http.impl.classic.InternalExecRuntime.connectEndpoint(InternalExecRuntime.java:164)
	at org.apache.hc.client5.http.impl.classic.InternalExecRuntime.connectEndpoint(InternalExecRuntime.java:174)
	at org.apache.hc.client5.http.impl.classic.ConnectExec.execute(ConnectExec.java:144)
	at org.apache.hc.client5.http.impl.classic.ExecChainElement.execute(ExecChainElement.java:51)
	at org.apache.hc.client5.http.impl.classic.ProtocolExec.execute(ProtocolExec.java:192)
	at org.apache.hc.client5.http.impl.classic.ExecChainElement.execute(ExecChainElement.java:51)
	at org.apache.hc.client5.http.impl.classic.ContentCompressionExec.execute(ContentCompressionExec.java:150)
	at org.apache.hc.client5.http.impl.classic.ExecChainElement.execute(ExecChainElement.java:51)
	at org.apache.hc.client5.http.impl.classic.HttpRequestRetryExec.execute(HttpRequestRetryExec.java:113)
	at org.apache.hc.client5.http.impl.classic.ExecChainElement.execute(ExecChainElement.java:51)
	at org.apache.hc.client5.http.impl.classic.RedirectExec.execute(RedirectExec.java:110)
	at org.apache.hc.client5.http.impl.classic.ExecChainElement.execute(ExecChainElement.java:51)
	at org.apache.hc.client5.http.impl.classic.InternalHttpClient.doExecute(InternalHttpClient.java:174)
	at org.apache.hc.client5.http.impl.classic.CloseableHttpClient.execute(CloseableHttpClient.java:87)
	at org.apache.hc.client5.http.impl.classic.CloseableHttpClient.execute(CloseableHttpClient.java:55)
	at org.apache.hc.client5.http.classic.HttpClient.executeOpen(HttpClient.java:183)
	at org.springframework.http.client.HttpComponentsClientHttpRequest.executeInternal(HttpComponentsClientHttpRequest.java:99)
	at org.springframework.http.client.AbstractStreamingClientHttpRequest.executeInternal(AbstractStreamingClientHttpRequest.java:71)
	at org.springframework.http.client.AbstractClientHttpRequest.execute(AbstractClientHttpRequest.java:81)
	at org.springframework.web.client.RestTemplate.doExecute(RestTemplate.java:899)
	... 9 common frames omitted

2025-05-23 12:10:17.908  INFO 1 --- [main] o.s.a.r.c.CachingConnectionFactory       : Created new connection: rabbitConnectionFactory#2633d09c:0/SimpleConnection@4d10f182 [delegate=amqp://guest@172.19.0.5:5672/, localPort=58552]
2025-05-23 12:10:18.244  INFO 1 --- [main] i.f.s.p.PaymentServiceApplication        : Started PaymentServiceApplication in 58.746 seconds (process running for 63.629)
2025-05-23 12:10:45.724  INFO 1 --- [http-nio-9005-exec-1] o.a.c.c.C.[Tomcat].[localhost].[/]       : Initializing Spring DispatcherServlet 'dispatcherServlet'
2025-05-23 12:10:45.732  INFO 1 --- [http-nio-9005-exec-1] o.s.web.servlet.DispatcherServlet        : Initializing Servlet 'dispatcherServlet'
2025-05-23 12:10:45.747  INFO 1 --- [http-nio-9005-exec-1] o.s.web.servlet.DispatcherServlet        : Completed initialization in 5 ms
2025-05-23 12:15:13.800  INFO 1 --- [AsyncResolver-bootstrap-executor-%d] c.n.d.s.r.aws.ConfigClusterResolver      : Resolving eureka endpoints via configuration
2025-05-23 12:20:13.809  INFO 1 --- [AsyncResolver-bootstrap-executor-%d] c.n.d.s.r.aws.ConfigClusterResolver      : Resolving eureka endpoints via configuration
2025-05-23 12:23:21.171  INFO 1 --- [SpringApplicationShutdownHook] o.s.c.n.e.s.EurekaServiceRegistry        : Unregistering application PAYMENTSERVICE with eureka with status DOWN
2025-05-23 12:23:21.229  INFO 1 --- [SpringApplicationShutdownHook] com.netflix.discovery.DiscoveryClient    : Saw local status change event StatusChangeEvent [timestamp=1747977801229, current=DOWN, previous=UP]
2025-05-23 12:23:21.238  INFO 1 --- [DiscoveryClient-InstanceInfoReplicator-%d] com.netflix.discovery.DiscoveryClient    : DiscoveryClient_PAYMENTSERVICE/30a1a5250797:PaymentService:9005: registering service...
2025-05-23 12:23:21.304  INFO 1 --- [DiscoveryClient-InstanceInfoReplicator-%d] com.netflix.discovery.DiscoveryClient    : DiscoveryClient_PAYMENTSERVICE/30a1a5250797:PaymentService:9005 - registration status: 204
2025-05-23 12:23:21.797  INFO 1 --- [org.springframework.amqp.rabbit.RabbitListenerEndpointContainer#0-2] o.s.a.r.l.SimpleMessageListenerContainer : Waiting for workers to finish.
2025-05-23 12:23:22.372  INFO 1 --- [org.springframework.amqp.rabbit.RabbitListenerEndpointContainer#0-2] o.s.a.r.l.SimpleMessageListenerContainer : Successfully waited for workers to finish.
2025-05-23 12:23:22.454  INFO 1 --- [SpringApplicationShutdownHook] o.s.b.w.e.tomcat.GracefulShutdown        : Commencing graceful shutdown. Waiting for active requests to complete
2025-05-23 12:23:22.547  INFO 1 --- [tomcat-shutdown] o.s.b.w.e.tomcat.GracefulShutdown        : Graceful shutdown complete
2025-05-23 12:23:23.530  INFO 1 --- [SpringApplicationShutdownHook] com.netflix.discovery.DiscoveryClient    : Shutting down DiscoveryClient ...
2025-05-23 12:23:26.538  INFO 1 --- [SpringApplicationShutdownHook] com.netflix.discovery.DiscoveryClient    : Unregistering ...
2025-05-23 12:23:26.880  INFO 1 --- [SpringApplicationShutdownHook] com.netflix.discovery.DiscoveryClient    : DiscoveryClient_PAYMENTSERVICE/30a1a5250797:PaymentService:9005 - deregister  status: 200
2025-05-23 12:23:26.889  INFO 1 --- [SpringApplicationShutdownHook] com.netflix.discovery.DiscoveryClient    : Completed shut down of DiscoveryClient
2025-05-23 15:47:50.002  INFO 1 --- [main] i.f.s.p.PaymentServiceApplication        : Starting PaymentServiceApplication v0.0.1-SNAPSHOT using Java 17.0.15 with PID 1 (/app/PaymentService.jar started by root in /app)
2025-05-23 15:47:50.040 DEBUG 1 --- [main] i.f.s.p.PaymentServiceApplication        : Running with Spring Boot v3.4.3, Spring v6.2.3
2025-05-23 15:47:50.072  INFO 1 --- [main] i.f.s.p.PaymentServiceApplication        : No active profile set, falling back to 1 default profile: "default"
2025-05-23 15:47:50.374  INFO 1 --- [main] o.s.c.c.c.ConfigServerConfigDataLoader   : Fetching config from server at : http://configserver:8888
2025-05-23 15:47:50.382  INFO 1 --- [main] o.s.c.c.c.ConfigServerConfigDataLoader   : Located environment: name=application, profiles=[default], label=null, version=1acc8d8659fd96ed52844c8881c260bdb5135241, state=
2025-05-23 15:47:50.386  INFO 1 --- [main] o.s.c.c.c.ConfigServerConfigDataLoader   : Fetching config from server at : http://configserver:8888
2025-05-23 15:47:50.392  INFO 1 --- [main] o.s.c.c.c.ConfigServerConfigDataLoader   : Located environment: name=PaymentService, profiles=[default], label=null, version=1acc8d8659fd96ed52844c8881c260bdb5135241, state=
2025-05-23 15:48:02.769  INFO 1 --- [main] o.s.cloud.context.scope.GenericScope     : BeanFactory id=572b4986-3af7-3872-8762-9e5a89e1e758
2025-05-23 15:48:07.265  INFO 1 --- [main] o.s.b.w.embedded.tomcat.TomcatWebServer  : Tomcat initialized with port 9005 (http)
2025-05-23 15:48:07.361  INFO 1 --- [main] o.apache.catalina.core.StandardService   : Starting service [Tomcat]
2025-05-23 15:48:07.384  INFO 1 --- [main] o.apache.catalina.core.StandardEngine    : Starting Servlet engine: [Apache Tomcat/10.1.36]
2025-05-23 15:48:07.935  INFO 1 --- [main] o.a.c.c.C.[Tomcat].[localhost].[/]       : Initializing Spring embedded WebApplicationContext
2025-05-23 15:48:07.949  INFO 1 --- [main] w.s.c.ServletWebServerApplicationContext : Root WebApplicationContext: initialization completed in 17538 ms
2025-05-23 15:48:18.450  INFO 1 --- [main] o.s.v.b.OptionalValidatorFactoryBean     : Failed to set up a Bean Validation provider: jakarta.validation.NoProviderFoundException: Unable to create a Configuration, because no Jakarta Bean Validation provider could be found. Add a provider like Hibernate Validator (RI) to your classpath.
2025-05-23 15:48:28.493  INFO 1 --- [main] DiscoveryClientOptionalArgsConfiguration : Eureka HTTP Client uses RestTemplate.
2025-05-23 15:48:28.818  WARN 1 --- [main] iguration$LoadBalancerCaffeineWarnLogger : Spring Cloud LoadBalancer is currently working with the default cache. While this cache implementation is useful for development and tests, it's recommended to use Caffeine cache in production.You can switch to using Caffeine cache, by adding it and org.springframework.cache.caffeine.CaffeineCacheManager to the classpath.
2025-05-23 15:48:28.910  INFO 1 --- [main] o.s.b.a.e.web.EndpointLinksResolver      : Exposing 2 endpoints beneath base path '/actuator'
2025-05-23 15:48:29.694  INFO 1 --- [main] o.s.c.n.eureka.InstanceInfoFactory       : Setting initial instance status as: STARTING
2025-05-23 15:48:29.959  INFO 1 --- [main] com.netflix.discovery.DiscoveryClient    : Initializing Eureka in region us-east-1
2025-05-23 15:48:30.043  INFO 1 --- [main] c.n.d.s.r.aws.ConfigClusterResolver      : Resolving eureka endpoints via configuration
2025-05-23 15:48:30.150  INFO 1 --- [main] com.netflix.discovery.DiscoveryClient    : Disable delta property : false
2025-05-23 15:48:30.160  INFO 1 --- [main] com.netflix.discovery.DiscoveryClient    : Single vip registry refresh property : null
2025-05-23 15:48:30.175  INFO 1 --- [main] com.netflix.discovery.DiscoveryClient    : Force full registry fetch : false
2025-05-23 15:48:30.178  INFO 1 --- [main] com.netflix.discovery.DiscoveryClient    : Application is null : false
2025-05-23 15:48:30.181  INFO 1 --- [main] com.netflix.discovery.DiscoveryClient    : Registered Applications size is zero : true
2025-05-23 15:48:30.215  INFO 1 --- [main] com.netflix.discovery.DiscoveryClient    : Application version is -1: true
2025-05-23 15:48:30.224  INFO 1 --- [main] com.netflix.discovery.DiscoveryClient    : Getting all instance registry info from the eureka server
2025-05-23 15:48:32.105  INFO 1 --- [main] com.netflix.discovery.DiscoveryClient    : The response status is 200
2025-05-23 15:48:32.153  INFO 1 --- [main] com.netflix.discovery.DiscoveryClient    : Starting heartbeat executor: renew interval is: 30
2025-05-23 15:48:32.209  INFO 1 --- [main] c.n.discovery.InstanceInfoReplicator     : InstanceInfoReplicator onDemand update allowed rate per min is 4
2025-05-23 15:48:32.287  INFO 1 --- [main] com.netflix.discovery.DiscoveryClient    : Discovery Client initialized at timestamp 1747990112286 with initial instances count: 2
2025-05-23 15:48:32.328  INFO 1 --- [main] o.s.c.n.e.s.EurekaServiceRegistry        : Registering application PAYMENTSERVICE with eureka with status UP
2025-05-23 15:48:32.361  INFO 1 --- [main] com.netflix.discovery.DiscoveryClient    : Saw local status change event StatusChangeEvent [timestamp=1747990112360, current=UP, previous=STARTING]
2025-05-23 15:48:32.386  INFO 1 --- [DiscoveryClient-InstanceInfoReplicator-%d] com.netflix.discovery.DiscoveryClient    : DiscoveryClient_PAYMENTSERVICE/30a1a5250797:PaymentService:9005: registering service...
2025-05-23 15:48:32.580  INFO 1 --- [main] o.s.b.w.embedded.tomcat.TomcatWebServer  : Tomcat started on port 9005 (http) with context path '/'
2025-05-23 15:48:32.618  INFO 1 --- [main] .s.c.n.e.s.EurekaAutoServiceRegistration : Updating port to 9005
2025-05-23 15:48:32.650  INFO 1 --- [main] o.s.a.r.c.CachingConnectionFactory       : Attempting to connect to: [rabbitmq:5672]
2025-05-23 15:48:32.861  INFO 1 --- [DiscoveryClient-InstanceInfoReplicator-%d] com.netflix.discovery.DiscoveryClient    : DiscoveryClient_PAYMENTSERVICE/30a1a5250797:PaymentService:9005 - registration status: 204
2025-05-23 15:48:33.214  WARN 1 --- [AsyncReporter{ZipkinRestTemplateSender{http://localhost:9411/api/v2/spans}}] z.r.i.AsyncReporter$BoundedAsyncReporter : Spans were dropped due to exceptions. All subsequent errors will be logged at FINE level.
2025-05-23 15:48:33.250  WARN 1 --- [AsyncReporter{ZipkinRestTemplateSender{http://localhost:9411/api/v2/spans}}] z.r.i.AsyncReporter$BoundedAsyncReporter : Dropped 2 spans due to ResourceAccessException(I/O error on POST request for "http://localhost:9411/api/v2/spans": Connect to http://localhost:9411 [localhost/127.0.0.1, localhost/0:0:0:0:0:0:0:1] failed: Connection refused)

org.springframework.web.client.ResourceAccessException: I/O error on POST request for "http://localhost:9411/api/v2/spans": Connect to http://localhost:9411 [localhost/127.0.0.1, localhost/0:0:0:0:0:0:0:1] failed: Connection refused
	at org.springframework.web.client.RestTemplate.createResourceAccessException(RestTemplate.java:925)
	at org.springframework.web.client.RestTemplate.doExecute(RestTemplate.java:905)
	at org.springframework.web.client.RestTemplate.execute(RestTemplate.java:840)
	at org.springframework.web.client.RestTemplate.exchange(RestTemplate.java:701)
	at org.springframework.boot.actuate.autoconfigure.tracing.zipkin.ZipkinRestTemplateSender.postSpans(ZipkinRestTemplateSender.java:50)
	at org.springframework.boot.actuate.autoconfigure.tracing.zipkin.HttpSender.postSpans(HttpSender.java:69)
	at org.springframework.boot.actuate.autoconfigure.tracing.zipkin.HttpSender.postSpans(HttpSender.java:41)
	at zipkin2.reporter.BaseHttpSender.send(BaseHttpSender.java:123)
	at zipkin2.reporter.internal.AsyncReporter$BoundedAsyncReporter.flush(AsyncReporter.java:266)
	at zipkin2.reporter.internal.AsyncReporter$Flusher.run(AsyncReporter.java:352)
	at java.base/java.lang.Thread.run(Thread.java:840)
Caused by: org.apache.hc.client5.http.HttpHostConnectException: Connect to http://localhost:9411 [localhost/127.0.0.1, localhost/0:0:0:0:0:0:0:1] failed: Connection refused
	at java.base/sun.nio.ch.Net.pollConnect(Native Method)
	at java.base/sun.nio.ch.Net.pollConnectNow(Net.java:672)
	at java.base/sun.nio.ch.NioSocketImpl.timedFinishConnect(NioSocketImpl.java:547)
	at java.base/sun.nio.ch.NioSocketImpl.connect(NioSocketImpl.java:602)
	at java.base/java.net.SocksSocketImpl.connect(SocksSocketImpl.java:327)
	at java.base/java.net.Socket.connect(Socket.java:633)
	at org.apache.hc.client5.http.impl.io.DefaultHttpClientConnectionOperator.connect(DefaultHttpClientConnectionOperator.java:216)
	at org.apache.hc.client5.http.impl.io.PoolingHttpClientConnectionManager.connect(PoolingHttpClientConnectionManager.java:490)
	at org.apache.hc.client5.http.impl.classic.InternalExecRuntime.connectEndpoint(InternalExecRuntime.java:164)
	at org.apache.hc.client5.http.impl.classic.InternalExecRuntime.connectEndpoint(InternalExecRuntime.java:174)
	at org.apache.hc.client5.http.impl.classic.ConnectExec.execute(ConnectExec.java:144)
	at org.apache.hc.client5.http.impl.classic.ExecChainElement.execute(ExecChainElement.java:51)
	at org.apache.hc.client5.http.impl.classic.ProtocolExec.execute(ProtocolExec.java:192)
	at org.apache.hc.client5.http.impl.classic.ExecChainElement.execute(ExecChainElement.java:51)
	at org.apache.hc.client5.http.impl.classic.ContentCompressionExec.execute(ContentCompressionExec.java:150)
	at org.apache.hc.client5.http.impl.classic.ExecChainElement.execute(ExecChainElement.java:51)
	at org.apache.hc.client5.http.impl.classic.HttpRequestRetryExec.execute(HttpRequestRetryExec.java:113)
	at org.apache.hc.client5.http.impl.classic.ExecChainElement.execute(ExecChainElement.java:51)
	at org.apache.hc.client5.http.impl.classic.RedirectExec.execute(RedirectExec.java:110)
	at org.apache.hc.client5.http.impl.classic.ExecChainElement.execute(ExecChainElement.java:51)
	at org.apache.hc.client5.http.impl.classic.InternalHttpClient.doExecute(InternalHttpClient.java:174)
	at org.apache.hc.client5.http.impl.classic.CloseableHttpClient.execute(CloseableHttpClient.java:87)
	at org.apache.hc.client5.http.impl.classic.CloseableHttpClient.execute(CloseableHttpClient.java:55)
	at org.apache.hc.client5.http.classic.HttpClient.executeOpen(HttpClient.java:183)
	at org.springframework.http.client.HttpComponentsClientHttpRequest.executeInternal(HttpComponentsClientHttpRequest.java:99)
	at org.springframework.http.client.AbstractStreamingClientHttpRequest.executeInternal(AbstractStreamingClientHttpRequest.java:71)
	at org.springframework.http.client.AbstractClientHttpRequest.execute(AbstractClientHttpRequest.java:81)
	at org.springframework.web.client.RestTemplate.doExecute(RestTemplate.java:899)
	... 9 common frames omitted

2025-05-23 15:48:33.325  INFO 1 --- [main] o.s.a.r.c.CachingConnectionFactory       : Created new connection: rabbitConnectionFactory#416b681c:0/SimpleConnection@31921151 [delegate=amqp://guest@172.19.0.4:5672/, localPort=59354]
2025-05-23 15:48:34.024  INFO 1 --- [main] i.f.s.p.PaymentServiceApplication        : Started PaymentServiceApplication in 61.571 seconds (process running for 66.52)
2025-05-23 15:48:58.310  INFO 1 --- [http-nio-9005-exec-2] o.a.c.c.C.[Tomcat].[localhost].[/]       : Initializing Spring DispatcherServlet 'dispatcherServlet'
2025-05-23 15:48:58.327  INFO 1 --- [http-nio-9005-exec-2] o.s.web.servlet.DispatcherServlet        : Initializing Servlet 'dispatcherServlet'
2025-05-23 15:48:58.346  INFO 1 --- [http-nio-9005-exec-2] o.s.web.servlet.DispatcherServlet        : Completed initialization in 15 ms
2025-05-23 15:53:30.223  INFO 1 --- [AsyncResolver-bootstrap-executor-%d] c.n.d.s.r.aws.ConfigClusterResolver      : Resolving eureka endpoints via configuration
2025-05-23 15:58:30.224  INFO 1 --- [AsyncResolver-bootstrap-executor-%d] c.n.d.s.r.aws.ConfigClusterResolver      : Resolving eureka endpoints via configuration
2025-05-23 16:03:30.206  INFO 1 --- [AsyncResolver-bootstrap-executor-%d] c.n.d.s.r.aws.ConfigClusterResolver      : Resolving eureka endpoints via configuration
2025-05-23 16:08:30.180  INFO 1 --- [AsyncResolver-bootstrap-executor-%d] c.n.d.s.r.aws.ConfigClusterResolver      : Resolving eureka endpoints via configuration
2025-05-23 16:10:54.119  INFO 1 --- [SpringApplicationShutdownHook] o.s.c.n.e.s.EurekaServiceRegistry        : Unregistering application PAYMENTSERVICE with eureka with status DOWN
2025-05-23 16:10:54.125  INFO 1 --- [SpringApplicationShutdownHook] com.netflix.discovery.DiscoveryClient    : Saw local status change event StatusChangeEvent [timestamp=1747991454124, current=DOWN, previous=UP]
2025-05-23 16:10:54.127  INFO 1 --- [DiscoveryClient-InstanceInfoReplicator-%d] com.netflix.discovery.DiscoveryClient    : DiscoveryClient_PAYMENTSERVICE/30a1a5250797:PaymentService:9005: registering service...
2025-05-23 16:10:54.175  INFO 1 --- [DiscoveryClient-InstanceInfoReplicator-%d] com.netflix.discovery.DiscoveryClient    : DiscoveryClient_PAYMENTSERVICE/30a1a5250797:PaymentService:9005 - registration status: 204
2025-05-23 16:10:54.273  INFO 1 --- [org.springframework.amqp.rabbit.RabbitListenerEndpointContainer#0-2] o.s.a.r.l.SimpleMessageListenerContainer : Waiting for workers to finish.
2025-05-23 16:10:55.019  INFO 1 --- [org.springframework.amqp.rabbit.RabbitListenerEndpointContainer#0-2] o.s.a.r.l.SimpleMessageListenerContainer : Successfully waited for workers to finish.
2025-05-23 16:10:55.036  INFO 1 --- [SpringApplicationShutdownHook] o.s.b.w.e.tomcat.GracefulShutdown        : Commencing graceful shutdown. Waiting for active requests to complete
2025-05-23 16:10:55.054  INFO 1 --- [tomcat-shutdown] o.s.b.w.e.tomcat.GracefulShutdown        : Graceful shutdown complete
2025-05-23 16:10:55.998  INFO 1 --- [SpringApplicationShutdownHook] com.netflix.discovery.DiscoveryClient    : Shutting down DiscoveryClient ...
2025-05-23 16:10:59.000  INFO 1 --- [SpringApplicationShutdownHook] com.netflix.discovery.DiscoveryClient    : Unregistering ...
2025-05-23 16:10:59.015  INFO 1 --- [SpringApplicationShutdownHook] com.netflix.discovery.DiscoveryClient    : DiscoveryClient_PAYMENTSERVICE/30a1a5250797:PaymentService:9005 - deregister  status: 200
2025-05-23 16:10:59.016  INFO 1 --- [SpringApplicationShutdownHook] com.netflix.discovery.DiscoveryClient    : Completed shut down of DiscoveryClient
2025-05-23 16:46:11.548  INFO 1 --- [main] i.f.s.p.PaymentServiceApplication        : Starting PaymentServiceApplication v0.0.1-SNAPSHOT using Java 17.0.15 with PID 1 (/app/PaymentService.jar started by root in /app)
2025-05-23 16:46:11.563 DEBUG 1 --- [main] i.f.s.p.PaymentServiceApplication        : Running with Spring Boot v3.4.3, Spring v6.2.3
2025-05-23 16:46:11.566  INFO 1 --- [main] i.f.s.p.PaymentServiceApplication        : No active profile set, falling back to 1 default profile: "default"
2025-05-23 16:46:11.628  INFO 1 --- [main] o.s.c.c.c.ConfigServerConfigDataLoader   : Fetching config from server at : http://configserver:8888
2025-05-23 16:46:11.630  INFO 1 --- [main] o.s.c.c.c.ConfigServerConfigDataLoader   : Located environment: name=application, profiles=[default], label=null, version=1acc8d8659fd96ed52844c8881c260bdb5135241, state=
2025-05-23 16:46:11.631  INFO 1 --- [main] o.s.c.c.c.ConfigServerConfigDataLoader   : Fetching config from server at : http://configserver:8888
2025-05-23 16:46:11.631  INFO 1 --- [main] o.s.c.c.c.ConfigServerConfigDataLoader   : Located environment: name=PaymentService, profiles=[default], label=null, version=1acc8d8659fd96ed52844c8881c260bdb5135241, state=
2025-05-23 16:46:22.445  INFO 1 --- [main] o.s.cloud.context.scope.GenericScope     : BeanFactory id=572b4986-3af7-3872-8762-9e5a89e1e758
2025-05-23 16:46:26.065  INFO 1 --- [main] o.s.b.w.embedded.tomcat.TomcatWebServer  : Tomcat initialized with port 9005 (http)
2025-05-23 16:46:26.131  INFO 1 --- [main] o.apache.catalina.core.StandardService   : Starting service [Tomcat]
2025-05-23 16:46:26.137  INFO 1 --- [main] o.apache.catalina.core.StandardEngine    : Starting Servlet engine: [Apache Tomcat/10.1.36]
2025-05-23 16:46:26.842  INFO 1 --- [main] o.a.c.c.C.[Tomcat].[localhost].[/]       : Initializing Spring embedded WebApplicationContext
2025-05-23 16:46:26.857  INFO 1 --- [main] w.s.c.ServletWebServerApplicationContext : Root WebApplicationContext: initialization completed in 15223 ms
2025-05-23 16:46:36.480  INFO 1 --- [main] o.s.v.b.OptionalValidatorFactoryBean     : Failed to set up a Bean Validation provider: jakarta.validation.NoProviderFoundException: Unable to create a Configuration, because no Jakarta Bean Validation provider could be found. Add a provider like Hibernate Validator (RI) to your classpath.
2025-05-23 16:46:48.896  INFO 1 --- [main] DiscoveryClientOptionalArgsConfiguration : Eureka HTTP Client uses RestTemplate.
2025-05-23 16:46:49.390  WARN 1 --- [main] iguration$LoadBalancerCaffeineWarnLogger : Spring Cloud LoadBalancer is currently working with the default cache. While this cache implementation is useful for development and tests, it's recommended to use Caffeine cache in production.You can switch to using Caffeine cache, by adding it and org.springframework.cache.caffeine.CaffeineCacheManager to the classpath.
2025-05-23 16:46:49.445  INFO 1 --- [main] o.s.b.a.e.web.EndpointLinksResolver      : Exposing 2 endpoints beneath base path '/actuator'
2025-05-23 16:46:50.561  INFO 1 --- [main] o.s.c.n.eureka.InstanceInfoFactory       : Setting initial instance status as: STARTING
2025-05-23 16:46:50.781  INFO 1 --- [main] com.netflix.discovery.DiscoveryClient    : Initializing Eureka in region us-east-1
2025-05-23 16:46:50.819  INFO 1 --- [main] c.n.d.s.r.aws.ConfigClusterResolver      : Resolving eureka endpoints via configuration
2025-05-23 16:46:50.893  INFO 1 --- [main] com.netflix.discovery.DiscoveryClient    : Disable delta property : false
2025-05-23 16:46:50.904  INFO 1 --- [main] com.netflix.discovery.DiscoveryClient    : Single vip registry refresh property : null
2025-05-23 16:46:50.907  INFO 1 --- [main] com.netflix.discovery.DiscoveryClient    : Force full registry fetch : false
2025-05-23 16:46:50.923  INFO 1 --- [main] com.netflix.discovery.DiscoveryClient    : Application is null : false
2025-05-23 16:46:50.932  INFO 1 --- [main] com.netflix.discovery.DiscoveryClient    : Registered Applications size is zero : true
2025-05-23 16:46:50.962  INFO 1 --- [main] com.netflix.discovery.DiscoveryClient    : Application version is -1: true
2025-05-23 16:46:50.982  INFO 1 --- [main] com.netflix.discovery.DiscoveryClient    : Getting all instance registry info from the eureka server
2025-05-23 16:46:52.302  INFO 1 --- [main] com.netflix.discovery.DiscoveryClient    : The response status is 200
2025-05-23 16:46:52.332  INFO 1 --- [main] com.netflix.discovery.DiscoveryClient    : Starting heartbeat executor: renew interval is: 30
2025-05-23 16:46:52.365  INFO 1 --- [main] c.n.discovery.InstanceInfoReplicator     : InstanceInfoReplicator onDemand update allowed rate per min is 4
2025-05-23 16:46:52.418  INFO 1 --- [main] com.netflix.discovery.DiscoveryClient    : Discovery Client initialized at timestamp 1747993612417 with initial instances count: 2
2025-05-23 16:46:52.439  INFO 1 --- [main] o.s.c.n.e.s.EurekaServiceRegistry        : Registering application PAYMENTSERVICE with eureka with status UP
2025-05-23 16:46:52.450  INFO 1 --- [main] com.netflix.discovery.DiscoveryClient    : Saw local status change event StatusChangeEvent [timestamp=1747993612450, current=UP, previous=STARTING]
2025-05-23 16:46:52.461  INFO 1 --- [DiscoveryClient-InstanceInfoReplicator-%d] com.netflix.discovery.DiscoveryClient    : DiscoveryClient_PAYMENTSERVICE/30a1a5250797:PaymentService:9005: registering service...
2025-05-23 16:46:52.639  INFO 1 --- [main] o.s.b.w.embedded.tomcat.TomcatWebServer  : Tomcat started on port 9005 (http) with context path '/'
2025-05-23 16:46:52.654  INFO 1 --- [main] .s.c.n.e.s.EurekaAutoServiceRegistration : Updating port to 9005
2025-05-23 16:46:52.694  INFO 1 --- [main] o.s.a.r.c.CachingConnectionFactory       : Attempting to connect to: [rabbitmq:5672]
2025-05-23 16:46:52.734  INFO 1 --- [DiscoveryClient-InstanceInfoReplicator-%d] com.netflix.discovery.DiscoveryClient    : DiscoveryClient_PAYMENTSERVICE/30a1a5250797:PaymentService:9005 - registration status: 204
2025-05-23 16:46:53.018  INFO 1 --- [main] o.s.a.r.c.CachingConnectionFactory       : Created new connection: rabbitConnectionFactory#6fcc0a1:0/SimpleConnection@147aceec [delegate=amqp://guest@172.19.0.4:5672/, localPort=37350]
2025-05-23 16:46:53.342  WARN 1 --- [AsyncReporter{ZipkinRestTemplateSender{http://localhost:9411/api/v2/spans}}] z.r.i.AsyncReporter$BoundedAsyncReporter : Spans were dropped due to exceptions. All subsequent errors will be logged at FINE level.
2025-05-23 16:46:53.345  WARN 1 --- [AsyncReporter{ZipkinRestTemplateSender{http://localhost:9411/api/v2/spans}}] z.r.i.AsyncReporter$BoundedAsyncReporter : Dropped 2 spans due to ResourceAccessException(I/O error on POST request for "http://localhost:9411/api/v2/spans": Connect to http://localhost:9411 [localhost/127.0.0.1, localhost/0:0:0:0:0:0:0:1] failed: Connection refused)

org.springframework.web.client.ResourceAccessException: I/O error on POST request for "http://localhost:9411/api/v2/spans": Connect to http://localhost:9411 [localhost/127.0.0.1, localhost/0:0:0:0:0:0:0:1] failed: Connection refused
	at org.springframework.web.client.RestTemplate.createResourceAccessException(RestTemplate.java:925)
	at org.springframework.web.client.RestTemplate.doExecute(RestTemplate.java:905)
	at org.springframework.web.client.RestTemplate.execute(RestTemplate.java:840)
	at org.springframework.web.client.RestTemplate.exchange(RestTemplate.java:701)
	at org.springframework.boot.actuate.autoconfigure.tracing.zipkin.ZipkinRestTemplateSender.postSpans(ZipkinRestTemplateSender.java:50)
	at org.springframework.boot.actuate.autoconfigure.tracing.zipkin.HttpSender.postSpans(HttpSender.java:69)
	at org.springframework.boot.actuate.autoconfigure.tracing.zipkin.HttpSender.postSpans(HttpSender.java:41)
	at zipkin2.reporter.BaseHttpSender.send(BaseHttpSender.java:123)
	at zipkin2.reporter.internal.AsyncReporter$BoundedAsyncReporter.flush(AsyncReporter.java:266)
	at zipkin2.reporter.internal.AsyncReporter$Flusher.run(AsyncReporter.java:352)
	at java.base/java.lang.Thread.run(Thread.java:840)
Caused by: org.apache.hc.client5.http.HttpHostConnectException: Connect to http://localhost:9411 [localhost/127.0.0.1, localhost/0:0:0:0:0:0:0:1] failed: Connection refused
	at java.base/sun.nio.ch.Net.pollConnect(Native Method)
	at java.base/sun.nio.ch.Net.pollConnectNow(Net.java:672)
	at java.base/sun.nio.ch.NioSocketImpl.timedFinishConnect(NioSocketImpl.java:547)
	at java.base/sun.nio.ch.NioSocketImpl.connect(NioSocketImpl.java:602)
	at java.base/java.net.SocksSocketImpl.connect(SocksSocketImpl.java:327)
	at java.base/java.net.Socket.connect(Socket.java:633)
	at org.apache.hc.client5.http.impl.io.DefaultHttpClientConnectionOperator.connect(DefaultHttpClientConnectionOperator.java:216)
	at org.apache.hc.client5.http.impl.io.PoolingHttpClientConnectionManager.connect(PoolingHttpClientConnectionManager.java:490)
	at org.apache.hc.client5.http.impl.classic.InternalExecRuntime.connectEndpoint(InternalExecRuntime.java:164)
	at org.apache.hc.client5.http.impl.classic.InternalExecRuntime.connectEndpoint(InternalExecRuntime.java:174)
	at org.apache.hc.client5.http.impl.classic.ConnectExec.execute(ConnectExec.java:144)
	at org.apache.hc.client5.http.impl.classic.ExecChainElement.execute(ExecChainElement.java:51)
	at org.apache.hc.client5.http.impl.classic.ProtocolExec.execute(ProtocolExec.java:192)
	at org.apache.hc.client5.http.impl.classic.ExecChainElement.execute(ExecChainElement.java:51)
	at org.apache.hc.client5.http.impl.classic.ContentCompressionExec.execute(ContentCompressionExec.java:150)
	at org.apache.hc.client5.http.impl.classic.ExecChainElement.execute(ExecChainElement.java:51)
	at org.apache.hc.client5.http.impl.classic.HttpRequestRetryExec.execute(HttpRequestRetryExec.java:113)
	at org.apache.hc.client5.http.impl.classic.ExecChainElement.execute(ExecChainElement.java:51)
	at org.apache.hc.client5.http.impl.classic.RedirectExec.execute(RedirectExec.java:110)
	at org.apache.hc.client5.http.impl.classic.ExecChainElement.execute(ExecChainElement.java:51)
	at org.apache.hc.client5.http.impl.classic.InternalHttpClient.doExecute(InternalHttpClient.java:174)
	at org.apache.hc.client5.http.impl.classic.CloseableHttpClient.execute(CloseableHttpClient.java:87)
	at org.apache.hc.client5.http.impl.classic.CloseableHttpClient.execute(CloseableHttpClient.java:55)
	at org.apache.hc.client5.http.classic.HttpClient.executeOpen(HttpClient.java:183)
	at org.springframework.http.client.HttpComponentsClientHttpRequest.executeInternal(HttpComponentsClientHttpRequest.java:99)
	at org.springframework.http.client.AbstractStreamingClientHttpRequest.executeInternal(AbstractStreamingClientHttpRequest.java:71)
	at org.springframework.http.client.AbstractClientHttpRequest.execute(AbstractClientHttpRequest.java:81)
	at org.springframework.web.client.RestTemplate.doExecute(RestTemplate.java:899)
	... 9 common frames omitted

2025-05-23 16:46:53.608  INFO 1 --- [main] i.f.s.p.PaymentServiceApplication        : Started PaymentServiceApplication in 50.128 seconds (process running for 54.085)
2025-05-23 16:47:00.264  INFO 1 --- [http-nio-9005-exec-1] o.a.c.c.C.[Tomcat].[localhost].[/]       : Initializing Spring DispatcherServlet 'dispatcherServlet'
2025-05-23 16:47:00.279  INFO 1 --- [http-nio-9005-exec-1] o.s.web.servlet.DispatcherServlet        : Initializing Servlet 'dispatcherServlet'
2025-05-23 16:47:00.290  INFO 1 --- [http-nio-9005-exec-1] o.s.web.servlet.DispatcherServlet        : Completed initialization in 4 ms
2025-05-23 16:51:50.984  INFO 1 --- [AsyncResolver-bootstrap-executor-%d] c.n.d.s.r.aws.ConfigClusterResolver      : Resolving eureka endpoints via configuration
2025-05-23 16:56:50.988  INFO 1 --- [AsyncResolver-bootstrap-executor-%d] c.n.d.s.r.aws.ConfigClusterResolver      : Resolving eureka endpoints via configuration
2025-05-23 17:01:50.973  INFO 1 --- [AsyncResolver-bootstrap-executor-%d] c.n.d.s.r.aws.ConfigClusterResolver      : Resolving eureka endpoints via configuration
2025-05-23 17:06:50.961  INFO 1 --- [AsyncResolver-bootstrap-executor-%d] c.n.d.s.r.aws.ConfigClusterResolver      : Resolving eureka endpoints via configuration
2025-05-23 17:12:33.563  INFO 1 --- [AsyncResolver-bootstrap-executor-%d] c.n.d.s.r.aws.ConfigClusterResolver      : Resolving eureka endpoints via configuration
2025-05-23 17:17:33.553  INFO 1 --- [AsyncResolver-bootstrap-executor-%d] c.n.d.s.r.aws.ConfigClusterResolver      : Resolving eureka endpoints via configuration
2025-05-23 17:22:33.540  INFO 1 --- [AsyncResolver-bootstrap-executor-%d] c.n.d.s.r.aws.ConfigClusterResolver      : Resolving eureka endpoints via configuration
2025-05-23 17:27:33.527  INFO 1 --- [AsyncResolver-bootstrap-executor-%d] c.n.d.s.r.aws.ConfigClusterResolver      : Resolving eureka endpoints via configuration
2025-05-23 17:32:33.520  INFO 1 --- [AsyncResolver-bootstrap-executor-%d] c.n.d.s.r.aws.ConfigClusterResolver      : Resolving eureka endpoints via configuration
2025-05-23 17:37:33.510  INFO 1 --- [AsyncResolver-bootstrap-executor-%d] c.n.d.s.r.aws.ConfigClusterResolver      : Resolving eureka endpoints via configuration
2025-05-23 17:42:33.497  INFO 1 --- [AsyncResolver-bootstrap-executor-%d] c.n.d.s.r.aws.ConfigClusterResolver      : Resolving eureka endpoints via configuration
2025-05-23 17:47:33.482  INFO 1 --- [AsyncResolver-bootstrap-executor-%d] c.n.d.s.r.aws.ConfigClusterResolver      : Resolving eureka endpoints via configuration
2025-05-23 17:52:33.469  INFO 1 --- [AsyncResolver-bootstrap-executor-%d] c.n.d.s.r.aws.ConfigClusterResolver      : Resolving eureka endpoints via configuration
2025-05-23 17:57:33.455  INFO 1 --- [AsyncResolver-bootstrap-executor-%d] c.n.d.s.r.aws.ConfigClusterResolver      : Resolving eureka endpoints via configuration
2025-05-23 18:02:33.439  INFO 1 --- [AsyncResolver-bootstrap-executor-%d] c.n.d.s.r.aws.ConfigClusterResolver      : Resolving eureka endpoints via configuration
2025-05-23 18:07:33.422  INFO 1 --- [AsyncResolver-bootstrap-executor-%d] c.n.d.s.r.aws.ConfigClusterResolver      : Resolving eureka endpoints via configuration
2025-05-23 18:12:33.406  INFO 1 --- [AsyncResolver-bootstrap-executor-%d] c.n.d.s.r.aws.ConfigClusterResolver      : Resolving eureka endpoints via configuration
2025-05-23 18:17:33.391  INFO 1 --- [AsyncResolver-bootstrap-executor-%d] c.n.d.s.r.aws.ConfigClusterResolver      : Resolving eureka endpoints via configuration
2025-05-23 18:22:34.251  INFO 1 --- [AsyncResolver-bootstrap-executor-%d] c.n.d.s.r.aws.ConfigClusterResolver      : Resolving eureka endpoints via configuration
